<?xml version="1.0" encoding="UTF-8"?>
<testsuite xmlns:xsi="http://www.w3.org/2001/XMLSchema-instance" xsi:noNamespaceSchemaLocation="https://maven.apache.org/surefire/maven-surefire-plugin/xsd/surefire-test-report-3.0.xsd" version="3.0" name="com.itranswarp.summer.io.ResourceResolverTest" time="0.069" tests="3" errors="0" skipped="0" failures="0">
  <properties>
[...]
</properties>
  <testcase name="scanClass" classname="com.itranswarp.summer.io.ResourceResolverTest" time="0.015">
    <system-out><![CDATA[13:29:35.867 [main] DEBUG com.gaoda.io.ResourceResolver -- scan path: com/itranswarp/scan
13:29:35.869 [main] DEBUG com.gaoda.io.ResourceResolver -- found resource: Resource[path=file:D:\Codes\Projects\summer\summer_framework\Summer_Framework\target\test-classes\com\itranswarp\scan\convert\ValueConverterBean.class, name=com\itranswarp\scan\convert\ValueConverterBean.class]
13:29:35.870 [main] DEBUG com.gaoda.io.ResourceResolver -- found resource: Resource[path=file:D:\Codes\Projects\summer\summer_framework\Summer_Framework\target\test-classes\com\itranswarp\scan\custom\annotation\CustomAnnotation.class, name=com\itranswarp\scan\custom\annotation\CustomAnnotation.class]
13:29:35.870 [main] DEBUG com.gaoda.io.ResourceResolver -- found resource: Resource[path=file:D:\Codes\Projects\summer\summer_framework\Summer_Framework\target\test-classes\com\itranswarp\scan\custom\annotation\CustomAnnotationBean.class, name=com\itranswarp\scan\custom\annotation\CustomAnnotationBean.class]
13:29:35.871 [main] DEBUG com.gaoda.io.ResourceResolver -- found resource: Resource[path=file:D:\Codes\Projects\summer\summer_framework\Summer_Framework\target\test-classes\com\itranswarp\scan\destroy\AnnotationDestroyBean.class, name=com\itranswarp\scan\destroy\AnnotationDestroyBean.class]
13:29:35.871 [main] DEBUG com.gaoda.io.ResourceResolver -- found resource: Resource[path=file:D:\Codes\Projects\summer\summer_framework\Summer_Framework\target\test-classes\com\itranswarp\scan\destroy\SpecifyDestroyBean.class, name=com\itranswarp\scan\destroy\SpecifyDestroyBean.class]
13:29:35.871 [main] DEBUG com.gaoda.io.ResourceResolver -- found resource: Resource[path=file:D:\Codes\Projects\summer\summer_framework\Summer_Framework\target\test-classes\com\itranswarp\scan\destroy\SpecifyDestroyConfiguration.class, name=com\itranswarp\scan\destroy\SpecifyDestroyConfiguration.class]
13:29:35.872 [main] DEBUG com.gaoda.io.ResourceResolver -- found resource: Resource[path=file:D:\Codes\Projects\summer\summer_framework\Summer_Framework\target\test-classes\com\itranswarp\scan\init\AnnotationInitBean.class, name=com\itranswarp\scan\init\AnnotationInitBean.class]
13:29:35.872 [main] DEBUG com.gaoda.io.ResourceResolver -- found resource: Resource[path=file:D:\Codes\Projects\summer\summer_framework\Summer_Framework\target\test-classes\com\itranswarp\scan\init\SpecifyInitBean.class, name=com\itranswarp\scan\init\SpecifyInitBean.class]
13:29:35.872 [main] DEBUG com.gaoda.io.ResourceResolver -- found resource: Resource[path=file:D:\Codes\Projects\summer\summer_framework\Summer_Framework\target\test-classes\com\itranswarp\scan\init\SpecifyInitConfiguration.class, name=com\itranswarp\scan\init\SpecifyInitConfiguration.class]
13:29:35.873 [main] DEBUG com.gaoda.io.ResourceResolver -- found resource: Resource[path=file:D:\Codes\Projects\summer\summer_framework\Summer_Framework\target\test-classes\com\itranswarp\scan\nested\OuterBean$NestedBean.class, name=com\itranswarp\scan\nested\OuterBean$NestedBean.class]
13:29:35.873 [main] DEBUG com.gaoda.io.ResourceResolver -- found resource: Resource[path=file:D:\Codes\Projects\summer\summer_framework\Summer_Framework\target\test-classes\com\itranswarp\scan\nested\OuterBean.class, name=com\itranswarp\scan\nested\OuterBean.class]
13:29:35.874 [main] DEBUG com.gaoda.io.ResourceResolver -- found resource: Resource[path=file:D:\Codes\Projects\summer\summer_framework\Summer_Framework\target\test-classes\com\itranswarp\scan\primary\DogBean.class, name=com\itranswarp\scan\primary\DogBean.class]
13:29:35.874 [main] DEBUG com.gaoda.io.ResourceResolver -- found resource: Resource[path=file:D:\Codes\Projects\summer\summer_framework\Summer_Framework\target\test-classes\com\itranswarp\scan\primary\PersonBean.class, name=com\itranswarp\scan\primary\PersonBean.class]
13:29:35.874 [main] DEBUG com.gaoda.io.ResourceResolver -- found resource: Resource[path=file:D:\Codes\Projects\summer\summer_framework\Summer_Framework\target\test-classes\com\itranswarp\scan\primary\PrimaryConfiguration.class, name=com\itranswarp\scan\primary\PrimaryConfiguration.class]
13:29:35.874 [main] DEBUG com.gaoda.io.ResourceResolver -- found resource: Resource[path=file:D:\Codes\Projects\summer\summer_framework\Summer_Framework\target\test-classes\com\itranswarp\scan\primary\StudentBean.class, name=com\itranswarp\scan\primary\StudentBean.class]
13:29:35.875 [main] DEBUG com.gaoda.io.ResourceResolver -- found resource: Resource[path=file:D:\Codes\Projects\summer\summer_framework\Summer_Framework\target\test-classes\com\itranswarp\scan\primary\TeacherBean.class, name=com\itranswarp\scan\primary\TeacherBean.class]
13:29:35.875 [main] DEBUG com.gaoda.io.ResourceResolver -- found resource: Resource[path=file:D:\Codes\Projects\summer\summer_framework\Summer_Framework\target\test-classes\com\itranswarp\scan\proxy\FirstProxyBean.class, name=com\itranswarp\scan\proxy\FirstProxyBean.class]
13:29:35.876 [main] DEBUG com.gaoda.io.ResourceResolver -- found resource: Resource[path=file:D:\Codes\Projects\summer\summer_framework\Summer_Framework\target\test-classes\com\itranswarp\scan\proxy\FirstProxyBeanPostProcessor.class, name=com\itranswarp\scan\proxy\FirstProxyBeanPostProcessor.class]
13:29:35.876 [main] DEBUG com.gaoda.io.ResourceResolver -- found resource: Resource[path=file:D:\Codes\Projects\summer\summer_framework\Summer_Framework\target\test-classes\com\itranswarp\scan\proxy\InjectProxyOnConstructorBean.class, name=com\itranswarp\scan\proxy\InjectProxyOnConstructorBean.class]
13:29:35.876 [main] DEBUG com.gaoda.io.ResourceResolver -- found resource: Resource[path=file:D:\Codes\Projects\summer\summer_framework\Summer_Framework\target\test-classes\com\itranswarp\scan\proxy\InjectProxyOnPropertyBean.class, name=com\itranswarp\scan\proxy\InjectProxyOnPropertyBean.class]
13:29:35.876 [main] DEBUG com.gaoda.io.ResourceResolver -- found resource: Resource[path=file:D:\Codes\Projects\summer\summer_framework\Summer_Framework\target\test-classes\com\itranswarp\scan\proxy\OriginBean.class, name=com\itranswarp\scan\proxy\OriginBean.class]
13:29:35.877 [main] DEBUG com.gaoda.io.ResourceResolver -- found resource: Resource[path=file:D:\Codes\Projects\summer\summer_framework\Summer_Framework\target\test-classes\com\itranswarp\scan\proxy\SecondProxyBean.class, name=com\itranswarp\scan\proxy\SecondProxyBean.class]
13:29:35.877 [main] DEBUG com.gaoda.io.ResourceResolver -- found resource: Resource[path=file:D:\Codes\Projects\summer\summer_framework\Summer_Framework\target\test-classes\com\itranswarp\scan\proxy\SecondProxyBeanPostProcessor.class, name=com\itranswarp\scan\proxy\SecondProxyBeanPostProcessor.class]
13:29:35.877 [main] DEBUG com.gaoda.io.ResourceResolver -- found resource: Resource[path=file:D:\Codes\Projects\summer\summer_framework\Summer_Framework\target\test-classes\com\itranswarp\scan\ScanApplication.class, name=com\itranswarp\scan\ScanApplication.class]
13:29:35.878 [main] DEBUG com.gaoda.io.ResourceResolver -- found resource: Resource[path=file:D:\Codes\Projects\summer\summer_framework\Summer_Framework\target\test-classes\com\itranswarp\scan\sub1\sub1.txt, name=com\itranswarp\scan\sub1\sub1.txt]
13:29:35.878 [main] DEBUG com.gaoda.io.ResourceResolver -- found resource: Resource[path=file:D:\Codes\Projects\summer\summer_framework\Summer_Framework\target\test-classes\com\itranswarp\scan\sub1\Sub1Bean.class, name=com\itranswarp\scan\sub1\Sub1Bean.class]
13:29:35.879 [main] DEBUG com.gaoda.io.ResourceResolver -- found resource: Resource[path=file:D:\Codes\Projects\summer\summer_framework\Summer_Framework\target\test-classes\com\itranswarp\scan\sub1\sub2\sub2.txt, name=com\itranswarp\scan\sub1\sub2\sub2.txt]
13:29:35.879 [main] DEBUG com.gaoda.io.ResourceResolver -- found resource: Resource[path=file:D:\Codes\Projects\summer\summer_framework\Summer_Framework\target\test-classes\com\itranswarp\scan\sub1\sub2\Sub2Bean.class, name=com\itranswarp\scan\sub1\sub2\Sub2Bean.class]
13:29:35.880 [main] DEBUG com.gaoda.io.ResourceResolver -- found resource: Resource[path=file:D:\Codes\Projects\summer\summer_framework\Summer_Framework\target\test-classes\com\itranswarp\scan\sub1\sub2\sub3\sub3.txt, name=com\itranswarp\scan\sub1\sub2\sub3\sub3.txt]
13:29:35.880 [main] DEBUG com.gaoda.io.ResourceResolver -- found resource: Resource[path=file:D:\Codes\Projects\summer\summer_framework\Summer_Framework\target\test-classes\com\itranswarp\scan\sub1\sub2\sub3\Sub3Bean.class, name=com\itranswarp\scan\sub1\sub2\sub3\Sub3Bean.class]
[com.itranswarp.scan.ScanApplication, com.itranswarp.scan.convert.ValueConverterBean, com.itranswarp.scan.custom.annotation.CustomAnnotation, com.itranswarp.scan.custom.annotation.CustomAnnotationBean, com.itranswarp.scan.destroy.AnnotationDestroyBean, com.itranswarp.scan.destroy.SpecifyDestroyBean, com.itranswarp.scan.destroy.SpecifyDestroyConfiguration, com.itranswarp.scan.init.AnnotationInitBean, com.itranswarp.scan.init.SpecifyInitBean, com.itranswarp.scan.init.SpecifyInitConfiguration, com.itranswarp.scan.nested.OuterBean, com.itranswarp.scan.nested.OuterBean$NestedBean, com.itranswarp.scan.primary.DogBean, com.itranswarp.scan.primary.PersonBean, com.itranswarp.scan.primary.PrimaryConfiguration, com.itranswarp.scan.primary.StudentBean, com.itranswarp.scan.primary.TeacherBean, com.itranswarp.scan.proxy.FirstProxyBean, com.itranswarp.scan.proxy.FirstProxyBeanPostProcessor, com.itranswarp.scan.proxy.InjectProxyOnConstructorBean, com.itranswarp.scan.proxy.InjectProxyOnPropertyBean, com.itranswarp.scan.proxy.OriginBean, com.itranswarp.scan.proxy.SecondProxyBean, com.itranswarp.scan.proxy.SecondProxyBeanPostProcessor, com.itranswarp.scan.sub1.Sub1Bean, com.itranswarp.scan.sub1.sub2.Sub2Bean, com.itranswarp.scan.sub1.sub2.sub3.Sub3Bean]
]]></system-out>
  </testcase>
  <testcase name="scanJar" classname="com.itranswarp.summer.io.ResourceResolverTest" time="0.037">
    <system-out><![CDATA[13:29:35.882 [main] DEBUG com.gaoda.io.ResourceResolver -- scan path: jakarta/annotation
13:29:35.885 [main] DEBUG com.gaoda.io.ResourceResolver -- found resource: Resource[path=file:D:\Codes\Projects\summer\summer_framework\Summer_Framework\target\test-classes\jakarta\annotation\sub\AnnoScan.class, name=jakarta\annotation\sub\AnnoScan.class]
13:29:35.914 [main] DEBUG com.gaoda.io.ResourceResolver -- found resource: Resource[path=jar:file:/D:/Code/Maven/maven_repository/jakarta/annotation/jakarta.annotation-api/2.1.1/jakarta.annotation-api-2.1.1.jar!, name=jakarta/annotation/Nullable.class]
13:29:35.914 [main] DEBUG com.gaoda.io.ResourceResolver -- found resource: Resource[path=jar:file:/D:/Code/Maven/maven_repository/jakarta/annotation/jakarta.annotation-api/2.1.1/jakarta.annotation-api-2.1.1.jar!, name=jakarta/annotation/ManagedBean.class]
13:29:35.914 [main] DEBUG com.gaoda.io.ResourceResolver -- found resource: Resource[path=jar:file:/D:/Code/Maven/maven_repository/jakarta/annotation/jakarta.annotation-api/2.1.1/jakarta.annotation-api-2.1.1.jar!, name=jakarta/annotation/Generated.class]
13:29:35.914 [main] DEBUG com.gaoda.io.ResourceResolver -- found resource: Resource[path=jar:file:/D:/Code/Maven/maven_repository/jakarta/annotation/jakarta.annotation-api/2.1.1/jakarta.annotation-api-2.1.1.jar!, name=jakarta/annotation/Priority.class]
13:29:35.915 [main] DEBUG com.gaoda.io.ResourceResolver -- found resource: Resource[path=jar:file:/D:/Code/Maven/maven_repository/jakarta/annotation/jakarta.annotation-api/2.1.1/jakarta.annotation-api-2.1.1.jar!, name=jakarta/annotation/PreDestroy.class]
13:29:35.915 [main] DEBUG com.gaoda.io.ResourceResolver -- found resource: Resource[path=jar:file:/D:/Code/Maven/maven_repository/jakarta/annotation/jakarta.annotation-api/2.1.1/jakarta.annotation-api-2.1.1.jar!, name=jakarta/annotation/PostConstruct.class]
13:29:35.915 [main] DEBUG com.gaoda.io.ResourceResolver -- found resource: Resource[path=jar:file:/D:/Code/Maven/maven_repository/jakarta/annotation/jakarta.annotation-api/2.1.1/jakarta.annotation-api-2.1.1.jar!, name=jakarta/annotation/Resources.class]
13:29:35.915 [main] DEBUG com.gaoda.io.ResourceResolver -- found resource: Resource[path=jar:file:/D:/Code/Maven/maven_repository/jakarta/annotation/jakarta.annotation-api/2.1.1/jakarta.annotation-api-2.1.1.jar!, name=jakarta/annotation/Resource.class]
13:29:35.915 [main] DEBUG com.gaoda.io.ResourceResolver -- found resource: Resource[path=jar:file:/D:/Code/Maven/maven_repository/jakarta/annotation/jakarta.annotation-api/2.1.1/jakarta.annotation-api-2.1.1.jar!, name=jakarta/annotation/Resource$AuthenticationType.class]
13:29:35.915 [main] DEBUG com.gaoda.io.ResourceResolver -- found resource: Resource[path=jar:file:/D:/Code/Maven/maven_repository/jakarta/annotation/jakarta.annotation-api/2.1.1/jakarta.annotation-api-2.1.1.jar!, name=jakarta/annotation/Nonnull.class]
13:29:35.915 [main] DEBUG com.gaoda.io.ResourceResolver -- found resource: Resource[path=jar:file:/D:/Code/Maven/maven_repository/jakarta/annotation/jakarta.annotation-api/2.1.1/jakarta.annotation-api-2.1.1.jar!, name=jakarta/annotation/sql/DataSourceDefinition.class]
13:29:35.915 [main] DEBUG com.gaoda.io.ResourceResolver -- found resource: Resource[path=jar:file:/D:/Code/Maven/maven_repository/jakarta/annotation/jakarta.annotation-api/2.1.1/jakarta.annotation-api-2.1.1.jar!, name=jakarta/annotation/sql/DataSourceDefinitions.class]
13:29:35.915 [main] DEBUG com.gaoda.io.ResourceResolver -- found resource: Resource[path=jar:file:/D:/Code/Maven/maven_repository/jakarta/annotation/jakarta.annotation-api/2.1.1/jakarta.annotation-api-2.1.1.jar!, name=jakarta/annotation/security/RunAs.class]
13:29:35.915 [main] DEBUG com.gaoda.io.ResourceResolver -- found resource: Resource[path=jar:file:/D:/Code/Maven/maven_repository/jakarta/annotation/jakarta.annotation-api/2.1.1/jakarta.annotation-api-2.1.1.jar!, name=jakarta/annotation/security/RolesAllowed.class]
13:29:35.915 [main] DEBUG com.gaoda.io.ResourceResolver -- found resource: Resource[path=jar:file:/D:/Code/Maven/maven_repository/jakarta/annotation/jakarta.annotation-api/2.1.1/jakarta.annotation-api-2.1.1.jar!, name=jakarta/annotation/security/DenyAll.class]
13:29:35.915 [main] DEBUG com.gaoda.io.ResourceResolver -- found resource: Resource[path=jar:file:/D:/Code/Maven/maven_repository/jakarta/annotation/jakarta.annotation-api/2.1.1/jakarta.annotation-api-2.1.1.jar!, name=jakarta/annotation/security/PermitAll.class]
13:29:35.915 [main] DEBUG com.gaoda.io.ResourceResolver -- found resource: Resource[path=jar:file:/D:/Code/Maven/maven_repository/jakarta/annotation/jakarta.annotation-api/2.1.1/jakarta.annotation-api-2.1.1.jar!, name=jakarta/annotation/security/DeclareRoles.class]
]]></system-out>
  </testcase>
  <testcase name="scanTxt" classname="com.itranswarp.summer.io.ResourceResolverTest" time="0.016">
    <system-out><![CDATA[13:29:35.919 [main] DEBUG com.gaoda.io.ResourceResolver -- scan path: com/itranswarp/scan
13:29:35.921 [main] DEBUG com.gaoda.io.ResourceResolver -- found resource: Resource[path=file:D:\Codes\Projects\summer\summer_framework\Summer_Framework\target\test-classes\com\itranswarp\scan\convert\ValueConverterBean.class, name=com\itranswarp\scan\convert\ValueConverterBean.class]
13:29:35.922 [main] DEBUG com.gaoda.io.ResourceResolver -- found resource: Resource[path=file:D:\Codes\Projects\summer\summer_framework\Summer_Framework\target\test-classes\com\itranswarp\scan\custom\annotation\CustomAnnotation.class, name=com\itranswarp\scan\custom\annotation\CustomAnnotation.class]
13:29:35.922 [main] DEBUG com.gaoda.io.ResourceResolver -- found resource: Resource[path=file:D:\Codes\Projects\summer\summer_framework\Summer_Framework\target\test-classes\com\itranswarp\scan\custom\annotation\CustomAnnotationBean.class, name=com\itranswarp\scan\custom\annotation\CustomAnnotationBean.class]
13:29:35.922 [main] DEBUG com.gaoda.io.ResourceResolver -- found resource: Resource[path=file:D:\Codes\Projects\summer\summer_framework\Summer_Framework\target\test-classes\com\itranswarp\scan\destroy\AnnotationDestroyBean.class, name=com\itranswarp\scan\destroy\AnnotationDestroyBean.class]
13:29:35.923 [main] DEBUG com.gaoda.io.ResourceResolver -- found resource: Resource[path=file:D:\Codes\Projects\summer\summer_framework\Summer_Framework\target\test-classes\com\itranswarp\scan\destroy\SpecifyDestroyBean.class, name=com\itranswarp\scan\destroy\SpecifyDestroyBean.class]
13:29:35.923 [main] DEBUG com.gaoda.io.ResourceResolver -- found resource: Resource[path=file:D:\Codes\Projects\summer\summer_framework\Summer_Framework\target\test-classes\com\itranswarp\scan\destroy\SpecifyDestroyConfiguration.class, name=com\itranswarp\scan\destroy\SpecifyDestroyConfiguration.class]
13:29:35.923 [main] DEBUG com.gaoda.io.ResourceResolver -- found resource: Resource[path=file:D:\Codes\Projects\summer\summer_framework\Summer_Framework\target\test-classes\com\itranswarp\scan\init\AnnotationInitBean.class, name=com\itranswarp\scan\init\AnnotationInitBean.class]
13:29:35.923 [main] DEBUG com.gaoda.io.ResourceResolver -- found resource: Resource[path=file:D:\Codes\Projects\summer\summer_framework\Summer_Framework\target\test-classes\com\itranswarp\scan\init\SpecifyInitBean.class, name=com\itranswarp\scan\init\SpecifyInitBean.class]
13:29:35.924 [main] DEBUG com.gaoda.io.ResourceResolver -- found resource: Resource[path=file:D:\Codes\Projects\summer\summer_framework\Summer_Framework\target\test-classes\com\itranswarp\scan\init\SpecifyInitConfiguration.class, name=com\itranswarp\scan\init\SpecifyInitConfiguration.class]
13:29:35.925 [main] DEBUG com.gaoda.io.ResourceResolver -- found resource: Resource[path=file:D:\Codes\Projects\summer\summer_framework\Summer_Framework\target\test-classes\com\itranswarp\scan\nested\OuterBean$NestedBean.class, name=com\itranswarp\scan\nested\OuterBean$NestedBean.class]
13:29:35.925 [main] DEBUG com.gaoda.io.ResourceResolver -- found resource: Resource[path=file:D:\Codes\Projects\summer\summer_framework\Summer_Framework\target\test-classes\com\itranswarp\scan\nested\OuterBean.class, name=com\itranswarp\scan\nested\OuterBean.class]
13:29:35.926 [main] DEBUG com.gaoda.io.ResourceResolver -- found resource: Resource[path=file:D:\Codes\Projects\summer\summer_framework\Summer_Framework\target\test-classes\com\itranswarp\scan\primary\DogBean.class, name=com\itranswarp\scan\primary\DogBean.class]
13:29:35.926 [main] DEBUG com.gaoda.io.ResourceResolver -- found resource: Resource[path=file:D:\Codes\Projects\summer\summer_framework\Summer_Framework\target\test-classes\com\itranswarp\scan\primary\PersonBean.class, name=com\itranswarp\scan\primary\PersonBean.class]
13:29:35.926 [main] DEBUG com.gaoda.io.ResourceResolver -- found resource: Resource[path=file:D:\Codes\Projects\summer\summer_framework\Summer_Framework\target\test-classes\com\itranswarp\scan\primary\PrimaryConfiguration.class, name=com\itranswarp\scan\primary\PrimaryConfiguration.class]
13:29:35.927 [main] DEBUG com.gaoda.io.ResourceResolver -- found resource: Resource[path=file:D:\Codes\Projects\summer\summer_framework\Summer_Framework\target\test-classes\com\itranswarp\scan\primary\StudentBean.class, name=com\itranswarp\scan\primary\StudentBean.class]
13:29:35.927 [main] DEBUG com.gaoda.io.ResourceResolver -- found resource: Resource[path=file:D:\Codes\Projects\summer\summer_framework\Summer_Framework\target\test-classes\com\itranswarp\scan\primary\TeacherBean.class, name=com\itranswarp\scan\primary\TeacherBean.class]
13:29:35.928 [main] DEBUG com.gaoda.io.ResourceResolver -- found resource: Resource[path=file:D:\Codes\Projects\summer\summer_framework\Summer_Framework\target\test-classes\com\itranswarp\scan\proxy\FirstProxyBean.class, name=com\itranswarp\scan\proxy\FirstProxyBean.class]
13:29:35.929 [main] DEBUG com.gaoda.io.ResourceResolver -- found resource: Resource[path=file:D:\Codes\Projects\summer\summer_framework\Summer_Framework\target\test-classes\com\itranswarp\scan\proxy\FirstProxyBeanPostProcessor.class, name=com\itranswarp\scan\proxy\FirstProxyBeanPostProcessor.class]
13:29:35.929 [main] DEBUG com.gaoda.io.ResourceResolver -- found resource: Resource[path=file:D:\Codes\Projects\summer\summer_framework\Summer_Framework\target\test-classes\com\itranswarp\scan\proxy\InjectProxyOnConstructorBean.class, name=com\itranswarp\scan\proxy\InjectProxyOnConstructorBean.class]
13:29:35.929 [main] DEBUG com.gaoda.io.ResourceResolver -- found resource: Resource[path=file:D:\Codes\Projects\summer\summer_framework\Summer_Framework\target\test-classes\com\itranswarp\scan\proxy\InjectProxyOnPropertyBean.class, name=com\itranswarp\scan\proxy\InjectProxyOnPropertyBean.class]
13:29:35.929 [main] DEBUG com.gaoda.io.ResourceResolver -- found resource: Resource[path=file:D:\Codes\Projects\summer\summer_framework\Summer_Framework\target\test-classes\com\itranswarp\scan\proxy\OriginBean.class, name=com\itranswarp\scan\proxy\OriginBean.class]
13:29:35.930 [main] DEBUG com.gaoda.io.ResourceResolver -- found resource: Resource[path=file:D:\Codes\Projects\summer\summer_framework\Summer_Framework\target\test-classes\com\itranswarp\scan\proxy\SecondProxyBean.class, name=com\itranswarp\scan\proxy\SecondProxyBean.class]
13:29:35.930 [main] DEBUG com.gaoda.io.ResourceResolver -- found resource: Resource[path=file:D:\Codes\Projects\summer\summer_framework\Summer_Framework\target\test-classes\com\itranswarp\scan\proxy\SecondProxyBeanPostProcessor.class, name=com\itranswarp\scan\proxy\SecondProxyBeanPostProcessor.class]
13:29:35.930 [main] DEBUG com.gaoda.io.ResourceResolver -- found resource: Resource[path=file:D:\Codes\Projects\summer\summer_framework\Summer_Framework\target\test-classes\com\itranswarp\scan\ScanApplication.class, name=com\itranswarp\scan\ScanApplication.class]
13:29:35.931 [main] DEBUG com.gaoda.io.ResourceResolver -- found resource: Resource[path=file:D:\Codes\Projects\summer\summer_framework\Summer_Framework\target\test-classes\com\itranswarp\scan\sub1\sub1.txt, name=com\itranswarp\scan\sub1\sub1.txt]
13:29:35.931 [main] DEBUG com.gaoda.io.ResourceResolver -- found resource: Resource[path=file:D:\Codes\Projects\summer\summer_framework\Summer_Framework\target\test-classes\com\itranswarp\scan\sub1\Sub1Bean.class, name=com\itranswarp\scan\sub1\Sub1Bean.class]
13:29:35.931 [main] DEBUG com.gaoda.io.ResourceResolver -- found resource: Resource[path=file:D:\Codes\Projects\summer\summer_framework\Summer_Framework\target\test-classes\com\itranswarp\scan\sub1\sub2\sub2.txt, name=com\itranswarp\scan\sub1\sub2\sub2.txt]
13:29:35.932 [main] DEBUG com.gaoda.io.ResourceResolver -- found resource: Resource[path=file:D:\Codes\Projects\summer\summer_framework\Summer_Framework\target\test-classes\com\itranswarp\scan\sub1\sub2\Sub2Bean.class, name=com\itranswarp\scan\sub1\sub2\Sub2Bean.class]
13:29:35.932 [main] DEBUG com.gaoda.io.ResourceResolver -- found resource: Resource[path=file:D:\Codes\Projects\summer\summer_framework\Summer_Framework\target\test-classes\com\itranswarp\scan\sub1\sub2\sub3\sub3.txt, name=com\itranswarp\scan\sub1\sub2\sub3\sub3.txt]
13:29:35.932 [main] DEBUG com.gaoda.io.ResourceResolver -- found resource: Resource[path=file:D:\Codes\Projects\summer\summer_framework\Summer_Framework\target\test-classes\com\itranswarp\scan\sub1\sub2\sub3\Sub3Bean.class, name=com\itranswarp\scan\sub1\sub2\sub3\Sub3Bean.class]
]]></system-out>
  </testcase>
</testsuite>