<?xml version="1.0" encoding="UTF-8"?>
<testsuite xmlns:xsi="http://www.w3.org/2001/XMLSchema-instance" xsi:noNamespaceSchemaLocation="https://maven.apache.org/surefire/maven-surefire-plugin/xsd/surefire-test-report-3.0.xsd" version="3.0" name="com.itranswarp.summer.jdbc.with.tx.JdbcWithTxTest" time="0.549" tests="1" errors="0" skipped="0" failures="0">
  <properties>
[...]
</properties>
  <testcase name="testJdbcWithTx" classname="com.itranswarp.summer.jdbc.with.tx.JdbcWithTxTest" time="0.548">
    <system-out><![CDATA[13:29:35.946 [main] DEBUG com.gaoda.io.PropertyResolver -- PropertyResolver: =:: = ::\
13:29:35.947 [main] DEBUG com.gaoda.io.PropertyResolver -- PropertyResolver: =D: = D:\Codes\Projects\summer\summer_framework\Summer_Framework
13:29:35.947 [main] DEBUG com.gaoda.io.PropertyResolver -- PropertyResolver: ALLUSERSPROFILE = C:\ProgramData
13:29:35.947 [main] DEBUG com.gaoda.io.PropertyResolver -- PropertyResolver: APPDATA = C:\Users\Gundam\AppData\Roaming
13:29:35.947 [main] DEBUG com.gaoda.io.PropertyResolver -- PropertyResolver: CLASSPATH = .;D:\Code\jdk-18\lib;D:\Code\jdk-18\lib\tools.jar
13:29:35.947 [main] DEBUG com.gaoda.io.PropertyResolver -- PropertyResolver: COMMONPROGRAMFILES = C:\Program Files\Common Files
13:29:35.947 [main] DEBUG com.gaoda.io.PropertyResolver -- PropertyResolver: COMMONPROGRAMFILES(X86) = C:\Program Files (x86)\Common Files
13:29:35.947 [main] DEBUG com.gaoda.io.PropertyResolver -- PropertyResolver: COMMONPROGRAMW6432 = C:\Program Files\Common Files
13:29:35.947 [main] DEBUG com.gaoda.io.PropertyResolver -- PropertyResolver: COMPUTERNAME = DESKTOP-HR12F04
13:29:35.947 [main] DEBUG com.gaoda.io.PropertyResolver -- PropertyResolver: COMSPEC = C:\Windows\system32\cmd.exe
13:29:35.947 [main] DEBUG com.gaoda.io.PropertyResolver -- PropertyResolver: DRIVERDATA = C:\Windows\System32\Drivers\DriverData
13:29:35.947 [main] DEBUG com.gaoda.io.PropertyResolver -- PropertyResolver: FPS_BROWSER_APP_PROFILE_STRING = Internet Explorer
13:29:35.947 [main] DEBUG com.gaoda.io.PropertyResolver -- PropertyResolver: FPS_BROWSER_USER_PROFILE_STRING = Default
13:29:35.947 [main] DEBUG com.gaoda.io.PropertyResolver -- PropertyResolver: HOMEDRIVE = C:
13:29:35.947 [main] DEBUG com.gaoda.io.PropertyResolver -- PropertyResolver: HOMEPATH = \Users\Gundam
13:29:35.947 [main] DEBUG com.gaoda.io.PropertyResolver -- PropertyResolver: IDEA_INITIAL_DIRECTORY = D:\Applications1\code\idea\IntelliJ IDEA 2022.2.1\bin
13:29:35.947 [main] DEBUG com.gaoda.io.PropertyResolver -- PropertyResolver: INTELLIJ IDEA = D:\Applications1\code\idea\IntelliJ IDEA 2022.2.1\bin;
13:29:35.947 [main] DEBUG com.gaoda.io.PropertyResolver -- PropertyResolver: JAVA18_HOME = D:\Code\jdk-18
13:29:35.947 [main] DEBUG com.gaoda.io.PropertyResolver -- PropertyResolver: JAVA8_HOME = D:\Code\jdk-8
13:29:35.947 [main] DEBUG com.gaoda.io.PropertyResolver -- PropertyResolver: JAVA_HOME = D:\Code\jdk-18
13:29:35.947 [main] DEBUG com.gaoda.io.PropertyResolver -- PropertyResolver: LOCALAPPDATA = C:\Users\Gundam\AppData\Local
13:29:35.947 [main] DEBUG com.gaoda.io.PropertyResolver -- PropertyResolver: LOGONSERVER = \\DESKTOP-HR12F04
13:29:35.947 [main] DEBUG com.gaoda.io.PropertyResolver -- PropertyResolver: MAVEN_HOME = D:\Code\Maven\apache-maven-3.8.6
13:29:35.947 [main] DEBUG com.gaoda.io.PropertyResolver -- PropertyResolver: NLS_LANG = SIMPLIFIED CHINESE_CHINA.ZHS16GBK
13:29:35.947 [main] DEBUG com.gaoda.io.PropertyResolver -- PropertyResolver: NUMBER_OF_PROCESSORS = 16
13:29:35.947 [main] DEBUG com.gaoda.io.PropertyResolver -- PropertyResolver: ONEDRIVE = C:\Users\Gundam\OneDrive
13:29:35.947 [main] DEBUG com.gaoda.io.PropertyResolver -- PropertyResolver: OPENSSL_IA32CAP = ~0x200000200000000
13:29:35.947 [main] DEBUG com.gaoda.io.PropertyResolver -- PropertyResolver: ORACLE_HOME = D:\Code\oracle\Ora10InstantClient
13:29:35.947 [main] DEBUG com.gaoda.io.PropertyResolver -- PropertyResolver: OS = Windows_NT
13:29:35.947 [main] DEBUG com.gaoda.io.PropertyResolver -- PropertyResolver: PATH = C:\Windows;D:\Code\jdk-18\bin;D:\Code\jdk-18\jre\bin;C:\Program Files\Common Files\Oracle\Java\javapath;C:\Windows\system32;C:\Windows\System32\Wbem;C:\Windows\System32\WindowsPowerShell\v1.0\;C:\Windows\System32\OpenSSH\;D:\Applications1\computer\Bandizip\;C:\Program Files\NVIDIA Corporation\NVIDIA NvDLISR;C:\Program Files (x86)\NVIDIA Corporation\PhysX\Common;D:\Code\jdk-18;D:\Code\oracle\Ora10InstantClient;D:\Applications1\code\MySQL\bin;D:\Code\Maven\apache-maven-3.8.6\bin;D:\Code\Node.js\;D:\Applications1\code\Git\cmd;D:\Applications1\code\微信web开发者工具\dll;C:\Program Files\TortoiseGit\bin;C:\Program Files\Asiainfo Security\AisEsmAgent\atom_plugins\base_plugin;C:\Users\Gundam\AppData\Local\Programs\Python\Python311\Scripts\;C:\Users\Gundam\AppData\Local\Programs\Python\Python311\;C:\Users\Gundam\AppData\Local\Microsoft\WindowsApps;D:\Applications1\code\idea\IntelliJ IDEA 2022.2.1\bin;;D:\Applications1\code\vscode\Microsoft VS Code\bin;C:\Users\Gundam\AppData\Roaming\npm;D:\Applications1\code\webstorm\WebStorm 2022.3.2\bin;;D:\Applications1\play\QQgame\Hall.57975\
13:29:35.947 [main] DEBUG com.gaoda.io.PropertyResolver -- PropertyResolver: PATHEXT = .COM;.EXE;.BAT;.CMD;.VBS;.VBE;.JS;.JSE;.WSF;.WSH;.MSC
13:29:35.947 [main] DEBUG com.gaoda.io.PropertyResolver -- PropertyResolver: PROCESSOR_ARCHITECTURE = AMD64
13:29:35.947 [main] DEBUG com.gaoda.io.PropertyResolver -- PropertyResolver: PROCESSOR_IDENTIFIER = AMD64 Family 23 Model 96 Stepping 1, AuthenticAMD
13:29:35.947 [main] DEBUG com.gaoda.io.PropertyResolver -- PropertyResolver: PROCESSOR_LEVEL = 23
13:29:35.947 [main] DEBUG com.gaoda.io.PropertyResolver -- PropertyResolver: PROCESSOR_REVISION = 6001
13:29:35.947 [main] DEBUG com.gaoda.io.PropertyResolver -- PropertyResolver: PROGRAMDATA = C:\ProgramData
13:29:35.947 [main] DEBUG com.gaoda.io.PropertyResolver -- PropertyResolver: PROGRAMFILES = C:\Program Files
13:29:35.947 [main] DEBUG com.gaoda.io.PropertyResolver -- PropertyResolver: PROGRAMFILES(X86) = C:\Program Files (x86)
13:29:35.947 [main] DEBUG com.gaoda.io.PropertyResolver -- PropertyResolver: PROGRAMW6432 = C:\Program Files
13:29:35.947 [main] DEBUG com.gaoda.io.PropertyResolver -- PropertyResolver: PROMPT = $P$G
13:29:35.947 [main] DEBUG com.gaoda.io.PropertyResolver -- PropertyResolver: PSMODULEPATH = C:\Program Files\WindowsPowerShell\Modules;C:\Windows\system32\WindowsPowerShell\v1.0\Modules
13:29:35.947 [main] DEBUG com.gaoda.io.PropertyResolver -- PropertyResolver: PUBLIC = C:\Users\Public
13:29:35.947 [main] DEBUG com.gaoda.io.PropertyResolver -- PropertyResolver: SESSIONNAME = Console
13:29:35.947 [main] DEBUG com.gaoda.io.PropertyResolver -- PropertyResolver: SYSTEMDRIVE = C:
13:29:35.947 [main] DEBUG com.gaoda.io.PropertyResolver -- PropertyResolver: SYSTEMROOT = C:\Windows
13:29:35.947 [main] DEBUG com.gaoda.io.PropertyResolver -- PropertyResolver: TEMP = C:\Users\Gundam\AppData\Local\Temp
13:29:35.947 [main] DEBUG com.gaoda.io.PropertyResolver -- PropertyResolver: TMP = C:\Users\Gundam\AppData\Local\Temp
13:29:35.947 [main] DEBUG com.gaoda.io.PropertyResolver -- PropertyResolver: TNS_ADMIN = D:\Code\oracle\Ora10InstantClient
13:29:35.947 [main] DEBUG com.gaoda.io.PropertyResolver -- PropertyResolver: USERDOMAIN = DESKTOP-HR12F04
13:29:35.947 [main] DEBUG com.gaoda.io.PropertyResolver -- PropertyResolver: USERDOMAIN_ROAMINGPROFILE = DESKTOP-HR12F04
13:29:35.947 [main] DEBUG com.gaoda.io.PropertyResolver -- PropertyResolver: USERNAME = Gundam
13:29:35.947 [main] DEBUG com.gaoda.io.PropertyResolver -- PropertyResolver: USERPROFILE = C:\Users\Gundam
13:29:35.947 [main] DEBUG com.gaoda.io.PropertyResolver -- PropertyResolver: WEBSTORM = D:\Applications1\code\webstorm\WebStorm 2022.3.2\bin;
13:29:35.947 [main] DEBUG com.gaoda.io.PropertyResolver -- PropertyResolver: WINDIR = C:\Windows
13:29:35.947 [main] DEBUG com.gaoda.io.PropertyResolver -- PropertyResolver: summer.datasource.driver-class-name = org.sqlite.JDBC
13:29:35.947 [main] DEBUG com.gaoda.io.PropertyResolver -- PropertyResolver: summer.datasource.password = 
13:29:35.947 [main] DEBUG com.gaoda.io.PropertyResolver -- PropertyResolver: summer.datasource.url = jdbc:sqlite:test.db
13:29:35.947 [main] DEBUG com.gaoda.io.PropertyResolver -- PropertyResolver: summer.datasource.username = sa
13:29:35.949 [main] INFO  c.g.c.AnnotationConfigApplicationContext -- component scan in packages: [com.itranswarp.summer.jdbc.with.tx]
13:29:35.949 [main] DEBUG c.g.c.AnnotationConfigApplicationContext -- scan package: com.itranswarp.summer.jdbc.with.tx
13:29:35.949 [main] DEBUG com.gaoda.io.ResourceResolver -- scan path: com/itranswarp/summer/jdbc/with/tx
13:29:35.950 [main] DEBUG com.gaoda.io.ResourceResolver -- found resource: Resource[path=file:D:\Codes\Projects\summer\summer_framework\Summer_Framework\target\test-classes\com\itranswarp\summer\jdbc\with\tx\Address.class, name=com\itranswarp\summer\jdbc\with\tx\Address.class]
13:29:35.950 [main] DEBUG com.gaoda.io.ResourceResolver -- found resource: Resource[path=file:D:\Codes\Projects\summer\summer_framework\Summer_Framework\target\test-classes\com\itranswarp\summer\jdbc\with\tx\AddressService.class, name=com\itranswarp\summer\jdbc\with\tx\AddressService.class]
13:29:35.950 [main] DEBUG com.gaoda.io.ResourceResolver -- found resource: Resource[path=file:D:\Codes\Projects\summer\summer_framework\Summer_Framework\target\test-classes\com\itranswarp\summer\jdbc\with\tx\JdbcWithTxApplication.class, name=com\itranswarp\summer\jdbc\with\tx\JdbcWithTxApplication.class]
13:29:35.951 [main] DEBUG com.gaoda.io.ResourceResolver -- found resource: Resource[path=file:D:\Codes\Projects\summer\summer_framework\Summer_Framework\target\test-classes\com\itranswarp\summer\jdbc\with\tx\JdbcWithTxTest.class, name=com\itranswarp\summer\jdbc\with\tx\JdbcWithTxTest.class]
13:29:35.951 [main] DEBUG com.gaoda.io.ResourceResolver -- found resource: Resource[path=file:D:\Codes\Projects\summer\summer_framework\Summer_Framework\target\test-classes\com\itranswarp\summer\jdbc\with\tx\User.class, name=com\itranswarp\summer\jdbc\with\tx\User.class]
13:29:35.951 [main] DEBUG com.gaoda.io.ResourceResolver -- found resource: Resource[path=file:D:\Codes\Projects\summer\summer_framework\Summer_Framework\target\test-classes\com\itranswarp\summer\jdbc\with\tx\UserService.class, name=com\itranswarp\summer\jdbc\with\tx\UserService.class]
13:29:35.951 [main] DEBUG c.g.c.AnnotationConfigApplicationContext -- class found by component scan: com.itranswarp.summer.jdbc.with.tx.Address
13:29:35.951 [main] DEBUG c.g.c.AnnotationConfigApplicationContext -- class found by component scan: com.itranswarp.summer.jdbc.with.tx.AddressService
13:29:35.951 [main] DEBUG c.g.c.AnnotationConfigApplicationContext -- class found by component scan: com.itranswarp.summer.jdbc.with.tx.JdbcWithTxApplication
13:29:35.951 [main] DEBUG c.g.c.AnnotationConfigApplicationContext -- class found by component scan: com.itranswarp.summer.jdbc.with.tx.JdbcWithTxTest
13:29:35.951 [main] DEBUG c.g.c.AnnotationConfigApplicationContext -- class found by component scan: com.itranswarp.summer.jdbc.with.tx.User
13:29:35.951 [main] DEBUG c.g.c.AnnotationConfigApplicationContext -- class found by component scan: com.itranswarp.summer.jdbc.with.tx.UserService
13:29:35.951 [main] DEBUG c.g.c.AnnotationConfigApplicationContext -- class found by import: com.gaoda.jdbc.JdbcConfiguration
13:29:35.951 [main] DEBUG c.g.c.AnnotationConfigApplicationContext -- found component: com.itranswarp.summer.jdbc.with.tx.JdbcWithTxApplication
13:29:35.951 [main] DEBUG c.g.c.AnnotationConfigApplicationContext -- define bean: BeanDefinition [name=jdbcWithTxApplication, beanClass=com.itranswarp.summer.jdbc.with.tx.JdbcWithTxApplication, factory=null, init-method=null, destroy-method=null, primary=false, instance=null]
13:29:35.953 [main] DEBUG c.g.c.AnnotationConfigApplicationContext -- found component: com.gaoda.jdbc.JdbcConfiguration
13:29:35.955 [main] DEBUG c.g.c.AnnotationConfigApplicationContext -- define bean: BeanDefinition [name=jdbcConfiguration, beanClass=com.gaoda.jdbc.JdbcConfiguration, factory=null, init-method=null, destroy-method=null, primary=false, instance=null]
13:29:35.955 [main] DEBUG c.g.c.AnnotationConfigApplicationContext -- define bean: BeanDefinition [name=jdbcTemplate, beanClass=com.gaoda.jdbc.JdbcTemplate, factory=JdbcConfiguration.jdbcTemplate(DataSource), init-method=null, destroy-method=null, primary=false, instance=null]
13:29:35.955 [main] DEBUG c.g.c.AnnotationConfigApplicationContext -- define bean: BeanDefinition [name=dataSource, beanClass=javax.sql.DataSource, factory=JdbcConfiguration.dataSource(String, String, String, String, int, int, int), init-method=null, destroy-method=null, primary=false, instance=null]
13:29:35.955 [main] DEBUG c.g.c.AnnotationConfigApplicationContext -- define bean: BeanDefinition [name=transactionalBeanPostProcessor, beanClass=com.gaoda.jdbc.tx.TransactionalBeanPostProcessor, factory=JdbcConfiguration.transactionalBeanPostProcessor(), init-method=null, destroy-method=null, primary=false, instance=null]
13:29:35.955 [main] DEBUG c.g.c.AnnotationConfigApplicationContext -- define bean: BeanDefinition [name=platformTransactionManager, beanClass=com.gaoda.jdbc.tx.PlatformTransactionManager, factory=JdbcConfiguration.platformTransactionManager(DataSource), init-method=null, destroy-method=null, primary=false, instance=null]
13:29:35.958 [main] DEBUG c.g.c.AnnotationConfigApplicationContext -- found component: com.itranswarp.summer.jdbc.with.tx.UserService
13:29:35.958 [main] DEBUG c.g.c.AnnotationConfigApplicationContext -- define bean: BeanDefinition [name=userService, beanClass=com.itranswarp.summer.jdbc.with.tx.UserService, factory=null, init-method=null, destroy-method=null, primary=false, instance=null]
13:29:35.958 [main] DEBUG c.g.c.AnnotationConfigApplicationContext -- found component: com.itranswarp.summer.jdbc.with.tx.AddressService
13:29:35.958 [main] DEBUG c.g.c.AnnotationConfigApplicationContext -- define bean: BeanDefinition [name=addressService, beanClass=com.itranswarp.summer.jdbc.with.tx.AddressService, factory=null, init-method=null, destroy-method=null, primary=false, instance=null]
13:29:35.958 [main] DEBUG c.g.c.AnnotationConfigApplicationContext -- Try create bean 'jdbcConfiguration' as early singleton: com.gaoda.jdbc.JdbcConfiguration
13:29:35.958 [main] DEBUG c.g.c.AnnotationConfigApplicationContext -- Try create bean 'jdbcWithTxApplication' as early singleton: com.itranswarp.summer.jdbc.with.tx.JdbcWithTxApplication
13:29:35.958 [main] DEBUG c.g.c.AnnotationConfigApplicationContext -- Try create bean 'transactionalBeanPostProcessor' as early singleton: com.gaoda.jdbc.tx.TransactionalBeanPostProcessor
13:29:35.959 [main] DEBUG c.g.c.AnnotationConfigApplicationContext -- Try create bean 'addressService' as early singleton: com.itranswarp.summer.jdbc.with.tx.AddressService
13:29:35.959 [main] DEBUG c.g.c.AnnotationConfigApplicationContext -- Try create bean 'platformTransactionManager' as early singleton: com.gaoda.jdbc.tx.PlatformTransactionManager
13:29:35.959 [main] DEBUG c.g.c.AnnotationConfigApplicationContext -- Try create bean 'dataSource' as early singleton: javax.sql.DataSource
13:29:35.969 [main] DEBUG com.zaxxer.hikari.HikariConfig -- Driver class org.sqlite.JDBC found in Thread context class loader jdk.internal.loader.ClassLoaders$AppClassLoader@7852e922
13:29:35.982 [main] DEBUG com.zaxxer.hikari.HikariConfig -- HikariPool-1 - configuration:
13:29:35.986 [main] DEBUG com.zaxxer.hikari.HikariConfig -- allowPoolSuspension.............false
13:29:35.986 [main] DEBUG com.zaxxer.hikari.HikariConfig -- autoCommit......................false
13:29:35.986 [main] DEBUG com.zaxxer.hikari.HikariConfig -- catalog.........................none
13:29:35.986 [main] DEBUG com.zaxxer.hikari.HikariConfig -- connectionInitSql...............none
13:29:35.986 [main] DEBUG com.zaxxer.hikari.HikariConfig -- connectionTestQuery.............none
13:29:35.987 [main] DEBUG com.zaxxer.hikari.HikariConfig -- connectionTimeout...............30000
13:29:35.987 [main] DEBUG com.zaxxer.hikari.HikariConfig -- dataSource......................none
13:29:35.987 [main] DEBUG com.zaxxer.hikari.HikariConfig -- dataSourceClassName.............none
13:29:35.987 [main] DEBUG com.zaxxer.hikari.HikariConfig -- dataSourceJNDI..................none
13:29:35.988 [main] DEBUG com.zaxxer.hikari.HikariConfig -- dataSourceProperties............{password=<masked>}
13:29:35.988 [main] DEBUG com.zaxxer.hikari.HikariConfig -- driverClassName................."org.sqlite.JDBC"
13:29:35.988 [main] DEBUG com.zaxxer.hikari.HikariConfig -- exceptionOverrideClassName......none
13:29:35.989 [main] DEBUG com.zaxxer.hikari.HikariConfig -- healthCheckProperties...........{}
13:29:35.989 [main] DEBUG com.zaxxer.hikari.HikariConfig -- healthCheckRegistry.............none
13:29:35.989 [main] DEBUG com.zaxxer.hikari.HikariConfig -- idleTimeout.....................600000
13:29:35.989 [main] DEBUG com.zaxxer.hikari.HikariConfig -- initializationFailTimeout.......1
13:29:35.989 [main] DEBUG com.zaxxer.hikari.HikariConfig -- isolateInternalQueries..........false
13:29:35.989 [main] DEBUG com.zaxxer.hikari.HikariConfig -- jdbcUrl.........................jdbc:sqlite:test.db
13:29:35.989 [main] DEBUG com.zaxxer.hikari.HikariConfig -- keepaliveTime...................0
13:29:35.989 [main] DEBUG com.zaxxer.hikari.HikariConfig -- leakDetectionThreshold..........0
13:29:35.989 [main] DEBUG com.zaxxer.hikari.HikariConfig -- maxLifetime.....................1800000
13:29:35.989 [main] DEBUG com.zaxxer.hikari.HikariConfig -- maximumPoolSize.................20
13:29:35.990 [main] DEBUG com.zaxxer.hikari.HikariConfig -- metricRegistry..................none
13:29:35.990 [main] DEBUG com.zaxxer.hikari.HikariConfig -- metricsTrackerFactory...........none
13:29:35.990 [main] DEBUG com.zaxxer.hikari.HikariConfig -- minimumIdle.....................1
13:29:35.990 [main] DEBUG com.zaxxer.hikari.HikariConfig -- password........................<masked>
13:29:35.990 [main] DEBUG com.zaxxer.hikari.HikariConfig -- poolName........................"HikariPool-1"
13:29:35.990 [main] DEBUG com.zaxxer.hikari.HikariConfig -- readOnly........................false
13:29:35.990 [main] DEBUG com.zaxxer.hikari.HikariConfig -- registerMbeans..................false
13:29:35.990 [main] DEBUG com.zaxxer.hikari.HikariConfig -- scheduledExecutor...............none
13:29:35.990 [main] DEBUG com.zaxxer.hikari.HikariConfig -- schema..........................none
13:29:35.990 [main] DEBUG com.zaxxer.hikari.HikariConfig -- threadFactory...................internal
13:29:35.990 [main] DEBUG com.zaxxer.hikari.HikariConfig -- transactionIsolation............default
13:29:35.990 [main] DEBUG com.zaxxer.hikari.HikariConfig -- username........................"sa"
13:29:35.990 [main] DEBUG com.zaxxer.hikari.HikariConfig -- validationTimeout...............5000
13:29:35.996 [main] INFO  com.zaxxer.hikari.HikariDataSource -- HikariPool-1 - Starting...
13:29:36.263 [main] INFO  com.zaxxer.hikari.pool.HikariPool -- HikariPool-1 - Added connection org.sqlite.jdbc4.JDBC4Connection@5d10455d
13:29:36.266 [main] INFO  com.zaxxer.hikari.HikariDataSource -- HikariPool-1 - Start completed.
13:29:36.271 [main] DEBUG com.gaoda.aop.ProxyResolver -- create proxy for bean com.itranswarp.summer.jdbc.with.tx.AddressService @31be6b49
13:29:36.284 [main] DEBUG c.g.c.AnnotationConfigApplicationContext -- Bean 'addressService' was replaced by post processor com.gaoda.jdbc.tx.TransactionalBeanPostProcessor.
13:29:36.284 [main] DEBUG c.g.c.AnnotationConfigApplicationContext -- Try create bean 'jdbcTemplate' as early singleton: com.gaoda.jdbc.JdbcTemplate
13:29:36.285 [main] DEBUG c.g.c.AnnotationConfigApplicationContext -- Try create bean 'userService' as early singleton: com.itranswarp.summer.jdbc.with.tx.UserService
13:29:36.286 [main] DEBUG com.gaoda.aop.ProxyResolver -- create proxy for bean com.itranswarp.summer.jdbc.with.tx.UserService @253c1256
13:29:36.290 [main] DEBUG c.g.c.AnnotationConfigApplicationContext -- Bean 'userService' was replaced by post processor com.gaoda.jdbc.tx.TransactionalBeanPostProcessor.
13:29:36.295 [main] DEBUG c.g.c.AnnotationConfigApplicationContext -- BeanPostProcessor TransactionalBeanPostProcessor specified injection from AddressService$ByteBuddy$Bqxcz2uH to AddressService.
13:29:36.296 [main] DEBUG c.g.c.AnnotationConfigApplicationContext -- Field injection: com.itranswarp.summer.jdbc.with.tx.AddressService.userService = com.itranswarp.summer.jdbc.with.tx.UserService@253c1256
13:29:36.308 [main] DEBUG c.g.c.AnnotationConfigApplicationContext -- Field injection: com.itranswarp.summer.jdbc.with.tx.AddressService.jdbcTemplate = com.gaoda.jdbc.JdbcTemplate@377c68c6
13:29:36.308 [main] DEBUG c.g.c.AnnotationConfigApplicationContext -- BeanPostProcessor TransactionalBeanPostProcessor specified injection from UserService$ByteBuddy$hzMGjfM6 to UserService.
13:29:36.308 [main] DEBUG c.g.c.AnnotationConfigApplicationContext -- Field injection: com.itranswarp.summer.jdbc.with.tx.UserService.addressService = com.itranswarp.summer.jdbc.with.tx.AddressService@31be6b49
13:29:36.308 [main] DEBUG c.g.c.AnnotationConfigApplicationContext -- Field injection: com.itranswarp.summer.jdbc.with.tx.UserService.jdbcTemplate = com.gaoda.jdbc.JdbcTemplate@377c68c6
13:29:36.308 [main] DEBUG c.g.c.AnnotationConfigApplicationContext -- BeanPostProcessor TransactionalBeanPostProcessor specified injection from AddressService$ByteBuddy$Bqxcz2uH to AddressService.
13:29:36.308 [main] DEBUG c.g.c.AnnotationConfigApplicationContext -- BeanPostProcessor TransactionalBeanPostProcessor specified injection from UserService$ByteBuddy$hzMGjfM6 to UserService.
13:29:36.308 [main] DEBUG c.g.c.AnnotationConfigApplicationContext -- bean initialized: BeanDefinition [name=addressService, beanClass=com.itranswarp.summer.jdbc.with.tx.AddressService, factory=null, init-method=null, destroy-method=null, primary=false, instance=com.itranswarp.summer.jdbc.with.tx.AddressService@31be6b49]
13:29:36.309 [main] DEBUG c.g.c.AnnotationConfigApplicationContext -- bean initialized: BeanDefinition [name=dataSource, beanClass=javax.sql.DataSource, factory=JdbcConfiguration.dataSource(String, String, String, String, int, int, int), init-method=null, destroy-method=null, primary=false, instance=HikariDataSource (HikariPool-1)]
13:29:36.309 [main] DEBUG c.g.c.AnnotationConfigApplicationContext -- bean initialized: BeanDefinition [name=jdbcConfiguration, beanClass=com.gaoda.jdbc.JdbcConfiguration, factory=null, init-method=null, destroy-method=null, primary=false, instance=com.gaoda.jdbc.JdbcConfiguration@538cd0f2]
13:29:36.309 [main] DEBUG c.g.c.AnnotationConfigApplicationContext -- bean initialized: BeanDefinition [name=jdbcTemplate, beanClass=com.gaoda.jdbc.JdbcTemplate, factory=JdbcConfiguration.jdbcTemplate(DataSource), init-method=null, destroy-method=null, primary=false, instance=com.gaoda.jdbc.JdbcTemplate@377c68c6]
13:29:36.309 [main] DEBUG c.g.c.AnnotationConfigApplicationContext -- bean initialized: BeanDefinition [name=jdbcWithTxApplication, beanClass=com.itranswarp.summer.jdbc.with.tx.JdbcWithTxApplication, factory=null, init-method=null, destroy-method=null, primary=false, instance=com.itranswarp.summer.jdbc.with.tx.JdbcWithTxApplication@238ad8c]
13:29:36.309 [main] DEBUG c.g.c.AnnotationConfigApplicationContext -- bean initialized: BeanDefinition [name=platformTransactionManager, beanClass=com.gaoda.jdbc.tx.PlatformTransactionManager, factory=JdbcConfiguration.platformTransactionManager(DataSource), init-method=null, destroy-method=null, primary=false, instance=com.gaoda.jdbc.tx.DataSourceTransactionManager@430fa4ef]
13:29:36.309 [main] DEBUG c.g.c.AnnotationConfigApplicationContext -- bean initialized: BeanDefinition [name=transactionalBeanPostProcessor, beanClass=com.gaoda.jdbc.tx.TransactionalBeanPostProcessor, factory=JdbcConfiguration.transactionalBeanPostProcessor(), init-method=null, destroy-method=null, primary=false, instance=com.gaoda.jdbc.tx.TransactionalBeanPostProcessor@1761de10]
13:29:36.309 [main] DEBUG c.g.c.AnnotationConfigApplicationContext -- bean initialized: BeanDefinition [name=userService, beanClass=com.itranswarp.summer.jdbc.with.tx.UserService, factory=null, init-method=null, destroy-method=null, primary=false, instance=com.itranswarp.summer.jdbc.with.tx.UserService@253c1256]
13:29:36.367 [HikariPool-1 housekeeper] DEBUG com.zaxxer.hikari.pool.HikariPool -- HikariPool-1 - Before cleanup stats (total=1, active=1, idle=0, waiting=0)
13:29:36.368 [HikariPool-1 housekeeper] DEBUG com.zaxxer.hikari.pool.HikariPool -- HikariPool-1 - After cleanup  stats (total=1, active=1, idle=0, waiting=0)
13:29:36.374 [HikariPool-1 connection adder] DEBUG com.zaxxer.hikari.pool.HikariPool -- HikariPool-1 - Added connection org.sqlite.jdbc4.JDBC4Connection@1ff824d5
13:29:36.399 [HikariPool-1 connection adder] DEBUG com.zaxxer.hikari.pool.HikariPool -- HikariPool-1 - After adding stats (total=2, active=1, idle=1, waiting=0)
13:29:36.404 [main] DEBUG com.gaoda.jdbc.BeanRowMapper -- Add row mapping: id to field id
13:29:36.404 [main] DEBUG com.gaoda.jdbc.BeanRowMapper -- Add row mapping: name to field name
13:29:36.404 [main] DEBUG com.gaoda.jdbc.BeanRowMapper -- Add row mapping: theAge to field theAge
13:29:36.405 [main] DEBUG com.gaoda.jdbc.BeanRowMapper -- Add row mapping: age to setAge(Integer)
13:29:36.409 [main] DEBUG com.gaoda.jdbc.BeanRowMapper -- Add row mapping: id to field id
13:29:36.409 [main] DEBUG com.gaoda.jdbc.BeanRowMapper -- Add row mapping: name to field name
13:29:36.409 [main] DEBUG com.gaoda.jdbc.BeanRowMapper -- Add row mapping: theAge to field theAge
13:29:36.409 [main] DEBUG com.gaoda.jdbc.BeanRowMapper -- Add row mapping: age to setAge(Integer)
13:29:36.409 [main] DEBUG com.gaoda.jdbc.BeanRowMapper -- Add row mapping: id to field id
13:29:36.409 [main] DEBUG com.gaoda.jdbc.BeanRowMapper -- Add row mapping: name to field name
13:29:36.409 [main] DEBUG com.gaoda.jdbc.BeanRowMapper -- Add row mapping: theAge to field theAge
13:29:36.409 [main] DEBUG com.gaoda.jdbc.BeanRowMapper -- Add row mapping: age to setAge(Integer)
13:29:36.410 [main] WARN  c.g.j.t.DataSourceTransactionManager -- will rollback transaction for caused exception: java.lang.reflect.InvocationTargetException
13:29:36.418 [main] DEBUG com.gaoda.jdbc.BeanRowMapper -- Add row mapping: id to field id
13:29:36.418 [main] DEBUG com.gaoda.jdbc.BeanRowMapper -- Add row mapping: userId to field userId
13:29:36.418 [main] DEBUG com.gaoda.jdbc.BeanRowMapper -- Add row mapping: address to field address
13:29:36.418 [main] DEBUG com.gaoda.jdbc.BeanRowMapper -- Add row mapping: zip to field zip
13:29:36.419 [main] DEBUG com.gaoda.jdbc.BeanRowMapper -- Add row mapping: id to field id
13:29:36.419 [main] DEBUG com.gaoda.jdbc.BeanRowMapper -- Add row mapping: name to field name
13:29:36.419 [main] DEBUG com.gaoda.jdbc.BeanRowMapper -- Add row mapping: theAge to field theAge
13:29:36.419 [main] DEBUG com.gaoda.jdbc.BeanRowMapper -- Add row mapping: age to setAge(Integer)
13:29:36.422 [main] DEBUG com.gaoda.jdbc.BeanRowMapper -- Add row mapping: id to field id
13:29:36.422 [main] DEBUG com.gaoda.jdbc.BeanRowMapper -- Add row mapping: name to field name
13:29:36.422 [main] DEBUG com.gaoda.jdbc.BeanRowMapper -- Add row mapping: theAge to field theAge
13:29:36.422 [main] DEBUG com.gaoda.jdbc.BeanRowMapper -- Add row mapping: age to setAge(Integer)
13:29:36.440 [main] DEBUG com.gaoda.jdbc.BeanRowMapper -- Add row mapping: id to field id
13:29:36.440 [main] DEBUG com.gaoda.jdbc.BeanRowMapper -- Add row mapping: userId to field userId
13:29:36.440 [main] DEBUG com.gaoda.jdbc.BeanRowMapper -- Add row mapping: address to field address
13:29:36.440 [main] DEBUG com.gaoda.jdbc.BeanRowMapper -- Add row mapping: zip to field zip
13:29:36.446 [main] WARN  c.g.j.t.DataSourceTransactionManager -- will rollback transaction for caused exception: java.lang.reflect.InvocationTargetException
13:29:36.452 [main] DEBUG com.gaoda.jdbc.BeanRowMapper -- Add row mapping: id to field id
13:29:36.452 [main] DEBUG com.gaoda.jdbc.BeanRowMapper -- Add row mapping: name to field name
13:29:36.452 [main] DEBUG com.gaoda.jdbc.BeanRowMapper -- Add row mapping: theAge to field theAge
13:29:36.452 [main] DEBUG com.gaoda.jdbc.BeanRowMapper -- Add row mapping: age to setAge(Integer)
13:29:36.453 [main] DEBUG com.gaoda.jdbc.BeanRowMapper -- Add row mapping: id to field id
13:29:36.453 [main] DEBUG com.gaoda.jdbc.BeanRowMapper -- Add row mapping: userId to field userId
13:29:36.453 [main] DEBUG com.gaoda.jdbc.BeanRowMapper -- Add row mapping: address to field address
13:29:36.453 [main] DEBUG com.gaoda.jdbc.BeanRowMapper -- Add row mapping: zip to field zip
13:29:36.454 [main] INFO  c.g.c.AnnotationConfigApplicationContext -- Closing com.gaoda.context.AnnotationConfigApplicationContext...
13:29:36.455 [main] INFO  com.zaxxer.hikari.HikariDataSource -- HikariPool-1 - Shutdown initiated...
13:29:36.455 [main] DEBUG com.zaxxer.hikari.pool.HikariPool -- HikariPool-1 - Before shutdown stats (total=2, active=0, idle=2, waiting=0)
13:29:36.456 [HikariPool-1 connection closer] DEBUG com.zaxxer.hikari.pool.PoolBase -- HikariPool-1 - Closing connection org.sqlite.jdbc4.JDBC4Connection@5d10455d: (connection evicted)
13:29:36.459 [HikariPool-1 connection closer] DEBUG com.zaxxer.hikari.pool.PoolBase -- HikariPool-1 - Closing connection org.sqlite.jdbc4.JDBC4Connection@1ff824d5: (connection evicted)
13:29:36.461 [main] DEBUG com.zaxxer.hikari.pool.HikariPool -- HikariPool-1 - After shutdown stats (total=0, active=0, idle=0, waiting=0)
13:29:36.461 [main] INFO  com.zaxxer.hikari.HikariDataSource -- HikariPool-1 - Shutdown completed.
13:29:36.461 [main] DEBUG c.g.c.AnnotationConfigApplicationContext -- BeanPostProcessor TransactionalBeanPostProcessor specified injection from AddressService$ByteBuddy$Bqxcz2uH to AddressService.
13:29:36.461 [main] DEBUG c.g.c.AnnotationConfigApplicationContext -- BeanPostProcessor TransactionalBeanPostProcessor specified injection from UserService$ByteBuddy$hzMGjfM6 to UserService.
13:29:36.461 [main] INFO  c.g.c.AnnotationConfigApplicationContext -- com.gaoda.context.AnnotationConfigApplicationContext closed.
13:29:36.461 [main] DEBUG com.gaoda.io.PropertyResolver -- PropertyResolver: =:: = ::\
13:29:36.461 [main] DEBUG com.gaoda.io.PropertyResolver -- PropertyResolver: =D: = D:\Codes\Projects\summer\summer_framework\Summer_Framework
13:29:36.461 [main] DEBUG com.gaoda.io.PropertyResolver -- PropertyResolver: ALLUSERSPROFILE = C:\ProgramData
13:29:36.461 [main] DEBUG com.gaoda.io.PropertyResolver -- PropertyResolver: APPDATA = C:\Users\Gundam\AppData\Roaming
13:29:36.461 [main] DEBUG com.gaoda.io.PropertyResolver -- PropertyResolver: CLASSPATH = .;D:\Code\jdk-18\lib;D:\Code\jdk-18\lib\tools.jar
13:29:36.461 [main] DEBUG com.gaoda.io.PropertyResolver -- PropertyResolver: COMMONPROGRAMFILES = C:\Program Files\Common Files
13:29:36.461 [main] DEBUG com.gaoda.io.PropertyResolver -- PropertyResolver: COMMONPROGRAMFILES(X86) = C:\Program Files (x86)\Common Files
13:29:36.461 [main] DEBUG com.gaoda.io.PropertyResolver -- PropertyResolver: COMMONPROGRAMW6432 = C:\Program Files\Common Files
13:29:36.461 [main] DEBUG com.gaoda.io.PropertyResolver -- PropertyResolver: COMPUTERNAME = DESKTOP-HR12F04
13:29:36.461 [main] DEBUG com.gaoda.io.PropertyResolver -- PropertyResolver: COMSPEC = C:\Windows\system32\cmd.exe
13:29:36.461 [main] DEBUG com.gaoda.io.PropertyResolver -- PropertyResolver: DRIVERDATA = C:\Windows\System32\Drivers\DriverData
13:29:36.461 [main] DEBUG com.gaoda.io.PropertyResolver -- PropertyResolver: FPS_BROWSER_APP_PROFILE_STRING = Internet Explorer
13:29:36.461 [main] DEBUG com.gaoda.io.PropertyResolver -- PropertyResolver: FPS_BROWSER_USER_PROFILE_STRING = Default
13:29:36.461 [main] DEBUG com.gaoda.io.PropertyResolver -- PropertyResolver: HOMEDRIVE = C:
13:29:36.461 [main] DEBUG com.gaoda.io.PropertyResolver -- PropertyResolver: HOMEPATH = \Users\Gundam
13:29:36.461 [main] DEBUG com.gaoda.io.PropertyResolver -- PropertyResolver: IDEA_INITIAL_DIRECTORY = D:\Applications1\code\idea\IntelliJ IDEA 2022.2.1\bin
13:29:36.461 [main] DEBUG com.gaoda.io.PropertyResolver -- PropertyResolver: INTELLIJ IDEA = D:\Applications1\code\idea\IntelliJ IDEA 2022.2.1\bin;
13:29:36.461 [main] DEBUG com.gaoda.io.PropertyResolver -- PropertyResolver: JAVA18_HOME = D:\Code\jdk-18
13:29:36.461 [main] DEBUG com.gaoda.io.PropertyResolver -- PropertyResolver: JAVA8_HOME = D:\Code\jdk-8
13:29:36.461 [main] DEBUG com.gaoda.io.PropertyResolver -- PropertyResolver: JAVA_HOME = D:\Code\jdk-18
13:29:36.461 [main] DEBUG com.gaoda.io.PropertyResolver -- PropertyResolver: LOCALAPPDATA = C:\Users\Gundam\AppData\Local
13:29:36.461 [main] DEBUG com.gaoda.io.PropertyResolver -- PropertyResolver: LOGONSERVER = \\DESKTOP-HR12F04
13:29:36.461 [main] DEBUG com.gaoda.io.PropertyResolver -- PropertyResolver: MAVEN_HOME = D:\Code\Maven\apache-maven-3.8.6
13:29:36.461 [main] DEBUG com.gaoda.io.PropertyResolver -- PropertyResolver: NLS_LANG = SIMPLIFIED CHINESE_CHINA.ZHS16GBK
13:29:36.461 [main] DEBUG com.gaoda.io.PropertyResolver -- PropertyResolver: NUMBER_OF_PROCESSORS = 16
13:29:36.461 [main] DEBUG com.gaoda.io.PropertyResolver -- PropertyResolver: ONEDRIVE = C:\Users\Gundam\OneDrive
13:29:36.461 [main] DEBUG com.gaoda.io.PropertyResolver -- PropertyResolver: OPENSSL_IA32CAP = ~0x200000200000000
13:29:36.461 [main] DEBUG com.gaoda.io.PropertyResolver -- PropertyResolver: ORACLE_HOME = D:\Code\oracle\Ora10InstantClient
13:29:36.461 [main] DEBUG com.gaoda.io.PropertyResolver -- PropertyResolver: OS = Windows_NT
13:29:36.461 [main] DEBUG com.gaoda.io.PropertyResolver -- PropertyResolver: PATH = C:\Windows;D:\Code\jdk-18\bin;D:\Code\jdk-18\jre\bin;C:\Program Files\Common Files\Oracle\Java\javapath;C:\Windows\system32;C:\Windows\System32\Wbem;C:\Windows\System32\WindowsPowerShell\v1.0\;C:\Windows\System32\OpenSSH\;D:\Applications1\computer\Bandizip\;C:\Program Files\NVIDIA Corporation\NVIDIA NvDLISR;C:\Program Files (x86)\NVIDIA Corporation\PhysX\Common;D:\Code\jdk-18;D:\Code\oracle\Ora10InstantClient;D:\Applications1\code\MySQL\bin;D:\Code\Maven\apache-maven-3.8.6\bin;D:\Code\Node.js\;D:\Applications1\code\Git\cmd;D:\Applications1\code\微信web开发者工具\dll;C:\Program Files\TortoiseGit\bin;C:\Program Files\Asiainfo Security\AisEsmAgent\atom_plugins\base_plugin;C:\Users\Gundam\AppData\Local\Programs\Python\Python311\Scripts\;C:\Users\Gundam\AppData\Local\Programs\Python\Python311\;C:\Users\Gundam\AppData\Local\Microsoft\WindowsApps;D:\Applications1\code\idea\IntelliJ IDEA 2022.2.1\bin;;D:\Applications1\code\vscode\Microsoft VS Code\bin;C:\Users\Gundam\AppData\Roaming\npm;D:\Applications1\code\webstorm\WebStorm 2022.3.2\bin;;D:\Applications1\play\QQgame\Hall.57975\
13:29:36.462 [main] DEBUG com.gaoda.io.PropertyResolver -- PropertyResolver: PATHEXT = .COM;.EXE;.BAT;.CMD;.VBS;.VBE;.JS;.JSE;.WSF;.WSH;.MSC
13:29:36.462 [main] DEBUG com.gaoda.io.PropertyResolver -- PropertyResolver: PROCESSOR_ARCHITECTURE = AMD64
13:29:36.462 [main] DEBUG com.gaoda.io.PropertyResolver -- PropertyResolver: PROCESSOR_IDENTIFIER = AMD64 Family 23 Model 96 Stepping 1, AuthenticAMD
13:29:36.462 [main] DEBUG com.gaoda.io.PropertyResolver -- PropertyResolver: PROCESSOR_LEVEL = 23
13:29:36.462 [main] DEBUG com.gaoda.io.PropertyResolver -- PropertyResolver: PROCESSOR_REVISION = 6001
13:29:36.462 [main] DEBUG com.gaoda.io.PropertyResolver -- PropertyResolver: PROGRAMDATA = C:\ProgramData
13:29:36.462 [main] DEBUG com.gaoda.io.PropertyResolver -- PropertyResolver: PROGRAMFILES = C:\Program Files
13:29:36.462 [main] DEBUG com.gaoda.io.PropertyResolver -- PropertyResolver: PROGRAMFILES(X86) = C:\Program Files (x86)
13:29:36.462 [main] DEBUG com.gaoda.io.PropertyResolver -- PropertyResolver: PROGRAMW6432 = C:\Program Files
13:29:36.462 [main] DEBUG com.gaoda.io.PropertyResolver -- PropertyResolver: PROMPT = $P$G
13:29:36.462 [main] DEBUG com.gaoda.io.PropertyResolver -- PropertyResolver: PSMODULEPATH = C:\Program Files\WindowsPowerShell\Modules;C:\Windows\system32\WindowsPowerShell\v1.0\Modules
13:29:36.462 [main] DEBUG com.gaoda.io.PropertyResolver -- PropertyResolver: PUBLIC = C:\Users\Public
13:29:36.462 [main] DEBUG com.gaoda.io.PropertyResolver -- PropertyResolver: SESSIONNAME = Console
13:29:36.462 [main] DEBUG com.gaoda.io.PropertyResolver -- PropertyResolver: SYSTEMDRIVE = C:
13:29:36.462 [main] DEBUG com.gaoda.io.PropertyResolver -- PropertyResolver: SYSTEMROOT = C:\Windows
13:29:36.462 [main] DEBUG com.gaoda.io.PropertyResolver -- PropertyResolver: TEMP = C:\Users\Gundam\AppData\Local\Temp
13:29:36.462 [main] DEBUG com.gaoda.io.PropertyResolver -- PropertyResolver: TMP = C:\Users\Gundam\AppData\Local\Temp
13:29:36.462 [main] DEBUG com.gaoda.io.PropertyResolver -- PropertyResolver: TNS_ADMIN = D:\Code\oracle\Ora10InstantClient
13:29:36.462 [main] DEBUG com.gaoda.io.PropertyResolver -- PropertyResolver: USERDOMAIN = DESKTOP-HR12F04
13:29:36.462 [main] DEBUG com.gaoda.io.PropertyResolver -- PropertyResolver: USERDOMAIN_ROAMINGPROFILE = DESKTOP-HR12F04
13:29:36.462 [main] DEBUG com.gaoda.io.PropertyResolver -- PropertyResolver: USERNAME = Gundam
13:29:36.462 [main] DEBUG com.gaoda.io.PropertyResolver -- PropertyResolver: USERPROFILE = C:\Users\Gundam
13:29:36.462 [main] DEBUG com.gaoda.io.PropertyResolver -- PropertyResolver: WEBSTORM = D:\Applications1\code\webstorm\WebStorm 2022.3.2\bin;
13:29:36.462 [main] DEBUG com.gaoda.io.PropertyResolver -- PropertyResolver: WINDIR = C:\Windows
13:29:36.462 [main] DEBUG com.gaoda.io.PropertyResolver -- PropertyResolver: summer.datasource.driver-class-name = org.sqlite.JDBC
13:29:36.462 [main] DEBUG com.gaoda.io.PropertyResolver -- PropertyResolver: summer.datasource.password = 
13:29:36.462 [main] DEBUG com.gaoda.io.PropertyResolver -- PropertyResolver: summer.datasource.url = jdbc:sqlite:test.db
13:29:36.462 [main] DEBUG com.gaoda.io.PropertyResolver -- PropertyResolver: summer.datasource.username = sa
13:29:36.462 [main] INFO  c.g.c.AnnotationConfigApplicationContext -- component scan in packages: [com.itranswarp.summer.jdbc.with.tx]
13:29:36.462 [main] DEBUG c.g.c.AnnotationConfigApplicationContext -- scan package: com.itranswarp.summer.jdbc.with.tx
13:29:36.462 [main] DEBUG com.gaoda.io.ResourceResolver -- scan path: com/itranswarp/summer/jdbc/with/tx
13:29:36.463 [main] DEBUG com.gaoda.io.ResourceResolver -- found resource: Resource[path=file:D:\Codes\Projects\summer\summer_framework\Summer_Framework\target\test-classes\com\itranswarp\summer\jdbc\with\tx\Address.class, name=com\itranswarp\summer\jdbc\with\tx\Address.class]
13:29:36.463 [main] DEBUG com.gaoda.io.ResourceResolver -- found resource: Resource[path=file:D:\Codes\Projects\summer\summer_framework\Summer_Framework\target\test-classes\com\itranswarp\summer\jdbc\with\tx\AddressService.class, name=com\itranswarp\summer\jdbc\with\tx\AddressService.class]
13:29:36.464 [main] DEBUG com.gaoda.io.ResourceResolver -- found resource: Resource[path=file:D:\Codes\Projects\summer\summer_framework\Summer_Framework\target\test-classes\com\itranswarp\summer\jdbc\with\tx\JdbcWithTxApplication.class, name=com\itranswarp\summer\jdbc\with\tx\JdbcWithTxApplication.class]
13:29:36.465 [main] DEBUG com.gaoda.io.ResourceResolver -- found resource: Resource[path=file:D:\Codes\Projects\summer\summer_framework\Summer_Framework\target\test-classes\com\itranswarp\summer\jdbc\with\tx\JdbcWithTxTest.class, name=com\itranswarp\summer\jdbc\with\tx\JdbcWithTxTest.class]
13:29:36.465 [main] DEBUG com.gaoda.io.ResourceResolver -- found resource: Resource[path=file:D:\Codes\Projects\summer\summer_framework\Summer_Framework\target\test-classes\com\itranswarp\summer\jdbc\with\tx\User.class, name=com\itranswarp\summer\jdbc\with\tx\User.class]
13:29:36.465 [main] DEBUG com.gaoda.io.ResourceResolver -- found resource: Resource[path=file:D:\Codes\Projects\summer\summer_framework\Summer_Framework\target\test-classes\com\itranswarp\summer\jdbc\with\tx\UserService.class, name=com\itranswarp\summer\jdbc\with\tx\UserService.class]
13:29:36.465 [main] DEBUG c.g.c.AnnotationConfigApplicationContext -- class found by component scan: com.itranswarp.summer.jdbc.with.tx.Address
13:29:36.465 [main] DEBUG c.g.c.AnnotationConfigApplicationContext -- class found by component scan: com.itranswarp.summer.jdbc.with.tx.AddressService
13:29:36.465 [main] DEBUG c.g.c.AnnotationConfigApplicationContext -- class found by component scan: com.itranswarp.summer.jdbc.with.tx.JdbcWithTxApplication
13:29:36.465 [main] DEBUG c.g.c.AnnotationConfigApplicationContext -- class found by component scan: com.itranswarp.summer.jdbc.with.tx.JdbcWithTxTest
13:29:36.465 [main] DEBUG c.g.c.AnnotationConfigApplicationContext -- class found by component scan: com.itranswarp.summer.jdbc.with.tx.User
13:29:36.465 [main] DEBUG c.g.c.AnnotationConfigApplicationContext -- class found by component scan: com.itranswarp.summer.jdbc.with.tx.UserService
13:29:36.465 [main] DEBUG c.g.c.AnnotationConfigApplicationContext -- class found by import: com.gaoda.jdbc.JdbcConfiguration
13:29:36.465 [main] DEBUG c.g.c.AnnotationConfigApplicationContext -- found component: com.itranswarp.summer.jdbc.with.tx.JdbcWithTxApplication
13:29:36.465 [main] DEBUG c.g.c.AnnotationConfigApplicationContext -- define bean: BeanDefinition [name=jdbcWithTxApplication, beanClass=com.itranswarp.summer.jdbc.with.tx.JdbcWithTxApplication, factory=null, init-method=null, destroy-method=null, primary=false, instance=null]
13:29:36.465 [main] DEBUG c.g.c.AnnotationConfigApplicationContext -- found component: com.gaoda.jdbc.JdbcConfiguration
13:29:36.465 [main] DEBUG c.g.c.AnnotationConfigApplicationContext -- define bean: BeanDefinition [name=jdbcConfiguration, beanClass=com.gaoda.jdbc.JdbcConfiguration, factory=null, init-method=null, destroy-method=null, primary=false, instance=null]
13:29:36.465 [main] DEBUG c.g.c.AnnotationConfigApplicationContext -- define bean: BeanDefinition [name=jdbcTemplate, beanClass=com.gaoda.jdbc.JdbcTemplate, factory=JdbcConfiguration.jdbcTemplate(DataSource), init-method=null, destroy-method=null, primary=false, instance=null]
13:29:36.465 [main] DEBUG c.g.c.AnnotationConfigApplicationContext -- define bean: BeanDefinition [name=dataSource, beanClass=javax.sql.DataSource, factory=JdbcConfiguration.dataSource(String, String, String, String, int, int, int), init-method=null, destroy-method=null, primary=false, instance=null]
13:29:36.465 [main] DEBUG c.g.c.AnnotationConfigApplicationContext -- define bean: BeanDefinition [name=transactionalBeanPostProcessor, beanClass=com.gaoda.jdbc.tx.TransactionalBeanPostProcessor, factory=JdbcConfiguration.transactionalBeanPostProcessor(), init-method=null, destroy-method=null, primary=false, instance=null]
13:29:36.465 [main] DEBUG c.g.c.AnnotationConfigApplicationContext -- define bean: BeanDefinition [name=platformTransactionManager, beanClass=com.gaoda.jdbc.tx.PlatformTransactionManager, factory=JdbcConfiguration.platformTransactionManager(DataSource), init-method=null, destroy-method=null, primary=false, instance=null]
13:29:36.465 [main] DEBUG c.g.c.AnnotationConfigApplicationContext -- found component: com.itranswarp.summer.jdbc.with.tx.UserService
13:29:36.465 [main] DEBUG c.g.c.AnnotationConfigApplicationContext -- define bean: BeanDefinition [name=userService, beanClass=com.itranswarp.summer.jdbc.with.tx.UserService, factory=null, init-method=null, destroy-method=null, primary=false, instance=null]
13:29:36.465 [main] DEBUG c.g.c.AnnotationConfigApplicationContext -- found component: com.itranswarp.summer.jdbc.with.tx.AddressService
13:29:36.465 [main] DEBUG c.g.c.AnnotationConfigApplicationContext -- define bean: BeanDefinition [name=addressService, beanClass=com.itranswarp.summer.jdbc.with.tx.AddressService, factory=null, init-method=null, destroy-method=null, primary=false, instance=null]
13:29:36.465 [main] DEBUG c.g.c.AnnotationConfigApplicationContext -- Try create bean 'jdbcConfiguration' as early singleton: com.gaoda.jdbc.JdbcConfiguration
13:29:36.465 [main] DEBUG c.g.c.AnnotationConfigApplicationContext -- Try create bean 'jdbcWithTxApplication' as early singleton: com.itranswarp.summer.jdbc.with.tx.JdbcWithTxApplication
13:29:36.465 [main] DEBUG c.g.c.AnnotationConfigApplicationContext -- Try create bean 'transactionalBeanPostProcessor' as early singleton: com.gaoda.jdbc.tx.TransactionalBeanPostProcessor
13:29:36.466 [main] DEBUG c.g.c.AnnotationConfigApplicationContext -- Try create bean 'addressService' as early singleton: com.itranswarp.summer.jdbc.with.tx.AddressService
13:29:36.466 [main] DEBUG c.g.c.AnnotationConfigApplicationContext -- Try create bean 'platformTransactionManager' as early singleton: com.gaoda.jdbc.tx.PlatformTransactionManager
13:29:36.466 [main] DEBUG c.g.c.AnnotationConfigApplicationContext -- Try create bean 'dataSource' as early singleton: javax.sql.DataSource
13:29:36.466 [main] DEBUG com.zaxxer.hikari.HikariConfig -- Driver class org.sqlite.JDBC found in Thread context class loader jdk.internal.loader.ClassLoaders$AppClassLoader@7852e922
13:29:36.466 [main] DEBUG com.zaxxer.hikari.HikariConfig -- HikariPool-2 - configuration:
13:29:36.466 [main] DEBUG com.zaxxer.hikari.HikariConfig -- allowPoolSuspension.............false
13:29:36.466 [main] DEBUG com.zaxxer.hikari.HikariConfig -- autoCommit......................false
13:29:36.466 [main] DEBUG com.zaxxer.hikari.HikariConfig -- catalog.........................none
13:29:36.466 [main] DEBUG com.zaxxer.hikari.HikariConfig -- connectionInitSql...............none
13:29:36.466 [main] DEBUG com.zaxxer.hikari.HikariConfig -- connectionTestQuery.............none
13:29:36.467 [main] DEBUG com.zaxxer.hikari.HikariConfig -- connectionTimeout...............30000
13:29:36.467 [main] DEBUG com.zaxxer.hikari.HikariConfig -- dataSource......................none
13:29:36.467 [main] DEBUG com.zaxxer.hikari.HikariConfig -- dataSourceClassName.............none
13:29:36.467 [main] DEBUG com.zaxxer.hikari.HikariConfig -- dataSourceJNDI..................none
13:29:36.467 [main] DEBUG com.zaxxer.hikari.HikariConfig -- dataSourceProperties............{password=<masked>}
13:29:36.467 [main] DEBUG com.zaxxer.hikari.HikariConfig -- driverClassName................."org.sqlite.JDBC"
13:29:36.467 [main] DEBUG com.zaxxer.hikari.HikariConfig -- exceptionOverrideClassName......none
13:29:36.467 [main] DEBUG com.zaxxer.hikari.HikariConfig -- healthCheckProperties...........{}
13:29:36.467 [main] DEBUG com.zaxxer.hikari.HikariConfig -- healthCheckRegistry.............none
13:29:36.467 [main] DEBUG com.zaxxer.hikari.HikariConfig -- idleTimeout.....................600000
13:29:36.467 [main] DEBUG com.zaxxer.hikari.HikariConfig -- initializationFailTimeout.......1
13:29:36.467 [main] DEBUG com.zaxxer.hikari.HikariConfig -- isolateInternalQueries..........false
13:29:36.467 [main] DEBUG com.zaxxer.hikari.HikariConfig -- jdbcUrl.........................jdbc:sqlite:test.db
13:29:36.467 [main] DEBUG com.zaxxer.hikari.HikariConfig -- keepaliveTime...................0
13:29:36.467 [main] DEBUG com.zaxxer.hikari.HikariConfig -- leakDetectionThreshold..........0
13:29:36.467 [main] DEBUG com.zaxxer.hikari.HikariConfig -- maxLifetime.....................1800000
13:29:36.467 [main] DEBUG com.zaxxer.hikari.HikariConfig -- maximumPoolSize.................20
13:29:36.467 [main] DEBUG com.zaxxer.hikari.HikariConfig -- metricRegistry..................none
13:29:36.467 [main] DEBUG com.zaxxer.hikari.HikariConfig -- metricsTrackerFactory...........none
13:29:36.467 [main] DEBUG com.zaxxer.hikari.HikariConfig -- minimumIdle.....................1
13:29:36.467 [main] DEBUG com.zaxxer.hikari.HikariConfig -- password........................<masked>
13:29:36.467 [main] DEBUG com.zaxxer.hikari.HikariConfig -- poolName........................"HikariPool-2"
13:29:36.468 [main] DEBUG com.zaxxer.hikari.HikariConfig -- readOnly........................false
13:29:36.468 [main] DEBUG com.zaxxer.hikari.HikariConfig -- registerMbeans..................false
13:29:36.468 [main] DEBUG com.zaxxer.hikari.HikariConfig -- scheduledExecutor...............none
13:29:36.468 [main] DEBUG com.zaxxer.hikari.HikariConfig -- schema..........................none
13:29:36.468 [main] DEBUG com.zaxxer.hikari.HikariConfig -- threadFactory...................internal
13:29:36.468 [main] DEBUG com.zaxxer.hikari.HikariConfig -- transactionIsolation............default
13:29:36.468 [main] DEBUG com.zaxxer.hikari.HikariConfig -- username........................"sa"
13:29:36.468 [main] DEBUG com.zaxxer.hikari.HikariConfig -- validationTimeout...............5000
13:29:36.468 [main] INFO  com.zaxxer.hikari.HikariDataSource -- HikariPool-2 - Starting...
13:29:36.470 [main] INFO  com.zaxxer.hikari.pool.HikariPool -- HikariPool-2 - Added connection org.sqlite.jdbc4.JDBC4Connection@4beddc56
13:29:36.470 [main] INFO  com.zaxxer.hikari.HikariDataSource -- HikariPool-2 - Start completed.
13:29:36.470 [main] DEBUG com.gaoda.aop.ProxyResolver -- create proxy for bean com.itranswarp.summer.jdbc.with.tx.AddressService @79b663b3
13:29:36.475 [main] DEBUG c.g.c.AnnotationConfigApplicationContext -- Bean 'addressService' was replaced by post processor com.gaoda.jdbc.tx.TransactionalBeanPostProcessor.
13:29:36.475 [main] DEBUG c.g.c.AnnotationConfigApplicationContext -- Try create bean 'jdbcTemplate' as early singleton: com.gaoda.jdbc.JdbcTemplate
13:29:36.475 [main] DEBUG c.g.c.AnnotationConfigApplicationContext -- Try create bean 'userService' as early singleton: com.itranswarp.summer.jdbc.with.tx.UserService
13:29:36.475 [main] DEBUG com.gaoda.aop.ProxyResolver -- create proxy for bean com.itranswarp.summer.jdbc.with.tx.UserService @32639b12
13:29:36.483 [main] DEBUG c.g.c.AnnotationConfigApplicationContext -- Bean 'userService' was replaced by post processor com.gaoda.jdbc.tx.TransactionalBeanPostProcessor.
13:29:36.483 [main] DEBUG c.g.c.AnnotationConfigApplicationContext -- BeanPostProcessor TransactionalBeanPostProcessor specified injection from AddressService$ByteBuddy$N16V9NaK to AddressService.
13:29:36.483 [main] DEBUG c.g.c.AnnotationConfigApplicationContext -- Field injection: com.itranswarp.summer.jdbc.with.tx.AddressService.userService = com.itranswarp.summer.jdbc.with.tx.UserService@32639b12
13:29:36.483 [main] DEBUG c.g.c.AnnotationConfigApplicationContext -- Field injection: com.itranswarp.summer.jdbc.with.tx.AddressService.jdbcTemplate = com.gaoda.jdbc.JdbcTemplate@78dc4696
13:29:36.483 [main] DEBUG c.g.c.AnnotationConfigApplicationContext -- BeanPostProcessor TransactionalBeanPostProcessor specified injection from UserService$ByteBuddy$1id8NJOL to UserService.
13:29:36.483 [main] DEBUG c.g.c.AnnotationConfigApplicationContext -- Field injection: com.itranswarp.summer.jdbc.with.tx.UserService.addressService = com.itranswarp.summer.jdbc.with.tx.AddressService@79b663b3
13:29:36.483 [main] DEBUG c.g.c.AnnotationConfigApplicationContext -- Field injection: com.itranswarp.summer.jdbc.with.tx.UserService.jdbcTemplate = com.gaoda.jdbc.JdbcTemplate@78dc4696
13:29:36.483 [main] DEBUG c.g.c.AnnotationConfigApplicationContext -- BeanPostProcessor TransactionalBeanPostProcessor specified injection from AddressService$ByteBuddy$N16V9NaK to AddressService.
13:29:36.483 [main] DEBUG c.g.c.AnnotationConfigApplicationContext -- BeanPostProcessor TransactionalBeanPostProcessor specified injection from UserService$ByteBuddy$1id8NJOL to UserService.
13:29:36.483 [main] DEBUG c.g.c.AnnotationConfigApplicationContext -- bean initialized: BeanDefinition [name=addressService, beanClass=com.itranswarp.summer.jdbc.with.tx.AddressService, factory=null, init-method=null, destroy-method=null, primary=false, instance=com.itranswarp.summer.jdbc.with.tx.AddressService@79b663b3]
13:29:36.483 [main] DEBUG c.g.c.AnnotationConfigApplicationContext -- bean initialized: BeanDefinition [name=dataSource, beanClass=javax.sql.DataSource, factory=JdbcConfiguration.dataSource(String, String, String, String, int, int, int), init-method=null, destroy-method=null, primary=false, instance=HikariDataSource (HikariPool-2)]
13:29:36.484 [main] DEBUG c.g.c.AnnotationConfigApplicationContext -- bean initialized: BeanDefinition [name=jdbcConfiguration, beanClass=com.gaoda.jdbc.JdbcConfiguration, factory=null, init-method=null, destroy-method=null, primary=false, instance=com.gaoda.jdbc.JdbcConfiguration@502f8b57]
13:29:36.484 [main] DEBUG c.g.c.AnnotationConfigApplicationContext -- bean initialized: BeanDefinition [name=jdbcTemplate, beanClass=com.gaoda.jdbc.JdbcTemplate, factory=JdbcConfiguration.jdbcTemplate(DataSource), init-method=null, destroy-method=null, primary=false, instance=com.gaoda.jdbc.JdbcTemplate@78dc4696]
13:29:36.484 [main] DEBUG c.g.c.AnnotationConfigApplicationContext -- bean initialized: BeanDefinition [name=jdbcWithTxApplication, beanClass=com.itranswarp.summer.jdbc.with.tx.JdbcWithTxApplication, factory=null, init-method=null, destroy-method=null, primary=false, instance=com.itranswarp.summer.jdbc.with.tx.JdbcWithTxApplication@5652f555]
13:29:36.484 [main] DEBUG c.g.c.AnnotationConfigApplicationContext -- bean initialized: BeanDefinition [name=platformTransactionManager, beanClass=com.gaoda.jdbc.tx.PlatformTransactionManager, factory=JdbcConfiguration.platformTransactionManager(DataSource), init-method=null, destroy-method=null, primary=false, instance=com.gaoda.jdbc.tx.DataSourceTransactionManager@4fe01805]
13:29:36.484 [main] DEBUG c.g.c.AnnotationConfigApplicationContext -- bean initialized: BeanDefinition [name=transactionalBeanPostProcessor, beanClass=com.gaoda.jdbc.tx.TransactionalBeanPostProcessor, factory=JdbcConfiguration.transactionalBeanPostProcessor(), init-method=null, destroy-method=null, primary=false, instance=com.gaoda.jdbc.tx.TransactionalBeanPostProcessor@55120f99]
13:29:36.484 [main] DEBUG c.g.c.AnnotationConfigApplicationContext -- bean initialized: BeanDefinition [name=userService, beanClass=com.itranswarp.summer.jdbc.with.tx.UserService, factory=null, init-method=null, destroy-method=null, primary=false, instance=com.itranswarp.summer.jdbc.with.tx.UserService@32639b12]
13:29:36.484 [main] DEBUG com.gaoda.jdbc.BeanRowMapper -- Add row mapping: id to field id
13:29:36.484 [main] DEBUG com.gaoda.jdbc.BeanRowMapper -- Add row mapping: userId to field userId
13:29:36.484 [main] DEBUG com.gaoda.jdbc.BeanRowMapper -- Add row mapping: address to field address
13:29:36.484 [main] DEBUG com.gaoda.jdbc.BeanRowMapper -- Add row mapping: zip to field zip
13:29:36.485 [main] INFO  c.g.c.AnnotationConfigApplicationContext -- Closing com.gaoda.context.AnnotationConfigApplicationContext...
13:29:36.485 [main] INFO  com.zaxxer.hikari.HikariDataSource -- HikariPool-2 - Shutdown initiated...
13:29:36.485 [main] DEBUG com.zaxxer.hikari.pool.HikariPool -- HikariPool-2 - Before shutdown stats (total=1, active=0, idle=1, waiting=0)
13:29:36.485 [HikariPool-2 connection closer] DEBUG com.zaxxer.hikari.pool.PoolBase -- HikariPool-2 - Closing connection org.sqlite.jdbc4.JDBC4Connection@4beddc56: (connection evicted)
13:29:36.487 [main] DEBUG com.zaxxer.hikari.pool.HikariPool -- HikariPool-2 - After shutdown stats (total=0, active=0, idle=0, waiting=0)
13:29:36.488 [main] INFO  com.zaxxer.hikari.HikariDataSource -- HikariPool-2 - Shutdown completed.
13:29:36.488 [main] DEBUG c.g.c.AnnotationConfigApplicationContext -- BeanPostProcessor TransactionalBeanPostProcessor specified injection from AddressService$ByteBuddy$N16V9NaK to AddressService.
13:29:36.488 [main] DEBUG c.g.c.AnnotationConfigApplicationContext -- BeanPostProcessor TransactionalBeanPostProcessor specified injection from UserService$ByteBuddy$1id8NJOL to UserService.
13:29:36.488 [main] INFO  c.g.c.AnnotationConfigApplicationContext -- com.gaoda.context.AnnotationConfigApplicationContext closed.
]]></system-out>
  </testcase>
</testsuite>