<?xml version="1.0" encoding="UTF-8"?>
<testsuite xmlns:xsi="http://www.w3.org/2001/XMLSchema-instance" xsi:noNamespaceSchemaLocation="https://maven.apache.org/surefire/maven-surefire-plugin/xsd/surefire-test-report-3.0.xsd" version="3.0" name="com.itranswarp.summer.jdbc.without.tx.JdbcWithoutTxTest" time="0.188" tests="1" errors="0" skipped="0" failures="0">
  <properties>
[...]
</properties>
  <testcase name="testJdbcWithoutTx" classname="com.itranswarp.summer.jdbc.without.tx.JdbcWithoutTxTest" time="0.186">
    <system-out><![CDATA[13:29:36.499 [main] DEBUG com.gaoda.io.PropertyResolver -- PropertyResolver: =:: = ::\
13:29:36.499 [main] DEBUG com.gaoda.io.PropertyResolver -- PropertyResolver: =D: = D:\Codes\Projects\summer\summer_framework\Summer_Framework
13:29:36.499 [main] DEBUG com.gaoda.io.PropertyResolver -- PropertyResolver: ALLUSERSPROFILE = C:\ProgramData
13:29:36.499 [main] DEBUG com.gaoda.io.PropertyResolver -- PropertyResolver: APPDATA = C:\Users\Gundam\AppData\Roaming
13:29:36.499 [main] DEBUG com.gaoda.io.PropertyResolver -- PropertyResolver: CLASSPATH = .;D:\Code\jdk-18\lib;D:\Code\jdk-18\lib\tools.jar
13:29:36.499 [main] DEBUG com.gaoda.io.PropertyResolver -- PropertyResolver: COMMONPROGRAMFILES = C:\Program Files\Common Files
13:29:36.499 [main] DEBUG com.gaoda.io.PropertyResolver -- PropertyResolver: COMMONPROGRAMFILES(X86) = C:\Program Files (x86)\Common Files
13:29:36.499 [main] DEBUG com.gaoda.io.PropertyResolver -- PropertyResolver: COMMONPROGRAMW6432 = C:\Program Files\Common Files
13:29:36.499 [main] DEBUG com.gaoda.io.PropertyResolver -- PropertyResolver: COMPUTERNAME = DESKTOP-HR12F04
13:29:36.499 [main] DEBUG com.gaoda.io.PropertyResolver -- PropertyResolver: COMSPEC = C:\Windows\system32\cmd.exe
13:29:36.499 [main] DEBUG com.gaoda.io.PropertyResolver -- PropertyResolver: DRIVERDATA = C:\Windows\System32\Drivers\DriverData
13:29:36.499 [main] DEBUG com.gaoda.io.PropertyResolver -- PropertyResolver: FPS_BROWSER_APP_PROFILE_STRING = Internet Explorer
13:29:36.499 [main] DEBUG com.gaoda.io.PropertyResolver -- PropertyResolver: FPS_BROWSER_USER_PROFILE_STRING = Default
13:29:36.499 [main] DEBUG com.gaoda.io.PropertyResolver -- PropertyResolver: HOMEDRIVE = C:
13:29:36.499 [main] DEBUG com.gaoda.io.PropertyResolver -- PropertyResolver: HOMEPATH = \Users\Gundam
13:29:36.499 [main] DEBUG com.gaoda.io.PropertyResolver -- PropertyResolver: IDEA_INITIAL_DIRECTORY = D:\Applications1\code\idea\IntelliJ IDEA 2022.2.1\bin
13:29:36.499 [main] DEBUG com.gaoda.io.PropertyResolver -- PropertyResolver: INTELLIJ IDEA = D:\Applications1\code\idea\IntelliJ IDEA 2022.2.1\bin;
13:29:36.499 [main] DEBUG com.gaoda.io.PropertyResolver -- PropertyResolver: JAVA18_HOME = D:\Code\jdk-18
13:29:36.499 [main] DEBUG com.gaoda.io.PropertyResolver -- PropertyResolver: JAVA8_HOME = D:\Code\jdk-8
13:29:36.499 [main] DEBUG com.gaoda.io.PropertyResolver -- PropertyResolver: JAVA_HOME = D:\Code\jdk-18
13:29:36.499 [main] DEBUG com.gaoda.io.PropertyResolver -- PropertyResolver: LOCALAPPDATA = C:\Users\Gundam\AppData\Local
13:29:36.499 [main] DEBUG com.gaoda.io.PropertyResolver -- PropertyResolver: LOGONSERVER = \\DESKTOP-HR12F04
13:29:36.499 [main] DEBUG com.gaoda.io.PropertyResolver -- PropertyResolver: MAVEN_HOME = D:\Code\Maven\apache-maven-3.8.6
13:29:36.499 [main] DEBUG com.gaoda.io.PropertyResolver -- PropertyResolver: NLS_LANG = SIMPLIFIED CHINESE_CHINA.ZHS16GBK
13:29:36.499 [main] DEBUG com.gaoda.io.PropertyResolver -- PropertyResolver: NUMBER_OF_PROCESSORS = 16
13:29:36.499 [main] DEBUG com.gaoda.io.PropertyResolver -- PropertyResolver: ONEDRIVE = C:\Users\Gundam\OneDrive
13:29:36.499 [main] DEBUG com.gaoda.io.PropertyResolver -- PropertyResolver: OPENSSL_IA32CAP = ~0x200000200000000
13:29:36.499 [main] DEBUG com.gaoda.io.PropertyResolver -- PropertyResolver: ORACLE_HOME = D:\Code\oracle\Ora10InstantClient
13:29:36.499 [main] DEBUG com.gaoda.io.PropertyResolver -- PropertyResolver: OS = Windows_NT
13:29:36.499 [main] DEBUG com.gaoda.io.PropertyResolver -- PropertyResolver: PATH = C:\Windows;D:\Code\jdk-18\bin;D:\Code\jdk-18\jre\bin;C:\Program Files\Common Files\Oracle\Java\javapath;C:\Windows\system32;C:\Windows\System32\Wbem;C:\Windows\System32\WindowsPowerShell\v1.0\;C:\Windows\System32\OpenSSH\;D:\Applications1\computer\Bandizip\;C:\Program Files\NVIDIA Corporation\NVIDIA NvDLISR;C:\Program Files (x86)\NVIDIA Corporation\PhysX\Common;D:\Code\jdk-18;D:\Code\oracle\Ora10InstantClient;D:\Applications1\code\MySQL\bin;D:\Code\Maven\apache-maven-3.8.6\bin;D:\Code\Node.js\;D:\Applications1\code\Git\cmd;D:\Applications1\code\微信web开发者工具\dll;C:\Program Files\TortoiseGit\bin;C:\Program Files\Asiainfo Security\AisEsmAgent\atom_plugins\base_plugin;C:\Users\Gundam\AppData\Local\Programs\Python\Python311\Scripts\;C:\Users\Gundam\AppData\Local\Programs\Python\Python311\;C:\Users\Gundam\AppData\Local\Microsoft\WindowsApps;D:\Applications1\code\idea\IntelliJ IDEA 2022.2.1\bin;;D:\Applications1\code\vscode\Microsoft VS Code\bin;C:\Users\Gundam\AppData\Roaming\npm;D:\Applications1\code\webstorm\WebStorm 2022.3.2\bin;;D:\Applications1\play\QQgame\Hall.57975\
13:29:36.499 [main] DEBUG com.gaoda.io.PropertyResolver -- PropertyResolver: PATHEXT = .COM;.EXE;.BAT;.CMD;.VBS;.VBE;.JS;.JSE;.WSF;.WSH;.MSC
13:29:36.499 [main] DEBUG com.gaoda.io.PropertyResolver -- PropertyResolver: PROCESSOR_ARCHITECTURE = AMD64
13:29:36.499 [main] DEBUG com.gaoda.io.PropertyResolver -- PropertyResolver: PROCESSOR_IDENTIFIER = AMD64 Family 23 Model 96 Stepping 1, AuthenticAMD
13:29:36.499 [main] DEBUG com.gaoda.io.PropertyResolver -- PropertyResolver: PROCESSOR_LEVEL = 23
13:29:36.499 [main] DEBUG com.gaoda.io.PropertyResolver -- PropertyResolver: PROCESSOR_REVISION = 6001
13:29:36.499 [main] DEBUG com.gaoda.io.PropertyResolver -- PropertyResolver: PROGRAMDATA = C:\ProgramData
13:29:36.499 [main] DEBUG com.gaoda.io.PropertyResolver -- PropertyResolver: PROGRAMFILES = C:\Program Files
13:29:36.499 [main] DEBUG com.gaoda.io.PropertyResolver -- PropertyResolver: PROGRAMFILES(X86) = C:\Program Files (x86)
13:29:36.499 [main] DEBUG com.gaoda.io.PropertyResolver -- PropertyResolver: PROGRAMW6432 = C:\Program Files
13:29:36.499 [main] DEBUG com.gaoda.io.PropertyResolver -- PropertyResolver: PROMPT = $P$G
13:29:36.499 [main] DEBUG com.gaoda.io.PropertyResolver -- PropertyResolver: PSMODULEPATH = C:\Program Files\WindowsPowerShell\Modules;C:\Windows\system32\WindowsPowerShell\v1.0\Modules
13:29:36.499 [main] DEBUG com.gaoda.io.PropertyResolver -- PropertyResolver: PUBLIC = C:\Users\Public
13:29:36.499 [main] DEBUG com.gaoda.io.PropertyResolver -- PropertyResolver: SESSIONNAME = Console
13:29:36.499 [main] DEBUG com.gaoda.io.PropertyResolver -- PropertyResolver: SYSTEMDRIVE = C:
13:29:36.499 [main] DEBUG com.gaoda.io.PropertyResolver -- PropertyResolver: SYSTEMROOT = C:\Windows
13:29:36.499 [main] DEBUG com.gaoda.io.PropertyResolver -- PropertyResolver: TEMP = C:\Users\Gundam\AppData\Local\Temp
13:29:36.499 [main] DEBUG com.gaoda.io.PropertyResolver -- PropertyResolver: TMP = C:\Users\Gundam\AppData\Local\Temp
13:29:36.499 [main] DEBUG com.gaoda.io.PropertyResolver -- PropertyResolver: TNS_ADMIN = D:\Code\oracle\Ora10InstantClient
13:29:36.499 [main] DEBUG com.gaoda.io.PropertyResolver -- PropertyResolver: USERDOMAIN = DESKTOP-HR12F04
13:29:36.499 [main] DEBUG com.gaoda.io.PropertyResolver -- PropertyResolver: USERDOMAIN_ROAMINGPROFILE = DESKTOP-HR12F04
13:29:36.499 [main] DEBUG com.gaoda.io.PropertyResolver -- PropertyResolver: USERNAME = Gundam
13:29:36.499 [main] DEBUG com.gaoda.io.PropertyResolver -- PropertyResolver: USERPROFILE = C:\Users\Gundam
13:29:36.499 [main] DEBUG com.gaoda.io.PropertyResolver -- PropertyResolver: WEBSTORM = D:\Applications1\code\webstorm\WebStorm 2022.3.2\bin;
13:29:36.499 [main] DEBUG com.gaoda.io.PropertyResolver -- PropertyResolver: WINDIR = C:\Windows
13:29:36.499 [main] DEBUG com.gaoda.io.PropertyResolver -- PropertyResolver: summer.datasource.driver-class-name = org.sqlite.JDBC
13:29:36.499 [main] DEBUG com.gaoda.io.PropertyResolver -- PropertyResolver: summer.datasource.password = 
13:29:36.499 [main] DEBUG com.gaoda.io.PropertyResolver -- PropertyResolver: summer.datasource.url = jdbc:sqlite:test.db
13:29:36.499 [main] DEBUG com.gaoda.io.PropertyResolver -- PropertyResolver: summer.datasource.username = sa
13:29:36.499 [main] INFO  c.g.c.AnnotationConfigApplicationContext -- component scan in packages: [com.itranswarp.summer.jdbc.without.tx]
13:29:36.499 [main] DEBUG c.g.c.AnnotationConfigApplicationContext -- scan package: com.itranswarp.summer.jdbc.without.tx
13:29:36.499 [main] DEBUG com.gaoda.io.ResourceResolver -- scan path: com/itranswarp/summer/jdbc/without/tx
13:29:36.502 [main] DEBUG com.gaoda.io.ResourceResolver -- found resource: Resource[path=file:D:\Codes\Projects\summer\summer_framework\Summer_Framework\target\test-classes\com\itranswarp\summer\jdbc\without\tx\Address.class, name=com\itranswarp\summer\jdbc\without\tx\Address.class]
13:29:36.502 [main] DEBUG com.gaoda.io.ResourceResolver -- found resource: Resource[path=file:D:\Codes\Projects\summer\summer_framework\Summer_Framework\target\test-classes\com\itranswarp\summer\jdbc\without\tx\JdbcWithoutTxApplication.class, name=com\itranswarp\summer\jdbc\without\tx\JdbcWithoutTxApplication.class]
13:29:36.503 [main] DEBUG com.gaoda.io.ResourceResolver -- found resource: Resource[path=file:D:\Codes\Projects\summer\summer_framework\Summer_Framework\target\test-classes\com\itranswarp\summer\jdbc\without\tx\JdbcWithoutTxTest.class, name=com\itranswarp\summer\jdbc\without\tx\JdbcWithoutTxTest.class]
13:29:36.503 [main] DEBUG com.gaoda.io.ResourceResolver -- found resource: Resource[path=file:D:\Codes\Projects\summer\summer_framework\Summer_Framework\target\test-classes\com\itranswarp\summer\jdbc\without\tx\User.class, name=com\itranswarp\summer\jdbc\without\tx\User.class]
13:29:36.503 [main] DEBUG c.g.c.AnnotationConfigApplicationContext -- class found by component scan: com.itranswarp.summer.jdbc.without.tx.Address
13:29:36.503 [main] DEBUG c.g.c.AnnotationConfigApplicationContext -- class found by component scan: com.itranswarp.summer.jdbc.without.tx.JdbcWithoutTxApplication
13:29:36.503 [main] DEBUG c.g.c.AnnotationConfigApplicationContext -- class found by component scan: com.itranswarp.summer.jdbc.without.tx.JdbcWithoutTxTest
13:29:36.503 [main] DEBUG c.g.c.AnnotationConfigApplicationContext -- class found by component scan: com.itranswarp.summer.jdbc.without.tx.User
13:29:36.505 [main] DEBUG c.g.c.AnnotationConfigApplicationContext -- found component: com.itranswarp.summer.jdbc.without.tx.JdbcWithoutTxApplication
13:29:36.506 [main] DEBUG c.g.c.AnnotationConfigApplicationContext -- define bean: BeanDefinition [name=jdbcWithoutTxApplication, beanClass=com.itranswarp.summer.jdbc.without.tx.JdbcWithoutTxApplication, factory=null, init-method=null, destroy-method=null, primary=false, instance=null]
13:29:36.506 [main] DEBUG c.g.c.AnnotationConfigApplicationContext -- define bean: BeanDefinition [name=jdbcTemplate, beanClass=com.gaoda.jdbc.JdbcTemplate, factory=JdbcWithoutTxApplication.jdbcTemplate(DataSource), init-method=null, destroy-method=null, primary=false, instance=null]
13:29:36.506 [main] DEBUG c.g.c.AnnotationConfigApplicationContext -- define bean: BeanDefinition [name=dataSource, beanClass=javax.sql.DataSource, factory=JdbcWithoutTxApplication.dataSource(String, String, String, String, int, int, int), init-method=null, destroy-method=null, primary=false, instance=null]
13:29:36.508 [main] DEBUG c.g.c.AnnotationConfigApplicationContext -- Try create bean 'jdbcWithoutTxApplication' as early singleton: com.itranswarp.summer.jdbc.without.tx.JdbcWithoutTxApplication
13:29:36.508 [main] DEBUG c.g.c.AnnotationConfigApplicationContext -- Try create bean 'dataSource' as early singleton: javax.sql.DataSource
13:29:36.508 [main] DEBUG com.zaxxer.hikari.HikariConfig -- Driver class org.sqlite.JDBC found in Thread context class loader jdk.internal.loader.ClassLoaders$AppClassLoader@7852e922
13:29:36.508 [main] DEBUG com.zaxxer.hikari.HikariConfig -- HikariPool-3 - configuration:
13:29:36.509 [main] DEBUG com.zaxxer.hikari.HikariConfig -- allowPoolSuspension.............false
13:29:36.509 [main] DEBUG com.zaxxer.hikari.HikariConfig -- autoCommit......................false
13:29:36.509 [main] DEBUG com.zaxxer.hikari.HikariConfig -- catalog.........................none
13:29:36.509 [main] DEBUG com.zaxxer.hikari.HikariConfig -- connectionInitSql...............none
13:29:36.509 [main] DEBUG com.zaxxer.hikari.HikariConfig -- connectionTestQuery.............none
13:29:36.509 [main] DEBUG com.zaxxer.hikari.HikariConfig -- connectionTimeout...............30000
13:29:36.509 [main] DEBUG com.zaxxer.hikari.HikariConfig -- dataSource......................none
13:29:36.509 [main] DEBUG com.zaxxer.hikari.HikariConfig -- dataSourceClassName.............none
13:29:36.509 [main] DEBUG com.zaxxer.hikari.HikariConfig -- dataSourceJNDI..................none
13:29:36.509 [main] DEBUG com.zaxxer.hikari.HikariConfig -- dataSourceProperties............{password=<masked>}
13:29:36.510 [main] DEBUG com.zaxxer.hikari.HikariConfig -- driverClassName................."org.sqlite.JDBC"
13:29:36.510 [main] DEBUG com.zaxxer.hikari.HikariConfig -- exceptionOverrideClassName......none
13:29:36.510 [main] DEBUG com.zaxxer.hikari.HikariConfig -- healthCheckProperties...........{}
13:29:36.510 [main] DEBUG com.zaxxer.hikari.HikariConfig -- healthCheckRegistry.............none
13:29:36.510 [main] DEBUG com.zaxxer.hikari.HikariConfig -- idleTimeout.....................600000
13:29:36.510 [main] DEBUG com.zaxxer.hikari.HikariConfig -- initializationFailTimeout.......1
13:29:36.510 [main] DEBUG com.zaxxer.hikari.HikariConfig -- isolateInternalQueries..........false
13:29:36.510 [main] DEBUG com.zaxxer.hikari.HikariConfig -- jdbcUrl.........................jdbc:sqlite:test.db
13:29:36.510 [main] DEBUG com.zaxxer.hikari.HikariConfig -- keepaliveTime...................0
13:29:36.510 [main] DEBUG com.zaxxer.hikari.HikariConfig -- leakDetectionThreshold..........0
13:29:36.510 [main] DEBUG com.zaxxer.hikari.HikariConfig -- maxLifetime.....................1800000
13:29:36.510 [main] DEBUG com.zaxxer.hikari.HikariConfig -- maximumPoolSize.................20
13:29:36.510 [main] DEBUG com.zaxxer.hikari.HikariConfig -- metricRegistry..................none
13:29:36.510 [main] DEBUG com.zaxxer.hikari.HikariConfig -- metricsTrackerFactory...........none
13:29:36.510 [main] DEBUG com.zaxxer.hikari.HikariConfig -- minimumIdle.....................1
13:29:36.510 [main] DEBUG com.zaxxer.hikari.HikariConfig -- password........................<masked>
13:29:36.510 [main] DEBUG com.zaxxer.hikari.HikariConfig -- poolName........................"HikariPool-3"
13:29:36.510 [main] DEBUG com.zaxxer.hikari.HikariConfig -- readOnly........................false
13:29:36.510 [main] DEBUG com.zaxxer.hikari.HikariConfig -- registerMbeans..................false
13:29:36.510 [main] DEBUG com.zaxxer.hikari.HikariConfig -- scheduledExecutor...............none
13:29:36.510 [main] DEBUG com.zaxxer.hikari.HikariConfig -- schema..........................none
13:29:36.510 [main] DEBUG com.zaxxer.hikari.HikariConfig -- threadFactory...................internal
13:29:36.510 [main] DEBUG com.zaxxer.hikari.HikariConfig -- transactionIsolation............default
13:29:36.510 [main] DEBUG com.zaxxer.hikari.HikariConfig -- username........................"sa"
13:29:36.510 [main] DEBUG com.zaxxer.hikari.HikariConfig -- validationTimeout...............5000
13:29:36.511 [main] INFO  com.zaxxer.hikari.HikariDataSource -- HikariPool-3 - Starting...
13:29:36.519 [main] INFO  com.zaxxer.hikari.pool.HikariPool -- HikariPool-3 - Added connection org.sqlite.jdbc4.JDBC4Connection@3e521715
13:29:36.519 [main] INFO  com.zaxxer.hikari.HikariDataSource -- HikariPool-3 - Start completed.
13:29:36.519 [main] DEBUG c.g.c.AnnotationConfigApplicationContext -- Try create bean 'jdbcTemplate' as early singleton: com.gaoda.jdbc.JdbcTemplate
13:29:36.520 [main] DEBUG c.g.c.AnnotationConfigApplicationContext -- bean initialized: BeanDefinition [name=dataSource, beanClass=javax.sql.DataSource, factory=JdbcWithoutTxApplication.dataSource(String, String, String, String, int, int, int), init-method=null, destroy-method=null, primary=false, instance=HikariDataSource (HikariPool-3)]
13:29:36.520 [main] DEBUG c.g.c.AnnotationConfigApplicationContext -- bean initialized: BeanDefinition [name=jdbcTemplate, beanClass=com.gaoda.jdbc.JdbcTemplate, factory=JdbcWithoutTxApplication.jdbcTemplate(DataSource), init-method=null, destroy-method=null, primary=false, instance=com.gaoda.jdbc.JdbcTemplate@26a529dc]
13:29:36.520 [main] DEBUG c.g.c.AnnotationConfigApplicationContext -- bean initialized: BeanDefinition [name=jdbcWithoutTxApplication, beanClass=com.itranswarp.summer.jdbc.without.tx.JdbcWithoutTxApplication, factory=null, init-method=null, destroy-method=null, primary=false, instance=com.itranswarp.summer.jdbc.without.tx.JdbcWithoutTxApplication@265c5d69]
13:29:36.607 [main] DEBUG com.gaoda.jdbc.BeanRowMapper -- Add row mapping: id to field id
13:29:36.607 [main] DEBUG com.gaoda.jdbc.BeanRowMapper -- Add row mapping: name to field name
13:29:36.607 [main] DEBUG com.gaoda.jdbc.BeanRowMapper -- Add row mapping: theAge to field theAge
13:29:36.607 [main] DEBUG com.gaoda.jdbc.BeanRowMapper -- Add row mapping: age to setAge(Integer)
13:29:36.608 [main] DEBUG com.gaoda.jdbc.BeanRowMapper -- Add row mapping: id to field id
13:29:36.608 [main] DEBUG com.gaoda.jdbc.BeanRowMapper -- Add row mapping: name to field name
13:29:36.608 [main] DEBUG com.gaoda.jdbc.BeanRowMapper -- Add row mapping: theAge to field theAge
13:29:36.608 [main] DEBUG com.gaoda.jdbc.BeanRowMapper -- Add row mapping: age to setAge(Integer)
13:29:36.634 [HikariPool-3 housekeeper] DEBUG com.zaxxer.hikari.pool.HikariPool -- HikariPool-3 - Before cleanup stats (total=1, active=1, idle=0, waiting=0)
13:29:36.634 [HikariPool-3 housekeeper] DEBUG com.zaxxer.hikari.pool.HikariPool -- HikariPool-3 - After cleanup  stats (total=1, active=1, idle=0, waiting=0)
13:29:36.640 [HikariPool-3 connection adder] DEBUG com.zaxxer.hikari.pool.HikariPool -- HikariPool-3 - Added connection org.sqlite.jdbc4.JDBC4Connection@19902c4
13:29:36.652 [main] INFO  c.g.c.AnnotationConfigApplicationContext -- Closing com.gaoda.context.AnnotationConfigApplicationContext...
13:29:36.652 [main] INFO  com.zaxxer.hikari.HikariDataSource -- HikariPool-3 - Shutdown initiated...
13:29:36.652 [main] DEBUG com.zaxxer.hikari.pool.HikariPool -- HikariPool-3 - Before shutdown stats (total=2, active=0, idle=2, waiting=0)
13:29:36.652 [HikariPool-3 connection closer] DEBUG com.zaxxer.hikari.pool.PoolBase -- HikariPool-3 - Closing connection org.sqlite.jdbc4.JDBC4Connection@3e521715: (connection evicted)
13:29:36.655 [HikariPool-3 connection closer] DEBUG com.zaxxer.hikari.pool.PoolBase -- HikariPool-3 - Closing connection org.sqlite.jdbc4.JDBC4Connection@19902c4: (connection evicted)
13:29:36.665 [HikariPool-3 connection adder] DEBUG com.zaxxer.hikari.pool.HikariPool -- HikariPool-3 - After adding stats (total=0, active=0, idle=0, waiting=0)
13:29:36.665 [main] DEBUG com.zaxxer.hikari.pool.HikariPool -- HikariPool-3 - After shutdown stats (total=0, active=0, idle=0, waiting=0)
13:29:36.665 [main] INFO  com.zaxxer.hikari.HikariDataSource -- HikariPool-3 - Shutdown completed.
13:29:36.665 [main] INFO  c.g.c.AnnotationConfigApplicationContext -- com.gaoda.context.AnnotationConfigApplicationContext closed.
13:29:36.665 [main] DEBUG com.gaoda.io.PropertyResolver -- PropertyResolver: =:: = ::\
13:29:36.665 [main] DEBUG com.gaoda.io.PropertyResolver -- PropertyResolver: =D: = D:\Codes\Projects\summer\summer_framework\Summer_Framework
13:29:36.665 [main] DEBUG com.gaoda.io.PropertyResolver -- PropertyResolver: ALLUSERSPROFILE = C:\ProgramData
13:29:36.665 [main] DEBUG com.gaoda.io.PropertyResolver -- PropertyResolver: APPDATA = C:\Users\Gundam\AppData\Roaming
13:29:36.665 [main] DEBUG com.gaoda.io.PropertyResolver -- PropertyResolver: CLASSPATH = .;D:\Code\jdk-18\lib;D:\Code\jdk-18\lib\tools.jar
13:29:36.665 [main] DEBUG com.gaoda.io.PropertyResolver -- PropertyResolver: COMMONPROGRAMFILES = C:\Program Files\Common Files
13:29:36.665 [main] DEBUG com.gaoda.io.PropertyResolver -- PropertyResolver: COMMONPROGRAMFILES(X86) = C:\Program Files (x86)\Common Files
13:29:36.665 [main] DEBUG com.gaoda.io.PropertyResolver -- PropertyResolver: COMMONPROGRAMW6432 = C:\Program Files\Common Files
13:29:36.665 [main] DEBUG com.gaoda.io.PropertyResolver -- PropertyResolver: COMPUTERNAME = DESKTOP-HR12F04
13:29:36.665 [main] DEBUG com.gaoda.io.PropertyResolver -- PropertyResolver: COMSPEC = C:\Windows\system32\cmd.exe
13:29:36.665 [main] DEBUG com.gaoda.io.PropertyResolver -- PropertyResolver: DRIVERDATA = C:\Windows\System32\Drivers\DriverData
13:29:36.665 [main] DEBUG com.gaoda.io.PropertyResolver -- PropertyResolver: FPS_BROWSER_APP_PROFILE_STRING = Internet Explorer
13:29:36.665 [main] DEBUG com.gaoda.io.PropertyResolver -- PropertyResolver: FPS_BROWSER_USER_PROFILE_STRING = Default
13:29:36.665 [main] DEBUG com.gaoda.io.PropertyResolver -- PropertyResolver: HOMEDRIVE = C:
13:29:36.665 [main] DEBUG com.gaoda.io.PropertyResolver -- PropertyResolver: HOMEPATH = \Users\Gundam
13:29:36.665 [main] DEBUG com.gaoda.io.PropertyResolver -- PropertyResolver: IDEA_INITIAL_DIRECTORY = D:\Applications1\code\idea\IntelliJ IDEA 2022.2.1\bin
13:29:36.665 [main] DEBUG com.gaoda.io.PropertyResolver -- PropertyResolver: INTELLIJ IDEA = D:\Applications1\code\idea\IntelliJ IDEA 2022.2.1\bin;
13:29:36.665 [main] DEBUG com.gaoda.io.PropertyResolver -- PropertyResolver: JAVA18_HOME = D:\Code\jdk-18
13:29:36.665 [main] DEBUG com.gaoda.io.PropertyResolver -- PropertyResolver: JAVA8_HOME = D:\Code\jdk-8
13:29:36.665 [main] DEBUG com.gaoda.io.PropertyResolver -- PropertyResolver: JAVA_HOME = D:\Code\jdk-18
13:29:36.665 [main] DEBUG com.gaoda.io.PropertyResolver -- PropertyResolver: LOCALAPPDATA = C:\Users\Gundam\AppData\Local
13:29:36.665 [main] DEBUG com.gaoda.io.PropertyResolver -- PropertyResolver: LOGONSERVER = \\DESKTOP-HR12F04
13:29:36.665 [main] DEBUG com.gaoda.io.PropertyResolver -- PropertyResolver: MAVEN_HOME = D:\Code\Maven\apache-maven-3.8.6
13:29:36.665 [main] DEBUG com.gaoda.io.PropertyResolver -- PropertyResolver: NLS_LANG = SIMPLIFIED CHINESE_CHINA.ZHS16GBK
13:29:36.665 [main] DEBUG com.gaoda.io.PropertyResolver -- PropertyResolver: NUMBER_OF_PROCESSORS = 16
13:29:36.665 [main] DEBUG com.gaoda.io.PropertyResolver -- PropertyResolver: ONEDRIVE = C:\Users\Gundam\OneDrive
13:29:36.665 [main] DEBUG com.gaoda.io.PropertyResolver -- PropertyResolver: OPENSSL_IA32CAP = ~0x200000200000000
13:29:36.665 [main] DEBUG com.gaoda.io.PropertyResolver -- PropertyResolver: ORACLE_HOME = D:\Code\oracle\Ora10InstantClient
13:29:36.665 [main] DEBUG com.gaoda.io.PropertyResolver -- PropertyResolver: OS = Windows_NT
13:29:36.665 [main] DEBUG com.gaoda.io.PropertyResolver -- PropertyResolver: PATH = C:\Windows;D:\Code\jdk-18\bin;D:\Code\jdk-18\jre\bin;C:\Program Files\Common Files\Oracle\Java\javapath;C:\Windows\system32;C:\Windows\System32\Wbem;C:\Windows\System32\WindowsPowerShell\v1.0\;C:\Windows\System32\OpenSSH\;D:\Applications1\computer\Bandizip\;C:\Program Files\NVIDIA Corporation\NVIDIA NvDLISR;C:\Program Files (x86)\NVIDIA Corporation\PhysX\Common;D:\Code\jdk-18;D:\Code\oracle\Ora10InstantClient;D:\Applications1\code\MySQL\bin;D:\Code\Maven\apache-maven-3.8.6\bin;D:\Code\Node.js\;D:\Applications1\code\Git\cmd;D:\Applications1\code\微信web开发者工具\dll;C:\Program Files\TortoiseGit\bin;C:\Program Files\Asiainfo Security\AisEsmAgent\atom_plugins\base_plugin;C:\Users\Gundam\AppData\Local\Programs\Python\Python311\Scripts\;C:\Users\Gundam\AppData\Local\Programs\Python\Python311\;C:\Users\Gundam\AppData\Local\Microsoft\WindowsApps;D:\Applications1\code\idea\IntelliJ IDEA 2022.2.1\bin;;D:\Applications1\code\vscode\Microsoft VS Code\bin;C:\Users\Gundam\AppData\Roaming\npm;D:\Applications1\code\webstorm\WebStorm 2022.3.2\bin;;D:\Applications1\play\QQgame\Hall.57975\
13:29:36.666 [main] DEBUG com.gaoda.io.PropertyResolver -- PropertyResolver: PATHEXT = .COM;.EXE;.BAT;.CMD;.VBS;.VBE;.JS;.JSE;.WSF;.WSH;.MSC
13:29:36.666 [main] DEBUG com.gaoda.io.PropertyResolver -- PropertyResolver: PROCESSOR_ARCHITECTURE = AMD64
13:29:36.666 [main] DEBUG com.gaoda.io.PropertyResolver -- PropertyResolver: PROCESSOR_IDENTIFIER = AMD64 Family 23 Model 96 Stepping 1, AuthenticAMD
13:29:36.666 [main] DEBUG com.gaoda.io.PropertyResolver -- PropertyResolver: PROCESSOR_LEVEL = 23
13:29:36.666 [main] DEBUG com.gaoda.io.PropertyResolver -- PropertyResolver: PROCESSOR_REVISION = 6001
13:29:36.666 [main] DEBUG com.gaoda.io.PropertyResolver -- PropertyResolver: PROGRAMDATA = C:\ProgramData
13:29:36.666 [main] DEBUG com.gaoda.io.PropertyResolver -- PropertyResolver: PROGRAMFILES = C:\Program Files
13:29:36.666 [main] DEBUG com.gaoda.io.PropertyResolver -- PropertyResolver: PROGRAMFILES(X86) = C:\Program Files (x86)
13:29:36.666 [main] DEBUG com.gaoda.io.PropertyResolver -- PropertyResolver: PROGRAMW6432 = C:\Program Files
13:29:36.666 [main] DEBUG com.gaoda.io.PropertyResolver -- PropertyResolver: PROMPT = $P$G
13:29:36.666 [main] DEBUG com.gaoda.io.PropertyResolver -- PropertyResolver: PSMODULEPATH = C:\Program Files\WindowsPowerShell\Modules;C:\Windows\system32\WindowsPowerShell\v1.0\Modules
13:29:36.666 [main] DEBUG com.gaoda.io.PropertyResolver -- PropertyResolver: PUBLIC = C:\Users\Public
13:29:36.666 [main] DEBUG com.gaoda.io.PropertyResolver -- PropertyResolver: SESSIONNAME = Console
13:29:36.666 [main] DEBUG com.gaoda.io.PropertyResolver -- PropertyResolver: SYSTEMDRIVE = C:
13:29:36.666 [main] DEBUG com.gaoda.io.PropertyResolver -- PropertyResolver: SYSTEMROOT = C:\Windows
13:29:36.666 [main] DEBUG com.gaoda.io.PropertyResolver -- PropertyResolver: TEMP = C:\Users\Gundam\AppData\Local\Temp
13:29:36.666 [main] DEBUG com.gaoda.io.PropertyResolver -- PropertyResolver: TMP = C:\Users\Gundam\AppData\Local\Temp
13:29:36.666 [main] DEBUG com.gaoda.io.PropertyResolver -- PropertyResolver: TNS_ADMIN = D:\Code\oracle\Ora10InstantClient
13:29:36.666 [main] DEBUG com.gaoda.io.PropertyResolver -- PropertyResolver: USERDOMAIN = DESKTOP-HR12F04
13:29:36.666 [main] DEBUG com.gaoda.io.PropertyResolver -- PropertyResolver: USERDOMAIN_ROAMINGPROFILE = DESKTOP-HR12F04
13:29:36.666 [main] DEBUG com.gaoda.io.PropertyResolver -- PropertyResolver: USERNAME = Gundam
13:29:36.666 [main] DEBUG com.gaoda.io.PropertyResolver -- PropertyResolver: USERPROFILE = C:\Users\Gundam
13:29:36.666 [main] DEBUG com.gaoda.io.PropertyResolver -- PropertyResolver: WEBSTORM = D:\Applications1\code\webstorm\WebStorm 2022.3.2\bin;
13:29:36.666 [main] DEBUG com.gaoda.io.PropertyResolver -- PropertyResolver: WINDIR = C:\Windows
13:29:36.666 [main] DEBUG com.gaoda.io.PropertyResolver -- PropertyResolver: summer.datasource.driver-class-name = org.sqlite.JDBC
13:29:36.666 [main] DEBUG com.gaoda.io.PropertyResolver -- PropertyResolver: summer.datasource.password = 
13:29:36.666 [main] DEBUG com.gaoda.io.PropertyResolver -- PropertyResolver: summer.datasource.url = jdbc:sqlite:test.db
13:29:36.666 [main] DEBUG com.gaoda.io.PropertyResolver -- PropertyResolver: summer.datasource.username = sa
13:29:36.666 [main] INFO  c.g.c.AnnotationConfigApplicationContext -- component scan in packages: [com.itranswarp.summer.jdbc.without.tx]
13:29:36.666 [main] DEBUG c.g.c.AnnotationConfigApplicationContext -- scan package: com.itranswarp.summer.jdbc.without.tx
13:29:36.666 [main] DEBUG com.gaoda.io.ResourceResolver -- scan path: com/itranswarp/summer/jdbc/without/tx
13:29:36.667 [main] DEBUG com.gaoda.io.ResourceResolver -- found resource: Resource[path=file:D:\Codes\Projects\summer\summer_framework\Summer_Framework\target\test-classes\com\itranswarp\summer\jdbc\without\tx\Address.class, name=com\itranswarp\summer\jdbc\without\tx\Address.class]
13:29:36.667 [main] DEBUG com.gaoda.io.ResourceResolver -- found resource: Resource[path=file:D:\Codes\Projects\summer\summer_framework\Summer_Framework\target\test-classes\com\itranswarp\summer\jdbc\without\tx\JdbcWithoutTxApplication.class, name=com\itranswarp\summer\jdbc\without\tx\JdbcWithoutTxApplication.class]
13:29:36.667 [main] DEBUG com.gaoda.io.ResourceResolver -- found resource: Resource[path=file:D:\Codes\Projects\summer\summer_framework\Summer_Framework\target\test-classes\com\itranswarp\summer\jdbc\without\tx\JdbcWithoutTxTest.class, name=com\itranswarp\summer\jdbc\without\tx\JdbcWithoutTxTest.class]
13:29:36.668 [main] DEBUG com.gaoda.io.ResourceResolver -- found resource: Resource[path=file:D:\Codes\Projects\summer\summer_framework\Summer_Framework\target\test-classes\com\itranswarp\summer\jdbc\without\tx\User.class, name=com\itranswarp\summer\jdbc\without\tx\User.class]
13:29:36.668 [main] DEBUG c.g.c.AnnotationConfigApplicationContext -- class found by component scan: com.itranswarp.summer.jdbc.without.tx.Address
13:29:36.668 [main] DEBUG c.g.c.AnnotationConfigApplicationContext -- class found by component scan: com.itranswarp.summer.jdbc.without.tx.JdbcWithoutTxApplication
13:29:36.668 [main] DEBUG c.g.c.AnnotationConfigApplicationContext -- class found by component scan: com.itranswarp.summer.jdbc.without.tx.JdbcWithoutTxTest
13:29:36.668 [main] DEBUG c.g.c.AnnotationConfigApplicationContext -- class found by component scan: com.itranswarp.summer.jdbc.without.tx.User
13:29:36.668 [main] DEBUG c.g.c.AnnotationConfigApplicationContext -- found component: com.itranswarp.summer.jdbc.without.tx.JdbcWithoutTxApplication
13:29:36.668 [main] DEBUG c.g.c.AnnotationConfigApplicationContext -- define bean: BeanDefinition [name=jdbcWithoutTxApplication, beanClass=com.itranswarp.summer.jdbc.without.tx.JdbcWithoutTxApplication, factory=null, init-method=null, destroy-method=null, primary=false, instance=null]
13:29:36.668 [main] DEBUG c.g.c.AnnotationConfigApplicationContext -- define bean: BeanDefinition [name=jdbcTemplate, beanClass=com.gaoda.jdbc.JdbcTemplate, factory=JdbcWithoutTxApplication.jdbcTemplate(DataSource), init-method=null, destroy-method=null, primary=false, instance=null]
13:29:36.668 [main] DEBUG c.g.c.AnnotationConfigApplicationContext -- define bean: BeanDefinition [name=dataSource, beanClass=javax.sql.DataSource, factory=JdbcWithoutTxApplication.dataSource(String, String, String, String, int, int, int), init-method=null, destroy-method=null, primary=false, instance=null]
13:29:36.668 [main] DEBUG c.g.c.AnnotationConfigApplicationContext -- Try create bean 'jdbcWithoutTxApplication' as early singleton: com.itranswarp.summer.jdbc.without.tx.JdbcWithoutTxApplication
13:29:36.668 [main] DEBUG c.g.c.AnnotationConfigApplicationContext -- Try create bean 'dataSource' as early singleton: javax.sql.DataSource
13:29:36.668 [main] DEBUG com.zaxxer.hikari.HikariConfig -- Driver class org.sqlite.JDBC found in Thread context class loader jdk.internal.loader.ClassLoaders$AppClassLoader@7852e922
13:29:36.668 [main] DEBUG com.zaxxer.hikari.HikariConfig -- HikariPool-4 - configuration:
13:29:36.669 [main] DEBUG com.zaxxer.hikari.HikariConfig -- allowPoolSuspension.............false
13:29:36.669 [main] DEBUG com.zaxxer.hikari.HikariConfig -- autoCommit......................false
13:29:36.669 [main] DEBUG com.zaxxer.hikari.HikariConfig -- catalog.........................none
13:29:36.669 [main] DEBUG com.zaxxer.hikari.HikariConfig -- connectionInitSql...............none
13:29:36.669 [main] DEBUG com.zaxxer.hikari.HikariConfig -- connectionTestQuery.............none
13:29:36.669 [main] DEBUG com.zaxxer.hikari.HikariConfig -- connectionTimeout...............30000
13:29:36.669 [main] DEBUG com.zaxxer.hikari.HikariConfig -- dataSource......................none
13:29:36.669 [main] DEBUG com.zaxxer.hikari.HikariConfig -- dataSourceClassName.............none
13:29:36.669 [main] DEBUG com.zaxxer.hikari.HikariConfig -- dataSourceJNDI..................none
13:29:36.669 [main] DEBUG com.zaxxer.hikari.HikariConfig -- dataSourceProperties............{password=<masked>}
13:29:36.669 [main] DEBUG com.zaxxer.hikari.HikariConfig -- driverClassName................."org.sqlite.JDBC"
13:29:36.669 [main] DEBUG com.zaxxer.hikari.HikariConfig -- exceptionOverrideClassName......none
13:29:36.669 [main] DEBUG com.zaxxer.hikari.HikariConfig -- healthCheckProperties...........{}
13:29:36.669 [main] DEBUG com.zaxxer.hikari.HikariConfig -- healthCheckRegistry.............none
13:29:36.669 [main] DEBUG com.zaxxer.hikari.HikariConfig -- idleTimeout.....................600000
13:29:36.669 [main] DEBUG com.zaxxer.hikari.HikariConfig -- initializationFailTimeout.......1
13:29:36.669 [main] DEBUG com.zaxxer.hikari.HikariConfig -- isolateInternalQueries..........false
13:29:36.669 [main] DEBUG com.zaxxer.hikari.HikariConfig -- jdbcUrl.........................jdbc:sqlite:test.db
13:29:36.669 [main] DEBUG com.zaxxer.hikari.HikariConfig -- keepaliveTime...................0
13:29:36.669 [main] DEBUG com.zaxxer.hikari.HikariConfig -- leakDetectionThreshold..........0
13:29:36.669 [main] DEBUG com.zaxxer.hikari.HikariConfig -- maxLifetime.....................1800000
13:29:36.669 [main] DEBUG com.zaxxer.hikari.HikariConfig -- maximumPoolSize.................20
13:29:36.669 [main] DEBUG com.zaxxer.hikari.HikariConfig -- metricRegistry..................none
13:29:36.669 [main] DEBUG com.zaxxer.hikari.HikariConfig -- metricsTrackerFactory...........none
13:29:36.669 [main] DEBUG com.zaxxer.hikari.HikariConfig -- minimumIdle.....................1
13:29:36.669 [main] DEBUG com.zaxxer.hikari.HikariConfig -- password........................<masked>
13:29:36.669 [main] DEBUG com.zaxxer.hikari.HikariConfig -- poolName........................"HikariPool-4"
13:29:36.669 [main] DEBUG com.zaxxer.hikari.HikariConfig -- readOnly........................false
13:29:36.669 [main] DEBUG com.zaxxer.hikari.HikariConfig -- registerMbeans..................false
13:29:36.669 [main] DEBUG com.zaxxer.hikari.HikariConfig -- scheduledExecutor...............none
13:29:36.669 [main] DEBUG com.zaxxer.hikari.HikariConfig -- schema..........................none
13:29:36.669 [main] DEBUG com.zaxxer.hikari.HikariConfig -- threadFactory...................internal
13:29:36.669 [main] DEBUG com.zaxxer.hikari.HikariConfig -- transactionIsolation............default
13:29:36.669 [main] DEBUG com.zaxxer.hikari.HikariConfig -- username........................"sa"
13:29:36.669 [main] DEBUG com.zaxxer.hikari.HikariConfig -- validationTimeout...............5000
13:29:36.669 [main] INFO  com.zaxxer.hikari.HikariDataSource -- HikariPool-4 - Starting...
13:29:36.672 [main] INFO  com.zaxxer.hikari.pool.HikariPool -- HikariPool-4 - Added connection org.sqlite.jdbc4.JDBC4Connection@5767b2af
13:29:36.672 [main] INFO  com.zaxxer.hikari.HikariDataSource -- HikariPool-4 - Start completed.
13:29:36.672 [main] DEBUG c.g.c.AnnotationConfigApplicationContext -- Try create bean 'jdbcTemplate' as early singleton: com.gaoda.jdbc.JdbcTemplate
13:29:36.672 [main] DEBUG c.g.c.AnnotationConfigApplicationContext -- bean initialized: BeanDefinition [name=dataSource, beanClass=javax.sql.DataSource, factory=JdbcWithoutTxApplication.dataSource(String, String, String, String, int, int, int), init-method=null, destroy-method=null, primary=false, instance=HikariDataSource (HikariPool-4)]
13:29:36.672 [main] DEBUG c.g.c.AnnotationConfigApplicationContext -- bean initialized: BeanDefinition [name=jdbcTemplate, beanClass=com.gaoda.jdbc.JdbcTemplate, factory=JdbcWithoutTxApplication.jdbcTemplate(DataSource), init-method=null, destroy-method=null, primary=false, instance=com.gaoda.jdbc.JdbcTemplate@7b22ec89]
13:29:36.672 [main] DEBUG c.g.c.AnnotationConfigApplicationContext -- bean initialized: BeanDefinition [name=jdbcWithoutTxApplication, beanClass=com.itranswarp.summer.jdbc.without.tx.JdbcWithoutTxApplication, factory=null, init-method=null, destroy-method=null, primary=false, instance=com.itranswarp.summer.jdbc.without.tx.JdbcWithoutTxApplication@790132f7]
13:29:36.672 [main] DEBUG com.gaoda.jdbc.BeanRowMapper -- Add row mapping: id to field id
13:29:36.672 [main] DEBUG com.gaoda.jdbc.BeanRowMapper -- Add row mapping: name to field name
13:29:36.672 [main] DEBUG com.gaoda.jdbc.BeanRowMapper -- Add row mapping: theAge to field theAge
13:29:36.672 [main] DEBUG com.gaoda.jdbc.BeanRowMapper -- Add row mapping: age to setAge(Integer)
13:29:36.674 [main] DEBUG com.gaoda.jdbc.BeanRowMapper -- Add row mapping: id to field id
13:29:36.674 [main] DEBUG com.gaoda.jdbc.BeanRowMapper -- Add row mapping: name to field name
13:29:36.674 [main] DEBUG com.gaoda.jdbc.BeanRowMapper -- Add row mapping: theAge to field theAge
13:29:36.674 [main] DEBUG com.gaoda.jdbc.BeanRowMapper -- Add row mapping: age to setAge(Integer)
13:29:36.675 [main] DEBUG com.zaxxer.hikari.pool.PoolBase -- HikariPool-4 - Reset (autoCommit) on connection org.sqlite.jdbc4.JDBC4Connection@5767b2af
13:29:36.675 [main] INFO  c.g.c.AnnotationConfigApplicationContext -- Closing com.gaoda.context.AnnotationConfigApplicationContext...
13:29:36.675 [main] INFO  com.zaxxer.hikari.HikariDataSource -- HikariPool-4 - Shutdown initiated...
13:29:36.675 [main] DEBUG com.zaxxer.hikari.pool.HikariPool -- HikariPool-4 - Before shutdown stats (total=1, active=0, idle=1, waiting=0)
13:29:36.675 [HikariPool-4 connection closer] DEBUG com.zaxxer.hikari.pool.PoolBase -- HikariPool-4 - Closing connection org.sqlite.jdbc4.JDBC4Connection@5767b2af: (connection evicted)
13:29:36.677 [main] DEBUG com.zaxxer.hikari.pool.HikariPool -- HikariPool-4 - After shutdown stats (total=0, active=0, idle=0, waiting=0)
13:29:36.678 [main] INFO  com.zaxxer.hikari.HikariDataSource -- HikariPool-4 - Shutdown completed.
13:29:36.678 [main] INFO  c.g.c.AnnotationConfigApplicationContext -- com.gaoda.context.AnnotationConfigApplicationContext closed.
]]></system-out>
  </testcase>
</testsuite>