<?xml version="1.0" encoding="UTF-8"?>
<testsuite xmlns:xsi="http://www.w3.org/2001/XMLSchema-instance" xsi:noNamespaceSchemaLocation="https://maven.apache.org/surefire/maven-surefire-plugin/xsd/surefire-test-report-3.0.xsd" version="3.0" name="com.itranswarp.summer.context.AnnotationConfigApplicationContextTest" time="0.346" tests="10" errors="0" skipped="0" failures="0">
  <properties>
[...]
</properties>
  <testcase name="testAnnotationConfigApplicationContext" classname="com.itranswarp.summer.context.AnnotationConfigApplicationContextTest" time="0.139">
    <system-out><![CDATA[13:29:35.502 [main] DEBUG com.gaoda.io.PropertyResolver -- PropertyResolver: =:: = ::\
13:29:35.502 [main] DEBUG com.gaoda.io.PropertyResolver -- PropertyResolver: =D: = D:\Codes\Projects\summer\summer_framework\Summer_Framework
13:29:35.502 [main] DEBUG com.gaoda.io.PropertyResolver -- PropertyResolver: ALLUSERSPROFILE = C:\ProgramData
13:29:35.502 [main] DEBUG com.gaoda.io.PropertyResolver -- PropertyResolver: APPDATA = C:\Users\Gundam\AppData\Roaming
13:29:35.502 [main] DEBUG com.gaoda.io.PropertyResolver -- PropertyResolver: CLASSPATH = .;D:\Code\jdk-18\lib;D:\Code\jdk-18\lib\tools.jar
13:29:35.502 [main] DEBUG com.gaoda.io.PropertyResolver -- PropertyResolver: COMMONPROGRAMFILES = C:\Program Files\Common Files
13:29:35.502 [main] DEBUG com.gaoda.io.PropertyResolver -- PropertyResolver: COMMONPROGRAMFILES(X86) = C:\Program Files (x86)\Common Files
13:29:35.502 [main] DEBUG com.gaoda.io.PropertyResolver -- PropertyResolver: COMMONPROGRAMW6432 = C:\Program Files\Common Files
13:29:35.502 [main] DEBUG com.gaoda.io.PropertyResolver -- PropertyResolver: COMPUTERNAME = DESKTOP-HR12F04
13:29:35.502 [main] DEBUG com.gaoda.io.PropertyResolver -- PropertyResolver: COMSPEC = C:\Windows\system32\cmd.exe
13:29:35.502 [main] DEBUG com.gaoda.io.PropertyResolver -- PropertyResolver: DRIVERDATA = C:\Windows\System32\Drivers\DriverData
13:29:35.502 [main] DEBUG com.gaoda.io.PropertyResolver -- PropertyResolver: FPS_BROWSER_APP_PROFILE_STRING = Internet Explorer
13:29:35.502 [main] DEBUG com.gaoda.io.PropertyResolver -- PropertyResolver: FPS_BROWSER_USER_PROFILE_STRING = Default
13:29:35.502 [main] DEBUG com.gaoda.io.PropertyResolver -- PropertyResolver: HOMEDRIVE = C:
13:29:35.502 [main] DEBUG com.gaoda.io.PropertyResolver -- PropertyResolver: HOMEPATH = \Users\Gundam
13:29:35.502 [main] DEBUG com.gaoda.io.PropertyResolver -- PropertyResolver: IDEA_INITIAL_DIRECTORY = D:\Applications1\code\idea\IntelliJ IDEA 2022.2.1\bin
13:29:35.502 [main] DEBUG com.gaoda.io.PropertyResolver -- PropertyResolver: INTELLIJ IDEA = D:\Applications1\code\idea\IntelliJ IDEA 2022.2.1\bin;
13:29:35.502 [main] DEBUG com.gaoda.io.PropertyResolver -- PropertyResolver: JAVA18_HOME = D:\Code\jdk-18
13:29:35.502 [main] DEBUG com.gaoda.io.PropertyResolver -- PropertyResolver: JAVA8_HOME = D:\Code\jdk-8
13:29:35.502 [main] DEBUG com.gaoda.io.PropertyResolver -- PropertyResolver: JAVA_HOME = D:\Code\jdk-18
13:29:35.502 [main] DEBUG com.gaoda.io.PropertyResolver -- PropertyResolver: LOCALAPPDATA = C:\Users\Gundam\AppData\Local
13:29:35.502 [main] DEBUG com.gaoda.io.PropertyResolver -- PropertyResolver: LOGONSERVER = \\DESKTOP-HR12F04
13:29:35.502 [main] DEBUG com.gaoda.io.PropertyResolver -- PropertyResolver: MAVEN_HOME = D:\Code\Maven\apache-maven-3.8.6
13:29:35.502 [main] DEBUG com.gaoda.io.PropertyResolver -- PropertyResolver: NLS_LANG = SIMPLIFIED CHINESE_CHINA.ZHS16GBK
13:29:35.502 [main] DEBUG com.gaoda.io.PropertyResolver -- PropertyResolver: NUMBER_OF_PROCESSORS = 16
13:29:35.502 [main] DEBUG com.gaoda.io.PropertyResolver -- PropertyResolver: ONEDRIVE = C:\Users\Gundam\OneDrive
13:29:35.502 [main] DEBUG com.gaoda.io.PropertyResolver -- PropertyResolver: OPENSSL_IA32CAP = ~0x200000200000000
13:29:35.502 [main] DEBUG com.gaoda.io.PropertyResolver -- PropertyResolver: ORACLE_HOME = D:\Code\oracle\Ora10InstantClient
13:29:35.502 [main] DEBUG com.gaoda.io.PropertyResolver -- PropertyResolver: OS = Windows_NT
13:29:35.502 [main] DEBUG com.gaoda.io.PropertyResolver -- PropertyResolver: PATH = C:\Windows;D:\Code\jdk-18\bin;D:\Code\jdk-18\jre\bin;C:\Program Files\Common Files\Oracle\Java\javapath;C:\Windows\system32;C:\Windows\System32\Wbem;C:\Windows\System32\WindowsPowerShell\v1.0\;C:\Windows\System32\OpenSSH\;D:\Applications1\computer\Bandizip\;C:\Program Files\NVIDIA Corporation\NVIDIA NvDLISR;C:\Program Files (x86)\NVIDIA Corporation\PhysX\Common;D:\Code\jdk-18;D:\Code\oracle\Ora10InstantClient;D:\Applications1\code\MySQL\bin;D:\Code\Maven\apache-maven-3.8.6\bin;D:\Code\Node.js\;D:\Applications1\code\Git\cmd;D:\Applications1\code\微信web开发者工具\dll;C:\Program Files\TortoiseGit\bin;C:\Program Files\Asiainfo Security\AisEsmAgent\atom_plugins\base_plugin;C:\Users\Gundam\AppData\Local\Programs\Python\Python311\Scripts\;C:\Users\Gundam\AppData\Local\Programs\Python\Python311\;C:\Users\Gundam\AppData\Local\Microsoft\WindowsApps;D:\Applications1\code\idea\IntelliJ IDEA 2022.2.1\bin;;D:\Applications1\code\vscode\Microsoft VS Code\bin;C:\Users\Gundam\AppData\Roaming\npm;D:\Applications1\code\webstorm\WebStorm 2022.3.2\bin;;D:\Applications1\play\QQgame\Hall.57975\
13:29:35.503 [main] DEBUG com.gaoda.io.PropertyResolver -- PropertyResolver: PATHEXT = .COM;.EXE;.BAT;.CMD;.VBS;.VBE;.JS;.JSE;.WSF;.WSH;.MSC
13:29:35.503 [main] DEBUG com.gaoda.io.PropertyResolver -- PropertyResolver: PROCESSOR_ARCHITECTURE = AMD64
13:29:35.503 [main] DEBUG com.gaoda.io.PropertyResolver -- PropertyResolver: PROCESSOR_IDENTIFIER = AMD64 Family 23 Model 96 Stepping 1, AuthenticAMD
13:29:35.503 [main] DEBUG com.gaoda.io.PropertyResolver -- PropertyResolver: PROCESSOR_LEVEL = 23
13:29:35.503 [main] DEBUG com.gaoda.io.PropertyResolver -- PropertyResolver: PROCESSOR_REVISION = 6001
13:29:35.503 [main] DEBUG com.gaoda.io.PropertyResolver -- PropertyResolver: PROGRAMDATA = C:\ProgramData
13:29:35.503 [main] DEBUG com.gaoda.io.PropertyResolver -- PropertyResolver: PROGRAMFILES = C:\Program Files
13:29:35.503 [main] DEBUG com.gaoda.io.PropertyResolver -- PropertyResolver: PROGRAMFILES(X86) = C:\Program Files (x86)
13:29:35.503 [main] DEBUG com.gaoda.io.PropertyResolver -- PropertyResolver: PROGRAMW6432 = C:\Program Files
13:29:35.503 [main] DEBUG com.gaoda.io.PropertyResolver -- PropertyResolver: PROMPT = $P$G
13:29:35.503 [main] DEBUG com.gaoda.io.PropertyResolver -- PropertyResolver: PSMODULEPATH = C:\Program Files\WindowsPowerShell\Modules;C:\Windows\system32\WindowsPowerShell\v1.0\Modules
13:29:35.503 [main] DEBUG com.gaoda.io.PropertyResolver -- PropertyResolver: PUBLIC = C:\Users\Public
13:29:35.503 [main] DEBUG com.gaoda.io.PropertyResolver -- PropertyResolver: SESSIONNAME = Console
13:29:35.503 [main] DEBUG com.gaoda.io.PropertyResolver -- PropertyResolver: SYSTEMDRIVE = C:
13:29:35.503 [main] DEBUG com.gaoda.io.PropertyResolver -- PropertyResolver: SYSTEMROOT = C:\Windows
13:29:35.503 [main] DEBUG com.gaoda.io.PropertyResolver -- PropertyResolver: TEMP = C:\Users\Gundam\AppData\Local\Temp
13:29:35.503 [main] DEBUG com.gaoda.io.PropertyResolver -- PropertyResolver: TMP = C:\Users\Gundam\AppData\Local\Temp
13:29:35.503 [main] DEBUG com.gaoda.io.PropertyResolver -- PropertyResolver: TNS_ADMIN = D:\Code\oracle\Ora10InstantClient
13:29:35.503 [main] DEBUG com.gaoda.io.PropertyResolver -- PropertyResolver: USERDOMAIN = DESKTOP-HR12F04
13:29:35.503 [main] DEBUG com.gaoda.io.PropertyResolver -- PropertyResolver: USERDOMAIN_ROAMINGPROFILE = DESKTOP-HR12F04
13:29:35.503 [main] DEBUG com.gaoda.io.PropertyResolver -- PropertyResolver: USERNAME = Gundam
13:29:35.503 [main] DEBUG com.gaoda.io.PropertyResolver -- PropertyResolver: USERPROFILE = C:\Users\Gundam
13:29:35.503 [main] DEBUG com.gaoda.io.PropertyResolver -- PropertyResolver: WEBSTORM = D:\Applications1\code\webstorm\WebStorm 2022.3.2\bin;
13:29:35.503 [main] DEBUG com.gaoda.io.PropertyResolver -- PropertyResolver: WINDIR = C:\Windows
13:29:35.503 [main] DEBUG com.gaoda.io.PropertyResolver -- PropertyResolver: app.title = Scan App
13:29:35.503 [main] DEBUG com.gaoda.io.PropertyResolver -- PropertyResolver: app.version = v1.0
13:29:35.503 [main] DEBUG com.gaoda.io.PropertyResolver -- PropertyResolver: convert.boolean = true
13:29:35.503 [main] DEBUG com.gaoda.io.PropertyResolver -- PropertyResolver: convert.byte = 123
13:29:35.503 [main] DEBUG com.gaoda.io.PropertyResolver -- PropertyResolver: convert.double = 123456789.87654321
13:29:35.503 [main] DEBUG com.gaoda.io.PropertyResolver -- PropertyResolver: convert.duration = P2DT3H4M
13:29:35.503 [main] DEBUG com.gaoda.io.PropertyResolver -- PropertyResolver: convert.float = 12345.6789
13:29:35.503 [main] DEBUG com.gaoda.io.PropertyResolver -- PropertyResolver: convert.integer = 1234567
13:29:35.503 [main] DEBUG com.gaoda.io.PropertyResolver -- PropertyResolver: convert.localdate = 2023-03-29
13:29:35.503 [main] DEBUG com.gaoda.io.PropertyResolver -- PropertyResolver: convert.localdatetime = 2023-03-29T20:45:01
13:29:35.503 [main] DEBUG com.gaoda.io.PropertyResolver -- PropertyResolver: convert.localtime = 20:45:01
13:29:35.503 [main] DEBUG com.gaoda.io.PropertyResolver -- PropertyResolver: convert.long = 123456789000
13:29:35.503 [main] DEBUG com.gaoda.io.PropertyResolver -- PropertyResolver: convert.short = 12345
13:29:35.503 [main] DEBUG com.gaoda.io.PropertyResolver -- PropertyResolver: convert.zoneddatetime = 2023-03-29T20:45:01+08:00[Asia/Shanghai]
13:29:35.503 [main] DEBUG com.gaoda.io.PropertyResolver -- PropertyResolver: convert.zoneid = Asia/Shanghai
13:29:35.503 [main] DEBUG com.gaoda.io.PropertyResolver -- PropertyResolver: jdbc.password = 
13:29:35.503 [main] DEBUG com.gaoda.io.PropertyResolver -- PropertyResolver: jdbc.url = jdbc:hsqldb:file:testdb.tmp
13:29:35.504 [main] DEBUG com.gaoda.io.PropertyResolver -- PropertyResolver: jdbc.username = sa
13:29:35.508 [main] INFO  c.g.c.AnnotationConfigApplicationContext -- component scan in packages: [com.itranswarp.scan]
13:29:35.508 [main] DEBUG c.g.c.AnnotationConfigApplicationContext -- scan package: com.itranswarp.scan
13:29:35.508 [main] DEBUG com.gaoda.io.ResourceResolver -- scan path: com/itranswarp/scan
13:29:35.510 [main] DEBUG com.gaoda.io.ResourceResolver -- found resource: Resource[path=file:D:\Codes\Projects\summer\summer_framework\Summer_Framework\target\test-classes\com\itranswarp\scan\convert\ValueConverterBean.class, name=com\itranswarp\scan\convert\ValueConverterBean.class]
13:29:35.511 [main] DEBUG com.gaoda.io.ResourceResolver -- found resource: Resource[path=file:D:\Codes\Projects\summer\summer_framework\Summer_Framework\target\test-classes\com\itranswarp\scan\custom\annotation\CustomAnnotation.class, name=com\itranswarp\scan\custom\annotation\CustomAnnotation.class]
13:29:35.512 [main] DEBUG com.gaoda.io.ResourceResolver -- found resource: Resource[path=file:D:\Codes\Projects\summer\summer_framework\Summer_Framework\target\test-classes\com\itranswarp\scan\custom\annotation\CustomAnnotationBean.class, name=com\itranswarp\scan\custom\annotation\CustomAnnotationBean.class]
13:29:35.512 [main] DEBUG com.gaoda.io.ResourceResolver -- found resource: Resource[path=file:D:\Codes\Projects\summer\summer_framework\Summer_Framework\target\test-classes\com\itranswarp\scan\destroy\AnnotationDestroyBean.class, name=com\itranswarp\scan\destroy\AnnotationDestroyBean.class]
13:29:35.513 [main] DEBUG com.gaoda.io.ResourceResolver -- found resource: Resource[path=file:D:\Codes\Projects\summer\summer_framework\Summer_Framework\target\test-classes\com\itranswarp\scan\destroy\SpecifyDestroyBean.class, name=com\itranswarp\scan\destroy\SpecifyDestroyBean.class]
13:29:35.513 [main] DEBUG com.gaoda.io.ResourceResolver -- found resource: Resource[path=file:D:\Codes\Projects\summer\summer_framework\Summer_Framework\target\test-classes\com\itranswarp\scan\destroy\SpecifyDestroyConfiguration.class, name=com\itranswarp\scan\destroy\SpecifyDestroyConfiguration.class]
13:29:35.514 [main] DEBUG com.gaoda.io.ResourceResolver -- found resource: Resource[path=file:D:\Codes\Projects\summer\summer_framework\Summer_Framework\target\test-classes\com\itranswarp\scan\init\AnnotationInitBean.class, name=com\itranswarp\scan\init\AnnotationInitBean.class]
13:29:35.515 [main] DEBUG com.gaoda.io.ResourceResolver -- found resource: Resource[path=file:D:\Codes\Projects\summer\summer_framework\Summer_Framework\target\test-classes\com\itranswarp\scan\init\SpecifyInitBean.class, name=com\itranswarp\scan\init\SpecifyInitBean.class]
13:29:35.515 [main] DEBUG com.gaoda.io.ResourceResolver -- found resource: Resource[path=file:D:\Codes\Projects\summer\summer_framework\Summer_Framework\target\test-classes\com\itranswarp\scan\init\SpecifyInitConfiguration.class, name=com\itranswarp\scan\init\SpecifyInitConfiguration.class]
13:29:35.516 [main] DEBUG com.gaoda.io.ResourceResolver -- found resource: Resource[path=file:D:\Codes\Projects\summer\summer_framework\Summer_Framework\target\test-classes\com\itranswarp\scan\nested\OuterBean$NestedBean.class, name=com\itranswarp\scan\nested\OuterBean$NestedBean.class]
13:29:35.517 [main] DEBUG com.gaoda.io.ResourceResolver -- found resource: Resource[path=file:D:\Codes\Projects\summer\summer_framework\Summer_Framework\target\test-classes\com\itranswarp\scan\nested\OuterBean.class, name=com\itranswarp\scan\nested\OuterBean.class]
13:29:35.525 [main] DEBUG com.gaoda.io.ResourceResolver -- found resource: Resource[path=file:D:\Codes\Projects\summer\summer_framework\Summer_Framework\target\test-classes\com\itranswarp\scan\primary\DogBean.class, name=com\itranswarp\scan\primary\DogBean.class]
13:29:35.525 [main] DEBUG com.gaoda.io.ResourceResolver -- found resource: Resource[path=file:D:\Codes\Projects\summer\summer_framework\Summer_Framework\target\test-classes\com\itranswarp\scan\primary\PersonBean.class, name=com\itranswarp\scan\primary\PersonBean.class]
13:29:35.525 [main] DEBUG com.gaoda.io.ResourceResolver -- found resource: Resource[path=file:D:\Codes\Projects\summer\summer_framework\Summer_Framework\target\test-classes\com\itranswarp\scan\primary\PrimaryConfiguration.class, name=com\itranswarp\scan\primary\PrimaryConfiguration.class]
13:29:35.526 [main] DEBUG com.gaoda.io.ResourceResolver -- found resource: Resource[path=file:D:\Codes\Projects\summer\summer_framework\Summer_Framework\target\test-classes\com\itranswarp\scan\primary\StudentBean.class, name=com\itranswarp\scan\primary\StudentBean.class]
13:29:35.526 [main] DEBUG com.gaoda.io.ResourceResolver -- found resource: Resource[path=file:D:\Codes\Projects\summer\summer_framework\Summer_Framework\target\test-classes\com\itranswarp\scan\primary\TeacherBean.class, name=com\itranswarp\scan\primary\TeacherBean.class]
13:29:35.527 [main] DEBUG com.gaoda.io.ResourceResolver -- found resource: Resource[path=file:D:\Codes\Projects\summer\summer_framework\Summer_Framework\target\test-classes\com\itranswarp\scan\proxy\FirstProxyBean.class, name=com\itranswarp\scan\proxy\FirstProxyBean.class]
13:29:35.528 [main] DEBUG com.gaoda.io.ResourceResolver -- found resource: Resource[path=file:D:\Codes\Projects\summer\summer_framework\Summer_Framework\target\test-classes\com\itranswarp\scan\proxy\FirstProxyBeanPostProcessor.class, name=com\itranswarp\scan\proxy\FirstProxyBeanPostProcessor.class]
13:29:35.528 [main] DEBUG com.gaoda.io.ResourceResolver -- found resource: Resource[path=file:D:\Codes\Projects\summer\summer_framework\Summer_Framework\target\test-classes\com\itranswarp\scan\proxy\InjectProxyOnConstructorBean.class, name=com\itranswarp\scan\proxy\InjectProxyOnConstructorBean.class]
13:29:35.529 [main] DEBUG com.gaoda.io.ResourceResolver -- found resource: Resource[path=file:D:\Codes\Projects\summer\summer_framework\Summer_Framework\target\test-classes\com\itranswarp\scan\proxy\InjectProxyOnPropertyBean.class, name=com\itranswarp\scan\proxy\InjectProxyOnPropertyBean.class]
13:29:35.530 [main] DEBUG com.gaoda.io.ResourceResolver -- found resource: Resource[path=file:D:\Codes\Projects\summer\summer_framework\Summer_Framework\target\test-classes\com\itranswarp\scan\proxy\OriginBean.class, name=com\itranswarp\scan\proxy\OriginBean.class]
13:29:35.530 [main] DEBUG com.gaoda.io.ResourceResolver -- found resource: Resource[path=file:D:\Codes\Projects\summer\summer_framework\Summer_Framework\target\test-classes\com\itranswarp\scan\proxy\SecondProxyBean.class, name=com\itranswarp\scan\proxy\SecondProxyBean.class]
13:29:35.531 [main] DEBUG com.gaoda.io.ResourceResolver -- found resource: Resource[path=file:D:\Codes\Projects\summer\summer_framework\Summer_Framework\target\test-classes\com\itranswarp\scan\proxy\SecondProxyBeanPostProcessor.class, name=com\itranswarp\scan\proxy\SecondProxyBeanPostProcessor.class]
13:29:35.532 [main] DEBUG com.gaoda.io.ResourceResolver -- found resource: Resource[path=file:D:\Codes\Projects\summer\summer_framework\Summer_Framework\target\test-classes\com\itranswarp\scan\ScanApplication.class, name=com\itranswarp\scan\ScanApplication.class]
13:29:35.533 [main] DEBUG com.gaoda.io.ResourceResolver -- found resource: Resource[path=file:D:\Codes\Projects\summer\summer_framework\Summer_Framework\target\test-classes\com\itranswarp\scan\sub1\sub1.txt, name=com\itranswarp\scan\sub1\sub1.txt]
13:29:35.533 [main] DEBUG com.gaoda.io.ResourceResolver -- found resource: Resource[path=file:D:\Codes\Projects\summer\summer_framework\Summer_Framework\target\test-classes\com\itranswarp\scan\sub1\Sub1Bean.class, name=com\itranswarp\scan\sub1\Sub1Bean.class]
13:29:35.534 [main] DEBUG com.gaoda.io.ResourceResolver -- found resource: Resource[path=file:D:\Codes\Projects\summer\summer_framework\Summer_Framework\target\test-classes\com\itranswarp\scan\sub1\sub2\sub2.txt, name=com\itranswarp\scan\sub1\sub2\sub2.txt]
13:29:35.535 [main] DEBUG com.gaoda.io.ResourceResolver -- found resource: Resource[path=file:D:\Codes\Projects\summer\summer_framework\Summer_Framework\target\test-classes\com\itranswarp\scan\sub1\sub2\Sub2Bean.class, name=com\itranswarp\scan\sub1\sub2\Sub2Bean.class]
13:29:35.536 [main] DEBUG com.gaoda.io.ResourceResolver -- found resource: Resource[path=file:D:\Codes\Projects\summer\summer_framework\Summer_Framework\target\test-classes\com\itranswarp\scan\sub1\sub2\sub3\sub3.txt, name=com\itranswarp\scan\sub1\sub2\sub3\sub3.txt]
13:29:35.537 [main] DEBUG com.gaoda.io.ResourceResolver -- found resource: Resource[path=file:D:\Codes\Projects\summer\summer_framework\Summer_Framework\target\test-classes\com\itranswarp\scan\sub1\sub2\sub3\Sub3Bean.class, name=com\itranswarp\scan\sub1\sub2\sub3\Sub3Bean.class]
13:29:35.537 [main] DEBUG c.g.c.AnnotationConfigApplicationContext -- class found by component scan: com.itranswarp.scan.convert.ValueConverterBean
13:29:35.537 [main] DEBUG c.g.c.AnnotationConfigApplicationContext -- class found by component scan: com.itranswarp.scan.custom.annotation.CustomAnnotation
13:29:35.537 [main] DEBUG c.g.c.AnnotationConfigApplicationContext -- class found by component scan: com.itranswarp.scan.custom.annotation.CustomAnnotationBean
13:29:35.537 [main] DEBUG c.g.c.AnnotationConfigApplicationContext -- class found by component scan: com.itranswarp.scan.destroy.AnnotationDestroyBean
13:29:35.537 [main] DEBUG c.g.c.AnnotationConfigApplicationContext -- class found by component scan: com.itranswarp.scan.destroy.SpecifyDestroyBean
13:29:35.537 [main] DEBUG c.g.c.AnnotationConfigApplicationContext -- class found by component scan: com.itranswarp.scan.destroy.SpecifyDestroyConfiguration
13:29:35.537 [main] DEBUG c.g.c.AnnotationConfigApplicationContext -- class found by component scan: com.itranswarp.scan.init.AnnotationInitBean
13:29:35.537 [main] DEBUG c.g.c.AnnotationConfigApplicationContext -- class found by component scan: com.itranswarp.scan.init.SpecifyInitBean
13:29:35.537 [main] DEBUG c.g.c.AnnotationConfigApplicationContext -- class found by component scan: com.itranswarp.scan.init.SpecifyInitConfiguration
13:29:35.537 [main] DEBUG c.g.c.AnnotationConfigApplicationContext -- class found by component scan: com.itranswarp.scan.nested.OuterBean$NestedBean
13:29:35.537 [main] DEBUG c.g.c.AnnotationConfigApplicationContext -- class found by component scan: com.itranswarp.scan.nested.OuterBean
13:29:35.537 [main] DEBUG c.g.c.AnnotationConfigApplicationContext -- class found by component scan: com.itranswarp.scan.primary.DogBean
13:29:35.537 [main] DEBUG c.g.c.AnnotationConfigApplicationContext -- class found by component scan: com.itranswarp.scan.primary.PersonBean
13:29:35.537 [main] DEBUG c.g.c.AnnotationConfigApplicationContext -- class found by component scan: com.itranswarp.scan.primary.PrimaryConfiguration
13:29:35.537 [main] DEBUG c.g.c.AnnotationConfigApplicationContext -- class found by component scan: com.itranswarp.scan.primary.StudentBean
13:29:35.537 [main] DEBUG c.g.c.AnnotationConfigApplicationContext -- class found by component scan: com.itranswarp.scan.primary.TeacherBean
13:29:35.537 [main] DEBUG c.g.c.AnnotationConfigApplicationContext -- class found by component scan: com.itranswarp.scan.proxy.FirstProxyBean
13:29:35.537 [main] DEBUG c.g.c.AnnotationConfigApplicationContext -- class found by component scan: com.itranswarp.scan.proxy.FirstProxyBeanPostProcessor
13:29:35.537 [main] DEBUG c.g.c.AnnotationConfigApplicationContext -- class found by component scan: com.itranswarp.scan.proxy.InjectProxyOnConstructorBean
13:29:35.537 [main] DEBUG c.g.c.AnnotationConfigApplicationContext -- class found by component scan: com.itranswarp.scan.proxy.InjectProxyOnPropertyBean
13:29:35.537 [main] DEBUG c.g.c.AnnotationConfigApplicationContext -- class found by component scan: com.itranswarp.scan.proxy.OriginBean
13:29:35.537 [main] DEBUG c.g.c.AnnotationConfigApplicationContext -- class found by component scan: com.itranswarp.scan.proxy.SecondProxyBean
13:29:35.537 [main] DEBUG c.g.c.AnnotationConfigApplicationContext -- class found by component scan: com.itranswarp.scan.proxy.SecondProxyBeanPostProcessor
13:29:35.537 [main] DEBUG c.g.c.AnnotationConfigApplicationContext -- class found by component scan: com.itranswarp.scan.ScanApplication
13:29:35.537 [main] DEBUG c.g.c.AnnotationConfigApplicationContext -- class found by component scan: com.itranswarp.scan.sub1.Sub1Bean
13:29:35.537 [main] DEBUG c.g.c.AnnotationConfigApplicationContext -- class found by component scan: com.itranswarp.scan.sub1.sub2.Sub2Bean
13:29:35.537 [main] DEBUG c.g.c.AnnotationConfigApplicationContext -- class found by component scan: com.itranswarp.scan.sub1.sub2.sub3.Sub3Bean
13:29:35.538 [main] DEBUG c.g.c.AnnotationConfigApplicationContext -- class found by import: com.itranswarp.imported.LocalDateConfiguration
13:29:35.538 [main] DEBUG c.g.c.AnnotationConfigApplicationContext -- class found by import: com.itranswarp.imported.ZonedDateConfiguration
13:29:35.540 [main] DEBUG c.g.c.AnnotationConfigApplicationContext -- found component: com.itranswarp.scan.proxy.SecondProxyBeanPostProcessor
13:29:35.540 [main] DEBUG c.g.c.AnnotationConfigApplicationContext -- define bean: BeanDefinition [name=secondProxyBeanPostProcessor, beanClass=com.itranswarp.scan.proxy.SecondProxyBeanPostProcessor, factory=null, init-method=null, destroy-method=null, primary=false, instance=null]
13:29:35.543 [main] DEBUG c.g.c.AnnotationConfigApplicationContext -- found component: com.itranswarp.scan.destroy.AnnotationDestroyBean
13:29:35.544 [main] DEBUG c.g.c.AnnotationConfigApplicationContext -- define bean: BeanDefinition [name=annotationDestroyBean, beanClass=com.itranswarp.scan.destroy.AnnotationDestroyBean, factory=null, init-method=null, destroy-method=destroy, primary=false, instance=null]
13:29:35.547 [main] DEBUG c.g.c.AnnotationConfigApplicationContext -- found component: com.itranswarp.scan.primary.StudentBean
13:29:35.548 [main] DEBUG c.g.c.AnnotationConfigApplicationContext -- define bean: BeanDefinition [name=studentBean, beanClass=com.itranswarp.scan.primary.StudentBean, factory=null, init-method=null, destroy-method=null, primary=false, instance=null]
13:29:35.551 [main] DEBUG c.g.c.AnnotationConfigApplicationContext -- found component: com.itranswarp.scan.sub1.sub2.Sub2Bean
13:29:35.552 [main] DEBUG c.g.c.AnnotationConfigApplicationContext -- define bean: BeanDefinition [name=sub2Bean, beanClass=com.itranswarp.scan.sub1.sub2.Sub2Bean, factory=null, init-method=null, destroy-method=null, primary=false, instance=null]
13:29:35.555 [main] DEBUG c.g.c.AnnotationConfigApplicationContext -- found component: com.itranswarp.scan.primary.TeacherBean
13:29:35.555 [main] DEBUG c.g.c.AnnotationConfigApplicationContext -- define bean: BeanDefinition [name=teacherBean, beanClass=com.itranswarp.scan.primary.TeacherBean, factory=null, init-method=null, destroy-method=null, primary=true, instance=null]
13:29:35.558 [main] DEBUG c.g.c.AnnotationConfigApplicationContext -- found component: com.itranswarp.scan.proxy.FirstProxyBeanPostProcessor
13:29:35.558 [main] DEBUG c.g.c.AnnotationConfigApplicationContext -- define bean: BeanDefinition [name=firstProxyBeanPostProcessor, beanClass=com.itranswarp.scan.proxy.FirstProxyBeanPostProcessor, factory=null, init-method=null, destroy-method=null, primary=false, instance=null]
13:29:35.560 [main] DEBUG c.g.c.AnnotationConfigApplicationContext -- found component: com.itranswarp.scan.primary.PrimaryConfiguration
13:29:35.562 [main] DEBUG c.g.c.AnnotationConfigApplicationContext -- define bean: BeanDefinition [name=primaryConfiguration, beanClass=com.itranswarp.scan.primary.PrimaryConfiguration, factory=null, init-method=null, destroy-method=null, primary=false, instance=null]
13:29:35.562 [main] DEBUG c.g.c.AnnotationConfigApplicationContext -- define bean: BeanDefinition [name=teddy, beanClass=com.itranswarp.scan.primary.DogBean, factory=PrimaryConfiguration.teddy(), init-method=null, destroy-method=null, primary=false, instance=null]
13:29:35.562 [main] DEBUG c.g.c.AnnotationConfigApplicationContext -- define bean: BeanDefinition [name=husky, beanClass=com.itranswarp.scan.primary.DogBean, factory=PrimaryConfiguration.husky(), init-method=null, destroy-method=null, primary=true, instance=null]
13:29:35.562 [main] DEBUG c.g.c.AnnotationConfigApplicationContext -- found component: com.itranswarp.imported.ZonedDateConfiguration
13:29:35.562 [main] DEBUG c.g.c.AnnotationConfigApplicationContext -- define bean: BeanDefinition [name=zonedDateConfiguration, beanClass=com.itranswarp.imported.ZonedDateConfiguration, factory=null, init-method=null, destroy-method=null, primary=false, instance=null]
13:29:35.562 [main] DEBUG c.g.c.AnnotationConfigApplicationContext -- define bean: BeanDefinition [name=startZonedDateTime, beanClass=java.time.ZonedDateTime, factory=ZonedDateConfiguration.startZonedDateTime(), init-method=null, destroy-method=null, primary=false, instance=null]
13:29:35.567 [main] DEBUG c.g.c.AnnotationConfigApplicationContext -- found component: com.itranswarp.scan.custom.annotation.CustomAnnotationBean
13:29:35.567 [main] DEBUG c.g.c.AnnotationConfigApplicationContext -- define bean: BeanDefinition [name=customAnnotation, beanClass=com.itranswarp.scan.custom.annotation.CustomAnnotationBean, factory=null, init-method=null, destroy-method=null, primary=false, instance=null]
13:29:35.567 [main] DEBUG c.g.c.AnnotationConfigApplicationContext -- found component: com.itranswarp.imported.LocalDateConfiguration
13:29:35.567 [main] DEBUG c.g.c.AnnotationConfigApplicationContext -- define bean: BeanDefinition [name=localDateConfiguration, beanClass=com.itranswarp.imported.LocalDateConfiguration, factory=null, init-method=null, destroy-method=null, primary=false, instance=null]
13:29:35.568 [main] DEBUG c.g.c.AnnotationConfigApplicationContext -- define bean: BeanDefinition [name=startLocalDate, beanClass=java.time.LocalDate, factory=LocalDateConfiguration.startLocalDate(), init-method=null, destroy-method=null, primary=false, instance=null]
13:29:35.568 [main] DEBUG c.g.c.AnnotationConfigApplicationContext -- define bean: BeanDefinition [name=startLocalDateTime, beanClass=java.time.LocalDateTime, factory=LocalDateConfiguration.startLocalDateTime(), init-method=null, destroy-method=null, primary=false, instance=null]
13:29:35.570 [main] DEBUG c.g.c.AnnotationConfigApplicationContext -- found component: com.itranswarp.scan.convert.ValueConverterBean
13:29:35.570 [main] DEBUG c.g.c.AnnotationConfigApplicationContext -- define bean: BeanDefinition [name=valueConverterBean, beanClass=com.itranswarp.scan.convert.ValueConverterBean, factory=null, init-method=null, destroy-method=null, primary=false, instance=null]
13:29:35.573 [main] DEBUG c.g.c.AnnotationConfigApplicationContext -- found component: com.itranswarp.scan.nested.OuterBean$NestedBean
13:29:35.575 [main] DEBUG c.g.c.AnnotationConfigApplicationContext -- define bean: BeanDefinition [name=nestedBean, beanClass=com.itranswarp.scan.nested.OuterBean$NestedBean, factory=null, init-method=null, destroy-method=null, primary=false, instance=null]
13:29:35.575 [main] DEBUG c.g.c.AnnotationConfigApplicationContext -- found component: com.itranswarp.scan.nested.OuterBean
13:29:35.575 [main] DEBUG c.g.c.AnnotationConfigApplicationContext -- define bean: BeanDefinition [name=outerBean, beanClass=com.itranswarp.scan.nested.OuterBean, factory=null, init-method=null, destroy-method=null, primary=false, instance=null]
13:29:35.577 [main] DEBUG c.g.c.AnnotationConfigApplicationContext -- found component: com.itranswarp.scan.destroy.SpecifyDestroyConfiguration
13:29:35.578 [main] DEBUG c.g.c.AnnotationConfigApplicationContext -- define bean: BeanDefinition [name=specifyDestroyConfiguration, beanClass=com.itranswarp.scan.destroy.SpecifyDestroyConfiguration, factory=null, init-method=null, destroy-method=null, primary=false, instance=null]
13:29:35.579 [main] DEBUG c.g.c.AnnotationConfigApplicationContext -- define bean: BeanDefinition [name=createSpecifyDestroyBean, beanClass=com.itranswarp.scan.destroy.SpecifyDestroyBean, factory=SpecifyDestroyConfiguration.createSpecifyDestroyBean(String), init-method=null, destroy-method=null, primary=false, instance=null]
13:29:35.580 [main] DEBUG c.g.c.AnnotationConfigApplicationContext -- found component: com.itranswarp.scan.proxy.InjectProxyOnConstructorBean
13:29:35.582 [main] DEBUG c.g.c.AnnotationConfigApplicationContext -- define bean: BeanDefinition [name=injectProxyOnConstructorBean, beanClass=com.itranswarp.scan.proxy.InjectProxyOnConstructorBean, factory=null, init-method=null, destroy-method=null, primary=false, instance=null]
13:29:35.584 [main] DEBUG c.g.c.AnnotationConfigApplicationContext -- found component: com.itranswarp.scan.init.SpecifyInitConfiguration
13:29:35.584 [main] DEBUG c.g.c.AnnotationConfigApplicationContext -- define bean: BeanDefinition [name=specifyInitConfiguration, beanClass=com.itranswarp.scan.init.SpecifyInitConfiguration, factory=null, init-method=null, destroy-method=null, primary=false, instance=null]
13:29:35.584 [main] DEBUG c.g.c.AnnotationConfigApplicationContext -- define bean: BeanDefinition [name=createSpecifyInitBean, beanClass=com.itranswarp.scan.init.SpecifyInitBean, factory=SpecifyInitConfiguration.createSpecifyInitBean(String, String), init-method=null, destroy-method=null, primary=false, instance=null]
13:29:35.586 [main] DEBUG c.g.c.AnnotationConfigApplicationContext -- found component: com.itranswarp.scan.proxy.InjectProxyOnPropertyBean
13:29:35.586 [main] DEBUG c.g.c.AnnotationConfigApplicationContext -- define bean: BeanDefinition [name=injectProxyOnPropertyBean, beanClass=com.itranswarp.scan.proxy.InjectProxyOnPropertyBean, factory=null, init-method=null, destroy-method=null, primary=false, instance=null]
13:29:35.590 [main] DEBUG c.g.c.AnnotationConfigApplicationContext -- found component: com.itranswarp.scan.proxy.OriginBean
13:29:35.590 [main] DEBUG c.g.c.AnnotationConfigApplicationContext -- define bean: BeanDefinition [name=originBean, beanClass=com.itranswarp.scan.proxy.OriginBean, factory=null, init-method=null, destroy-method=null, primary=false, instance=null]
13:29:35.592 [main] DEBUG c.g.c.AnnotationConfigApplicationContext -- found component: com.itranswarp.scan.sub1.sub2.sub3.Sub3Bean
13:29:35.592 [main] DEBUG c.g.c.AnnotationConfigApplicationContext -- define bean: BeanDefinition [name=sub3Bean, beanClass=com.itranswarp.scan.sub1.sub2.sub3.Sub3Bean, factory=null, init-method=null, destroy-method=null, primary=false, instance=null]
13:29:35.594 [main] DEBUG c.g.c.AnnotationConfigApplicationContext -- found component: com.itranswarp.scan.sub1.Sub1Bean
13:29:35.594 [main] DEBUG c.g.c.AnnotationConfigApplicationContext -- define bean: BeanDefinition [name=sub1Bean, beanClass=com.itranswarp.scan.sub1.Sub1Bean, factory=null, init-method=null, destroy-method=null, primary=false, instance=null]
13:29:35.596 [main] DEBUG c.g.c.AnnotationConfigApplicationContext -- found component: com.itranswarp.scan.init.AnnotationInitBean
13:29:35.597 [main] DEBUG c.g.c.AnnotationConfigApplicationContext -- define bean: BeanDefinition [name=annotationInitBean, beanClass=com.itranswarp.scan.init.AnnotationInitBean, factory=null, init-method=init, destroy-method=null, primary=false, instance=null]
13:29:35.598 [main] DEBUG c.g.c.AnnotationConfigApplicationContext -- Try create bean 'localDateConfiguration' as early singleton: com.itranswarp.imported.LocalDateConfiguration
13:29:35.599 [main] DEBUG c.g.c.AnnotationConfigApplicationContext -- Try create bean 'primaryConfiguration' as early singleton: com.itranswarp.scan.primary.PrimaryConfiguration
13:29:35.599 [main] DEBUG c.g.c.AnnotationConfigApplicationContext -- Try create bean 'specifyDestroyConfiguration' as early singleton: com.itranswarp.scan.destroy.SpecifyDestroyConfiguration
13:29:35.599 [main] DEBUG c.g.c.AnnotationConfigApplicationContext -- Try create bean 'specifyInitConfiguration' as early singleton: com.itranswarp.scan.init.SpecifyInitConfiguration
13:29:35.599 [main] DEBUG c.g.c.AnnotationConfigApplicationContext -- Try create bean 'zonedDateConfiguration' as early singleton: com.itranswarp.imported.ZonedDateConfiguration
13:29:35.599 [main] DEBUG c.g.c.AnnotationConfigApplicationContext -- Try create bean 'firstProxyBeanPostProcessor' as early singleton: com.itranswarp.scan.proxy.FirstProxyBeanPostProcessor
13:29:35.599 [main] DEBUG c.g.c.AnnotationConfigApplicationContext -- Try create bean 'secondProxyBeanPostProcessor' as early singleton: com.itranswarp.scan.proxy.SecondProxyBeanPostProcessor
13:29:35.599 [main] DEBUG c.g.c.AnnotationConfigApplicationContext -- Try create bean 'annotationDestroyBean' as early singleton: com.itranswarp.scan.destroy.AnnotationDestroyBean
13:29:35.599 [main] DEBUG c.g.c.AnnotationConfigApplicationContext -- Try create bean 'annotationInitBean' as early singleton: com.itranswarp.scan.init.AnnotationInitBean
13:29:35.599 [main] DEBUG c.g.c.AnnotationConfigApplicationContext -- Try create bean 'createSpecifyDestroyBean' as early singleton: com.itranswarp.scan.destroy.SpecifyDestroyBean
13:29:35.599 [main] DEBUG c.g.c.AnnotationConfigApplicationContext -- Try create bean 'createSpecifyInitBean' as early singleton: com.itranswarp.scan.init.SpecifyInitBean
13:29:35.600 [main] DEBUG c.g.c.AnnotationConfigApplicationContext -- Try create bean 'customAnnotation' as early singleton: com.itranswarp.scan.custom.annotation.CustomAnnotationBean
13:29:35.600 [main] DEBUG c.g.c.AnnotationConfigApplicationContext -- Try create bean 'husky' as early singleton: com.itranswarp.scan.primary.DogBean
13:29:35.600 [main] DEBUG c.g.c.AnnotationConfigApplicationContext -- Try create bean 'injectProxyOnConstructorBean' as early singleton: com.itranswarp.scan.proxy.InjectProxyOnConstructorBean
13:29:35.601 [main] DEBUG c.g.c.AnnotationConfigApplicationContext -- Try create bean 'originBean' as early singleton: com.itranswarp.scan.proxy.OriginBean
13:29:35.601 [main] DEBUG c.i.s.p.FirstProxyBeanPostProcessor -- create first proxy for bean 'originBean': com.itranswarp.scan.proxy.OriginBean@1133ec6e
13:29:35.601 [main] DEBUG c.g.c.AnnotationConfigApplicationContext -- Bean 'originBean' was replaced by post processor com.itranswarp.scan.proxy.FirstProxyBeanPostProcessor.
13:29:35.601 [main] DEBUG c.i.s.p.SecondProxyBeanPostProcessor -- create second proxy for bean 'originBean': com.itranswarp.scan.proxy.FirstProxyBean@355e34c7
13:29:35.601 [main] DEBUG c.g.c.AnnotationConfigApplicationContext -- Bean 'originBean' was replaced by post processor com.itranswarp.scan.proxy.SecondProxyBeanPostProcessor.
13:29:35.601 [main] DEBUG c.g.c.AnnotationConfigApplicationContext -- Try create bean 'injectProxyOnPropertyBean' as early singleton: com.itranswarp.scan.proxy.InjectProxyOnPropertyBean
13:29:35.601 [main] DEBUG c.g.c.AnnotationConfigApplicationContext -- Try create bean 'nestedBean' as early singleton: com.itranswarp.scan.nested.OuterBean$NestedBean
13:29:35.601 [main] DEBUG c.g.c.AnnotationConfigApplicationContext -- Try create bean 'outerBean' as early singleton: com.itranswarp.scan.nested.OuterBean
13:29:35.601 [main] DEBUG c.g.c.AnnotationConfigApplicationContext -- Try create bean 'startLocalDate' as early singleton: java.time.LocalDate
13:29:35.601 [main] DEBUG c.g.c.AnnotationConfigApplicationContext -- Try create bean 'startLocalDateTime' as early singleton: java.time.LocalDateTime
13:29:35.601 [main] DEBUG c.g.c.AnnotationConfigApplicationContext -- Try create bean 'startZonedDateTime' as early singleton: java.time.ZonedDateTime
13:29:35.601 [main] DEBUG c.g.c.AnnotationConfigApplicationContext -- Try create bean 'studentBean' as early singleton: com.itranswarp.scan.primary.StudentBean
13:29:35.601 [main] DEBUG c.g.c.AnnotationConfigApplicationContext -- Try create bean 'sub1Bean' as early singleton: com.itranswarp.scan.sub1.Sub1Bean
13:29:35.601 [main] DEBUG c.g.c.AnnotationConfigApplicationContext -- Try create bean 'sub2Bean' as early singleton: com.itranswarp.scan.sub1.sub2.Sub2Bean
13:29:35.601 [main] DEBUG c.g.c.AnnotationConfigApplicationContext -- Try create bean 'sub3Bean' as early singleton: com.itranswarp.scan.sub1.sub2.sub3.Sub3Bean
13:29:35.601 [main] DEBUG c.g.c.AnnotationConfigApplicationContext -- Try create bean 'teacherBean' as early singleton: com.itranswarp.scan.primary.TeacherBean
13:29:35.601 [main] DEBUG c.g.c.AnnotationConfigApplicationContext -- Try create bean 'teddy' as early singleton: com.itranswarp.scan.primary.DogBean
13:29:35.602 [main] DEBUG c.g.c.AnnotationConfigApplicationContext -- Try create bean 'valueConverterBean' as early singleton: com.itranswarp.scan.convert.ValueConverterBean
13:29:35.602 [main] DEBUG c.g.c.AnnotationConfigApplicationContext -- Field injection: com.itranswarp.scan.convert.ValueConverterBean.injectedBooleanPrimitive = true
13:29:35.604 [main] DEBUG c.g.c.AnnotationConfigApplicationContext -- Field injection: com.itranswarp.scan.convert.ValueConverterBean.injectedBoolean = true
13:29:35.604 [main] DEBUG c.g.c.AnnotationConfigApplicationContext -- Field injection: com.itranswarp.scan.convert.ValueConverterBean.injectedBytePrimitive = 123
13:29:35.605 [main] DEBUG c.g.c.AnnotationConfigApplicationContext -- Field injection: com.itranswarp.scan.convert.ValueConverterBean.injectedByte = 123
13:29:35.605 [main] DEBUG c.g.c.AnnotationConfigApplicationContext -- Field injection: com.itranswarp.scan.convert.ValueConverterBean.injectedShortPrimitive = 12345
13:29:35.606 [main] DEBUG c.g.c.AnnotationConfigApplicationContext -- Field injection: com.itranswarp.scan.convert.ValueConverterBean.injectedShort = 12345
13:29:35.607 [main] DEBUG c.g.c.AnnotationConfigApplicationContext -- Field injection: com.itranswarp.scan.convert.ValueConverterBean.injectedIntPrimitive = 1234567
13:29:35.608 [main] DEBUG c.g.c.AnnotationConfigApplicationContext -- Field injection: com.itranswarp.scan.convert.ValueConverterBean.injectedInteger = 1234567
13:29:35.608 [main] DEBUG c.g.c.AnnotationConfigApplicationContext -- Field injection: com.itranswarp.scan.convert.ValueConverterBean.injectedLongPrimitive = 123456789000
13:29:35.611 [main] DEBUG c.g.c.AnnotationConfigApplicationContext -- Field injection: com.itranswarp.scan.convert.ValueConverterBean.injectedLong = 123456789000
13:29:35.612 [main] DEBUG c.g.c.AnnotationConfigApplicationContext -- Field injection: com.itranswarp.scan.convert.ValueConverterBean.injectedFloatPrimitive = 12345.679
13:29:35.616 [main] DEBUG c.g.c.AnnotationConfigApplicationContext -- Field injection: com.itranswarp.scan.convert.ValueConverterBean.injectedFloat = 12345.679
13:29:35.616 [main] DEBUG c.g.c.AnnotationConfigApplicationContext -- Field injection: com.itranswarp.scan.convert.ValueConverterBean.injectedDoublePrimitive = 1.2345678987654321E8
13:29:35.620 [main] DEBUG c.g.c.AnnotationConfigApplicationContext -- Field injection: com.itranswarp.scan.convert.ValueConverterBean.injectedDouble = 1.2345678987654321E8
13:29:35.621 [main] DEBUG c.g.c.AnnotationConfigApplicationContext -- Field injection: com.itranswarp.scan.convert.ValueConverterBean.injectedLocalDate = 2023-03-29
13:29:35.622 [main] DEBUG c.g.c.AnnotationConfigApplicationContext -- Field injection: com.itranswarp.scan.convert.ValueConverterBean.injectedLocalTime = 20:45:01
13:29:35.625 [main] DEBUG c.g.c.AnnotationConfigApplicationContext -- Field injection: com.itranswarp.scan.convert.ValueConverterBean.injectedLocalDateTime = 2023-03-29T20:45:01
13:29:35.628 [main] DEBUG c.g.c.AnnotationConfigApplicationContext -- Field injection: com.itranswarp.scan.convert.ValueConverterBean.injectedZonedDateTime = 2023-03-29T20:45:01+08:00[Asia/Shanghai]
13:29:35.629 [main] DEBUG c.g.c.AnnotationConfigApplicationContext -- Field injection: com.itranswarp.scan.convert.ValueConverterBean.injectedDuration = PT51H4M
13:29:35.629 [main] DEBUG c.g.c.AnnotationConfigApplicationContext -- Field injection: com.itranswarp.scan.convert.ValueConverterBean.injectedZoneId = Asia/Shanghai
13:29:35.629 [main] DEBUG c.g.c.AnnotationConfigApplicationContext -- Field injection: com.itranswarp.scan.proxy.InjectProxyOnPropertyBean.injected = com.itranswarp.scan.proxy.SecondProxyBean@3ec11999
13:29:35.630 [main] DEBUG c.i.s.p.SecondProxyBeanPostProcessor -- auto set property for originBean from second proxy com.itranswarp.scan.proxy.SecondProxyBean@3ec11999 to origin bean: com.itranswarp.scan.proxy.FirstProxyBean@355e34c7
13:29:35.630 [main] DEBUG c.g.c.AnnotationConfigApplicationContext -- BeanPostProcessor SecondProxyBeanPostProcessor specified injection from SecondProxyBean to FirstProxyBean.
13:29:35.630 [main] DEBUG c.i.s.p.FirstProxyBeanPostProcessor -- auto set property for originBean from first proxy com.itranswarp.scan.proxy.FirstProxyBean@355e34c7 to origin bean: com.itranswarp.scan.proxy.OriginBean@1133ec6e
13:29:35.630 [main] DEBUG c.g.c.AnnotationConfigApplicationContext -- BeanPostProcessor FirstProxyBeanPostProcessor specified injection from FirstProxyBean to OriginBean.
13:29:35.630 [main] DEBUG c.g.c.AnnotationConfigApplicationContext -- Field injection: com.itranswarp.scan.proxy.OriginBean.name = Scan App
13:29:35.630 [main] DEBUG c.g.c.AnnotationConfigApplicationContext -- Method injection: com.itranswarp.scan.proxy.OriginBean.setVersion (v1.0)
13:29:35.631 [main] DEBUG c.g.c.AnnotationConfigApplicationContext -- Field injection: com.itranswarp.scan.destroy.AnnotationDestroyBean.appTitle = Scan App
13:29:35.633 [main] DEBUG c.g.c.AnnotationConfigApplicationContext -- Field injection: com.itranswarp.scan.init.AnnotationInitBean.appTitle = Scan App
13:29:35.633 [main] DEBUG c.g.c.AnnotationConfigApplicationContext -- Field injection: com.itranswarp.scan.init.AnnotationInitBean.appVersion = v1.0
13:29:35.633 [main] DEBUG c.i.s.p.SecondProxyBeanPostProcessor -- auto set property for originBean from second proxy com.itranswarp.scan.proxy.SecondProxyBean@3ec11999 to origin bean: com.itranswarp.scan.proxy.FirstProxyBean@355e34c7
13:29:35.634 [main] DEBUG c.g.c.AnnotationConfigApplicationContext -- BeanPostProcessor SecondProxyBeanPostProcessor specified injection from SecondProxyBean to FirstProxyBean.
13:29:35.634 [main] DEBUG c.i.s.p.FirstProxyBeanPostProcessor -- auto set property for originBean from first proxy com.itranswarp.scan.proxy.FirstProxyBean@355e34c7 to origin bean: com.itranswarp.scan.proxy.OriginBean@1133ec6e
13:29:35.634 [main] DEBUG c.g.c.AnnotationConfigApplicationContext -- BeanPostProcessor FirstProxyBeanPostProcessor specified injection from FirstProxyBean to OriginBean.
13:29:35.634 [main] DEBUG c.g.c.AnnotationConfigApplicationContext -- bean initialized: BeanDefinition [name=firstProxyBeanPostProcessor, beanClass=com.itranswarp.scan.proxy.FirstProxyBeanPostProcessor, factory=null, init-method=null, destroy-method=null, primary=false, instance=com.itranswarp.scan.proxy.FirstProxyBeanPostProcessor@5c1bd44c]
13:29:35.634 [main] DEBUG c.g.c.AnnotationConfigApplicationContext -- bean initialized: BeanDefinition [name=secondProxyBeanPostProcessor, beanClass=com.itranswarp.scan.proxy.SecondProxyBeanPostProcessor, factory=null, init-method=null, destroy-method=null, primary=false, instance=com.itranswarp.scan.proxy.SecondProxyBeanPostProcessor@9f46d94]
13:29:35.634 [main] DEBUG c.g.c.AnnotationConfigApplicationContext -- bean initialized: BeanDefinition [name=annotationDestroyBean, beanClass=com.itranswarp.scan.destroy.AnnotationDestroyBean, factory=null, init-method=null, destroy-method=destroy, primary=false, instance=com.itranswarp.scan.destroy.AnnotationDestroyBean@18cc679e]
13:29:35.634 [main] DEBUG c.g.c.AnnotationConfigApplicationContext -- bean initialized: BeanDefinition [name=annotationInitBean, beanClass=com.itranswarp.scan.init.AnnotationInitBean, factory=null, init-method=init, destroy-method=null, primary=false, instance=com.itranswarp.scan.init.AnnotationInitBean@2e77b8cf]
13:29:35.634 [main] DEBUG c.g.c.AnnotationConfigApplicationContext -- bean initialized: BeanDefinition [name=createSpecifyDestroyBean, beanClass=com.itranswarp.scan.destroy.SpecifyDestroyBean, factory=SpecifyDestroyConfiguration.createSpecifyDestroyBean(String), init-method=null, destroy-method=null, primary=false, instance=com.itranswarp.scan.destroy.SpecifyDestroyBean@2c4ca0f9]
13:29:35.634 [main] DEBUG c.g.c.AnnotationConfigApplicationContext -- bean initialized: BeanDefinition [name=createSpecifyInitBean, beanClass=com.itranswarp.scan.init.SpecifyInitBean, factory=SpecifyInitConfiguration.createSpecifyInitBean(String, String), init-method=null, destroy-method=null, primary=false, instance=com.itranswarp.scan.init.SpecifyInitBean@67ef029]
13:29:35.634 [main] DEBUG c.g.c.AnnotationConfigApplicationContext -- bean initialized: BeanDefinition [name=customAnnotation, beanClass=com.itranswarp.scan.custom.annotation.CustomAnnotationBean, factory=null, init-method=null, destroy-method=null, primary=false, instance=com.itranswarp.scan.custom.annotation.CustomAnnotationBean@7df587ef]
13:29:35.634 [main] DEBUG c.g.c.AnnotationConfigApplicationContext -- bean initialized: BeanDefinition [name=husky, beanClass=com.itranswarp.scan.primary.DogBean, factory=PrimaryConfiguration.husky(), init-method=null, destroy-method=null, primary=true, instance=com.itranswarp.scan.primary.DogBean@6e57e95e]
13:29:35.634 [main] DEBUG c.g.c.AnnotationConfigApplicationContext -- bean initialized: BeanDefinition [name=injectProxyOnConstructorBean, beanClass=com.itranswarp.scan.proxy.InjectProxyOnConstructorBean, factory=null, init-method=null, destroy-method=null, primary=false, instance=com.itranswarp.scan.proxy.InjectProxyOnConstructorBean@2755d705]
13:29:35.634 [main] DEBUG c.g.c.AnnotationConfigApplicationContext -- bean initialized: BeanDefinition [name=injectProxyOnPropertyBean, beanClass=com.itranswarp.scan.proxy.InjectProxyOnPropertyBean, factory=null, init-method=null, destroy-method=null, primary=false, instance=com.itranswarp.scan.proxy.InjectProxyOnPropertyBean@56db847e]
13:29:35.634 [main] DEBUG c.g.c.AnnotationConfigApplicationContext -- bean initialized: BeanDefinition [name=localDateConfiguration, beanClass=com.itranswarp.imported.LocalDateConfiguration, factory=null, init-method=null, destroy-method=null, primary=false, instance=com.itranswarp.imported.LocalDateConfiguration@740abb5]
13:29:35.634 [main] DEBUG c.g.c.AnnotationConfigApplicationContext -- bean initialized: BeanDefinition [name=nestedBean, beanClass=com.itranswarp.scan.nested.OuterBean$NestedBean, factory=null, init-method=null, destroy-method=null, primary=false, instance=com.itranswarp.scan.nested.OuterBean$NestedBean@560cbf1a]
13:29:35.634 [main] DEBUG c.g.c.AnnotationConfigApplicationContext -- bean initialized: BeanDefinition [name=originBean, beanClass=com.itranswarp.scan.proxy.OriginBean, factory=null, init-method=null, destroy-method=null, primary=false, instance=com.itranswarp.scan.proxy.SecondProxyBean@3ec11999]
13:29:35.635 [main] DEBUG c.g.c.AnnotationConfigApplicationContext -- bean initialized: BeanDefinition [name=outerBean, beanClass=com.itranswarp.scan.nested.OuterBean, factory=null, init-method=null, destroy-method=null, primary=false, instance=com.itranswarp.scan.nested.OuterBean@5fe8b721]
13:29:35.635 [main] DEBUG c.g.c.AnnotationConfigApplicationContext -- bean initialized: BeanDefinition [name=primaryConfiguration, beanClass=com.itranswarp.scan.primary.PrimaryConfiguration, factory=null, init-method=null, destroy-method=null, primary=false, instance=com.itranswarp.scan.primary.PrimaryConfiguration@551a20d6]
13:29:35.635 [main] DEBUG c.g.c.AnnotationConfigApplicationContext -- bean initialized: BeanDefinition [name=specifyDestroyConfiguration, beanClass=com.itranswarp.scan.destroy.SpecifyDestroyConfiguration, factory=null, init-method=null, destroy-method=null, primary=false, instance=com.itranswarp.scan.destroy.SpecifyDestroyConfiguration@578524c3]
13:29:35.635 [main] DEBUG c.g.c.AnnotationConfigApplicationContext -- bean initialized: BeanDefinition [name=specifyInitConfiguration, beanClass=com.itranswarp.scan.init.SpecifyInitConfiguration, factory=null, init-method=null, destroy-method=null, primary=false, instance=com.itranswarp.scan.init.SpecifyInitConfiguration@64c2b546]
13:29:35.635 [main] DEBUG c.g.c.AnnotationConfigApplicationContext -- bean initialized: BeanDefinition [name=startLocalDate, beanClass=java.time.LocalDate, factory=LocalDateConfiguration.startLocalDate(), init-method=null, destroy-method=null, primary=false, instance=2023-08-17]
13:29:35.635 [main] DEBUG c.g.c.AnnotationConfigApplicationContext -- bean initialized: BeanDefinition [name=startLocalDateTime, beanClass=java.time.LocalDateTime, factory=LocalDateConfiguration.startLocalDateTime(), init-method=null, destroy-method=null, primary=false, instance=2023-08-17T13:29:35.601803300]
13:29:35.635 [main] DEBUG c.g.c.AnnotationConfigApplicationContext -- bean initialized: BeanDefinition [name=startZonedDateTime, beanClass=java.time.ZonedDateTime, factory=ZonedDateConfiguration.startZonedDateTime(), init-method=null, destroy-method=null, primary=false, instance=2023-08-17T13:29:35.601803300+08:00[Asia/Shanghai]]
13:29:35.635 [main] DEBUG c.g.c.AnnotationConfigApplicationContext -- bean initialized: BeanDefinition [name=studentBean, beanClass=com.itranswarp.scan.primary.StudentBean, factory=null, init-method=null, destroy-method=null, primary=false, instance=com.itranswarp.scan.primary.StudentBean@7e094740]
13:29:35.635 [main] DEBUG c.g.c.AnnotationConfigApplicationContext -- bean initialized: BeanDefinition [name=sub1Bean, beanClass=com.itranswarp.scan.sub1.Sub1Bean, factory=null, init-method=null, destroy-method=null, primary=false, instance=com.itranswarp.scan.sub1.Sub1Bean@7a11c4c7]
13:29:35.635 [main] DEBUG c.g.c.AnnotationConfigApplicationContext -- bean initialized: BeanDefinition [name=sub2Bean, beanClass=com.itranswarp.scan.sub1.sub2.Sub2Bean, factory=null, init-method=null, destroy-method=null, primary=false, instance=com.itranswarp.scan.sub1.sub2.Sub2Bean@4cc547a]
13:29:35.635 [main] DEBUG c.g.c.AnnotationConfigApplicationContext -- bean initialized: BeanDefinition [name=sub3Bean, beanClass=com.itranswarp.scan.sub1.sub2.sub3.Sub3Bean, factory=null, init-method=null, destroy-method=null, primary=false, instance=com.itranswarp.scan.sub1.sub2.sub3.Sub3Bean@7555b920]
13:29:35.635 [main] DEBUG c.g.c.AnnotationConfigApplicationContext -- bean initialized: BeanDefinition [name=teacherBean, beanClass=com.itranswarp.scan.primary.TeacherBean, factory=null, init-method=null, destroy-method=null, primary=true, instance=com.itranswarp.scan.primary.TeacherBean@4152d38d]
13:29:35.635 [main] DEBUG c.g.c.AnnotationConfigApplicationContext -- bean initialized: BeanDefinition [name=teddy, beanClass=com.itranswarp.scan.primary.DogBean, factory=PrimaryConfiguration.teddy(), init-method=null, destroy-method=null, primary=false, instance=com.itranswarp.scan.primary.DogBean@3591009c]
13:29:35.635 [main] DEBUG c.g.c.AnnotationConfigApplicationContext -- bean initialized: BeanDefinition [name=valueConverterBean, beanClass=com.itranswarp.scan.convert.ValueConverterBean, factory=null, init-method=null, destroy-method=null, primary=false, instance=com.itranswarp.scan.convert.ValueConverterBean@5398edd0]
13:29:35.635 [main] DEBUG c.g.c.AnnotationConfigApplicationContext -- bean initialized: BeanDefinition [name=zonedDateConfiguration, beanClass=com.itranswarp.imported.ZonedDateConfiguration, factory=null, init-method=null, destroy-method=null, primary=false, instance=com.itranswarp.imported.ZonedDateConfiguration@b5cc23a]
]]></system-out>
  </testcase>
  <testcase name="testSub" classname="com.itranswarp.summer.context.AnnotationConfigApplicationContextTest" time="0.023">
    <system-out><![CDATA[13:29:35.639 [main] DEBUG com.gaoda.io.PropertyResolver -- PropertyResolver: =:: = ::\
13:29:35.639 [main] DEBUG com.gaoda.io.PropertyResolver -- PropertyResolver: =D: = D:\Codes\Projects\summer\summer_framework\Summer_Framework
13:29:35.639 [main] DEBUG com.gaoda.io.PropertyResolver -- PropertyResolver: ALLUSERSPROFILE = C:\ProgramData
13:29:35.639 [main] DEBUG com.gaoda.io.PropertyResolver -- PropertyResolver: APPDATA = C:\Users\Gundam\AppData\Roaming
13:29:35.639 [main] DEBUG com.gaoda.io.PropertyResolver -- PropertyResolver: CLASSPATH = .;D:\Code\jdk-18\lib;D:\Code\jdk-18\lib\tools.jar
13:29:35.639 [main] DEBUG com.gaoda.io.PropertyResolver -- PropertyResolver: COMMONPROGRAMFILES = C:\Program Files\Common Files
13:29:35.639 [main] DEBUG com.gaoda.io.PropertyResolver -- PropertyResolver: COMMONPROGRAMFILES(X86) = C:\Program Files (x86)\Common Files
13:29:35.639 [main] DEBUG com.gaoda.io.PropertyResolver -- PropertyResolver: COMMONPROGRAMW6432 = C:\Program Files\Common Files
13:29:35.639 [main] DEBUG com.gaoda.io.PropertyResolver -- PropertyResolver: COMPUTERNAME = DESKTOP-HR12F04
13:29:35.639 [main] DEBUG com.gaoda.io.PropertyResolver -- PropertyResolver: COMSPEC = C:\Windows\system32\cmd.exe
13:29:35.639 [main] DEBUG com.gaoda.io.PropertyResolver -- PropertyResolver: DRIVERDATA = C:\Windows\System32\Drivers\DriverData
13:29:35.639 [main] DEBUG com.gaoda.io.PropertyResolver -- PropertyResolver: FPS_BROWSER_APP_PROFILE_STRING = Internet Explorer
13:29:35.639 [main] DEBUG com.gaoda.io.PropertyResolver -- PropertyResolver: FPS_BROWSER_USER_PROFILE_STRING = Default
13:29:35.639 [main] DEBUG com.gaoda.io.PropertyResolver -- PropertyResolver: HOMEDRIVE = C:
13:29:35.639 [main] DEBUG com.gaoda.io.PropertyResolver -- PropertyResolver: HOMEPATH = \Users\Gundam
13:29:35.639 [main] DEBUG com.gaoda.io.PropertyResolver -- PropertyResolver: IDEA_INITIAL_DIRECTORY = D:\Applications1\code\idea\IntelliJ IDEA 2022.2.1\bin
13:29:35.639 [main] DEBUG com.gaoda.io.PropertyResolver -- PropertyResolver: INTELLIJ IDEA = D:\Applications1\code\idea\IntelliJ IDEA 2022.2.1\bin;
13:29:35.639 [main] DEBUG com.gaoda.io.PropertyResolver -- PropertyResolver: JAVA18_HOME = D:\Code\jdk-18
13:29:35.639 [main] DEBUG com.gaoda.io.PropertyResolver -- PropertyResolver: JAVA8_HOME = D:\Code\jdk-8
13:29:35.639 [main] DEBUG com.gaoda.io.PropertyResolver -- PropertyResolver: JAVA_HOME = D:\Code\jdk-18
13:29:35.639 [main] DEBUG com.gaoda.io.PropertyResolver -- PropertyResolver: LOCALAPPDATA = C:\Users\Gundam\AppData\Local
13:29:35.639 [main] DEBUG com.gaoda.io.PropertyResolver -- PropertyResolver: LOGONSERVER = \\DESKTOP-HR12F04
13:29:35.639 [main] DEBUG com.gaoda.io.PropertyResolver -- PropertyResolver: MAVEN_HOME = D:\Code\Maven\apache-maven-3.8.6
13:29:35.639 [main] DEBUG com.gaoda.io.PropertyResolver -- PropertyResolver: NLS_LANG = SIMPLIFIED CHINESE_CHINA.ZHS16GBK
13:29:35.639 [main] DEBUG com.gaoda.io.PropertyResolver -- PropertyResolver: NUMBER_OF_PROCESSORS = 16
13:29:35.639 [main] DEBUG com.gaoda.io.PropertyResolver -- PropertyResolver: ONEDRIVE = C:\Users\Gundam\OneDrive
13:29:35.639 [main] DEBUG com.gaoda.io.PropertyResolver -- PropertyResolver: OPENSSL_IA32CAP = ~0x200000200000000
13:29:35.639 [main] DEBUG com.gaoda.io.PropertyResolver -- PropertyResolver: ORACLE_HOME = D:\Code\oracle\Ora10InstantClient
13:29:35.639 [main] DEBUG com.gaoda.io.PropertyResolver -- PropertyResolver: OS = Windows_NT
13:29:35.639 [main] DEBUG com.gaoda.io.PropertyResolver -- PropertyResolver: PATH = C:\Windows;D:\Code\jdk-18\bin;D:\Code\jdk-18\jre\bin;C:\Program Files\Common Files\Oracle\Java\javapath;C:\Windows\system32;C:\Windows\System32\Wbem;C:\Windows\System32\WindowsPowerShell\v1.0\;C:\Windows\System32\OpenSSH\;D:\Applications1\computer\Bandizip\;C:\Program Files\NVIDIA Corporation\NVIDIA NvDLISR;C:\Program Files (x86)\NVIDIA Corporation\PhysX\Common;D:\Code\jdk-18;D:\Code\oracle\Ora10InstantClient;D:\Applications1\code\MySQL\bin;D:\Code\Maven\apache-maven-3.8.6\bin;D:\Code\Node.js\;D:\Applications1\code\Git\cmd;D:\Applications1\code\微信web开发者工具\dll;C:\Program Files\TortoiseGit\bin;C:\Program Files\Asiainfo Security\AisEsmAgent\atom_plugins\base_plugin;C:\Users\Gundam\AppData\Local\Programs\Python\Python311\Scripts\;C:\Users\Gundam\AppData\Local\Programs\Python\Python311\;C:\Users\Gundam\AppData\Local\Microsoft\WindowsApps;D:\Applications1\code\idea\IntelliJ IDEA 2022.2.1\bin;;D:\Applications1\code\vscode\Microsoft VS Code\bin;C:\Users\Gundam\AppData\Roaming\npm;D:\Applications1\code\webstorm\WebStorm 2022.3.2\bin;;D:\Applications1\play\QQgame\Hall.57975\
13:29:35.639 [main] DEBUG com.gaoda.io.PropertyResolver -- PropertyResolver: PATHEXT = .COM;.EXE;.BAT;.CMD;.VBS;.VBE;.JS;.JSE;.WSF;.WSH;.MSC
13:29:35.639 [main] DEBUG com.gaoda.io.PropertyResolver -- PropertyResolver: PROCESSOR_ARCHITECTURE = AMD64
13:29:35.639 [main] DEBUG com.gaoda.io.PropertyResolver -- PropertyResolver: PROCESSOR_IDENTIFIER = AMD64 Family 23 Model 96 Stepping 1, AuthenticAMD
13:29:35.639 [main] DEBUG com.gaoda.io.PropertyResolver -- PropertyResolver: PROCESSOR_LEVEL = 23
13:29:35.639 [main] DEBUG com.gaoda.io.PropertyResolver -- PropertyResolver: PROCESSOR_REVISION = 6001
13:29:35.639 [main] DEBUG com.gaoda.io.PropertyResolver -- PropertyResolver: PROGRAMDATA = C:\ProgramData
13:29:35.639 [main] DEBUG com.gaoda.io.PropertyResolver -- PropertyResolver: PROGRAMFILES = C:\Program Files
13:29:35.639 [main] DEBUG com.gaoda.io.PropertyResolver -- PropertyResolver: PROGRAMFILES(X86) = C:\Program Files (x86)
13:29:35.639 [main] DEBUG com.gaoda.io.PropertyResolver -- PropertyResolver: PROGRAMW6432 = C:\Program Files
13:29:35.639 [main] DEBUG com.gaoda.io.PropertyResolver -- PropertyResolver: PROMPT = $P$G
13:29:35.639 [main] DEBUG com.gaoda.io.PropertyResolver -- PropertyResolver: PSMODULEPATH = C:\Program Files\WindowsPowerShell\Modules;C:\Windows\system32\WindowsPowerShell\v1.0\Modules
13:29:35.639 [main] DEBUG com.gaoda.io.PropertyResolver -- PropertyResolver: PUBLIC = C:\Users\Public
13:29:35.639 [main] DEBUG com.gaoda.io.PropertyResolver -- PropertyResolver: SESSIONNAME = Console
13:29:35.639 [main] DEBUG com.gaoda.io.PropertyResolver -- PropertyResolver: SYSTEMDRIVE = C:
13:29:35.639 [main] DEBUG com.gaoda.io.PropertyResolver -- PropertyResolver: SYSTEMROOT = C:\Windows
13:29:35.639 [main] DEBUG com.gaoda.io.PropertyResolver -- PropertyResolver: TEMP = C:\Users\Gundam\AppData\Local\Temp
13:29:35.639 [main] DEBUG com.gaoda.io.PropertyResolver -- PropertyResolver: TMP = C:\Users\Gundam\AppData\Local\Temp
13:29:35.639 [main] DEBUG com.gaoda.io.PropertyResolver -- PropertyResolver: TNS_ADMIN = D:\Code\oracle\Ora10InstantClient
13:29:35.639 [main] DEBUG com.gaoda.io.PropertyResolver -- PropertyResolver: USERDOMAIN = DESKTOP-HR12F04
13:29:35.639 [main] DEBUG com.gaoda.io.PropertyResolver -- PropertyResolver: USERDOMAIN_ROAMINGPROFILE = DESKTOP-HR12F04
13:29:35.639 [main] DEBUG com.gaoda.io.PropertyResolver -- PropertyResolver: USERNAME = Gundam
13:29:35.639 [main] DEBUG com.gaoda.io.PropertyResolver -- PropertyResolver: USERPROFILE = C:\Users\Gundam
13:29:35.639 [main] DEBUG com.gaoda.io.PropertyResolver -- PropertyResolver: WEBSTORM = D:\Applications1\code\webstorm\WebStorm 2022.3.2\bin;
13:29:35.639 [main] DEBUG com.gaoda.io.PropertyResolver -- PropertyResolver: WINDIR = C:\Windows
13:29:35.639 [main] DEBUG com.gaoda.io.PropertyResolver -- PropertyResolver: app.title = Scan App
13:29:35.639 [main] DEBUG com.gaoda.io.PropertyResolver -- PropertyResolver: app.version = v1.0
13:29:35.639 [main] DEBUG com.gaoda.io.PropertyResolver -- PropertyResolver: convert.boolean = true
13:29:35.639 [main] DEBUG com.gaoda.io.PropertyResolver -- PropertyResolver: convert.byte = 123
13:29:35.639 [main] DEBUG com.gaoda.io.PropertyResolver -- PropertyResolver: convert.double = 123456789.87654321
13:29:35.639 [main] DEBUG com.gaoda.io.PropertyResolver -- PropertyResolver: convert.duration = P2DT3H4M
13:29:35.639 [main] DEBUG com.gaoda.io.PropertyResolver -- PropertyResolver: convert.float = 12345.6789
13:29:35.639 [main] DEBUG com.gaoda.io.PropertyResolver -- PropertyResolver: convert.integer = 1234567
13:29:35.639 [main] DEBUG com.gaoda.io.PropertyResolver -- PropertyResolver: convert.localdate = 2023-03-29
13:29:35.639 [main] DEBUG com.gaoda.io.PropertyResolver -- PropertyResolver: convert.localdatetime = 2023-03-29T20:45:01
13:29:35.639 [main] DEBUG com.gaoda.io.PropertyResolver -- PropertyResolver: convert.localtime = 20:45:01
13:29:35.639 [main] DEBUG com.gaoda.io.PropertyResolver -- PropertyResolver: convert.long = 123456789000
13:29:35.639 [main] DEBUG com.gaoda.io.PropertyResolver -- PropertyResolver: convert.short = 12345
13:29:35.639 [main] DEBUG com.gaoda.io.PropertyResolver -- PropertyResolver: convert.zoneddatetime = 2023-03-29T20:45:01+08:00[Asia/Shanghai]
13:29:35.639 [main] DEBUG com.gaoda.io.PropertyResolver -- PropertyResolver: convert.zoneid = Asia/Shanghai
13:29:35.639 [main] DEBUG com.gaoda.io.PropertyResolver -- PropertyResolver: jdbc.password = 
13:29:35.639 [main] DEBUG com.gaoda.io.PropertyResolver -- PropertyResolver: jdbc.url = jdbc:hsqldb:file:testdb.tmp
13:29:35.639 [main] DEBUG com.gaoda.io.PropertyResolver -- PropertyResolver: jdbc.username = sa
13:29:35.640 [main] INFO  c.g.c.AnnotationConfigApplicationContext -- component scan in packages: [com.itranswarp.scan]
13:29:35.640 [main] DEBUG c.g.c.AnnotationConfigApplicationContext -- scan package: com.itranswarp.scan
13:29:35.640 [main] DEBUG com.gaoda.io.ResourceResolver -- scan path: com/itranswarp/scan
13:29:35.642 [main] DEBUG com.gaoda.io.ResourceResolver -- found resource: Resource[path=file:D:\Codes\Projects\summer\summer_framework\Summer_Framework\target\test-classes\com\itranswarp\scan\convert\ValueConverterBean.class, name=com\itranswarp\scan\convert\ValueConverterBean.class]
13:29:35.644 [main] DEBUG com.gaoda.io.ResourceResolver -- found resource: Resource[path=file:D:\Codes\Projects\summer\summer_framework\Summer_Framework\target\test-classes\com\itranswarp\scan\custom\annotation\CustomAnnotation.class, name=com\itranswarp\scan\custom\annotation\CustomAnnotation.class]
13:29:35.644 [main] DEBUG com.gaoda.io.ResourceResolver -- found resource: Resource[path=file:D:\Codes\Projects\summer\summer_framework\Summer_Framework\target\test-classes\com\itranswarp\scan\custom\annotation\CustomAnnotationBean.class, name=com\itranswarp\scan\custom\annotation\CustomAnnotationBean.class]
13:29:35.645 [main] DEBUG com.gaoda.io.ResourceResolver -- found resource: Resource[path=file:D:\Codes\Projects\summer\summer_framework\Summer_Framework\target\test-classes\com\itranswarp\scan\destroy\AnnotationDestroyBean.class, name=com\itranswarp\scan\destroy\AnnotationDestroyBean.class]
13:29:35.645 [main] DEBUG com.gaoda.io.ResourceResolver -- found resource: Resource[path=file:D:\Codes\Projects\summer\summer_framework\Summer_Framework\target\test-classes\com\itranswarp\scan\destroy\SpecifyDestroyBean.class, name=com\itranswarp\scan\destroy\SpecifyDestroyBean.class]
13:29:35.645 [main] DEBUG com.gaoda.io.ResourceResolver -- found resource: Resource[path=file:D:\Codes\Projects\summer\summer_framework\Summer_Framework\target\test-classes\com\itranswarp\scan\destroy\SpecifyDestroyConfiguration.class, name=com\itranswarp\scan\destroy\SpecifyDestroyConfiguration.class]
13:29:35.646 [main] DEBUG com.gaoda.io.ResourceResolver -- found resource: Resource[path=file:D:\Codes\Projects\summer\summer_framework\Summer_Framework\target\test-classes\com\itranswarp\scan\init\AnnotationInitBean.class, name=com\itranswarp\scan\init\AnnotationInitBean.class]
13:29:35.646 [main] DEBUG com.gaoda.io.ResourceResolver -- found resource: Resource[path=file:D:\Codes\Projects\summer\summer_framework\Summer_Framework\target\test-classes\com\itranswarp\scan\init\SpecifyInitBean.class, name=com\itranswarp\scan\init\SpecifyInitBean.class]
13:29:35.647 [main] DEBUG com.gaoda.io.ResourceResolver -- found resource: Resource[path=file:D:\Codes\Projects\summer\summer_framework\Summer_Framework\target\test-classes\com\itranswarp\scan\init\SpecifyInitConfiguration.class, name=com\itranswarp\scan\init\SpecifyInitConfiguration.class]
13:29:35.647 [main] DEBUG com.gaoda.io.ResourceResolver -- found resource: Resource[path=file:D:\Codes\Projects\summer\summer_framework\Summer_Framework\target\test-classes\com\itranswarp\scan\nested\OuterBean$NestedBean.class, name=com\itranswarp\scan\nested\OuterBean$NestedBean.class]
13:29:35.648 [main] DEBUG com.gaoda.io.ResourceResolver -- found resource: Resource[path=file:D:\Codes\Projects\summer\summer_framework\Summer_Framework\target\test-classes\com\itranswarp\scan\nested\OuterBean.class, name=com\itranswarp\scan\nested\OuterBean.class]
13:29:35.649 [main] DEBUG com.gaoda.io.ResourceResolver -- found resource: Resource[path=file:D:\Codes\Projects\summer\summer_framework\Summer_Framework\target\test-classes\com\itranswarp\scan\primary\DogBean.class, name=com\itranswarp\scan\primary\DogBean.class]
13:29:35.649 [main] DEBUG com.gaoda.io.ResourceResolver -- found resource: Resource[path=file:D:\Codes\Projects\summer\summer_framework\Summer_Framework\target\test-classes\com\itranswarp\scan\primary\PersonBean.class, name=com\itranswarp\scan\primary\PersonBean.class]
13:29:35.649 [main] DEBUG com.gaoda.io.ResourceResolver -- found resource: Resource[path=file:D:\Codes\Projects\summer\summer_framework\Summer_Framework\target\test-classes\com\itranswarp\scan\primary\PrimaryConfiguration.class, name=com\itranswarp\scan\primary\PrimaryConfiguration.class]
13:29:35.650 [main] DEBUG com.gaoda.io.ResourceResolver -- found resource: Resource[path=file:D:\Codes\Projects\summer\summer_framework\Summer_Framework\target\test-classes\com\itranswarp\scan\primary\StudentBean.class, name=com\itranswarp\scan\primary\StudentBean.class]
13:29:35.650 [main] DEBUG com.gaoda.io.ResourceResolver -- found resource: Resource[path=file:D:\Codes\Projects\summer\summer_framework\Summer_Framework\target\test-classes\com\itranswarp\scan\primary\TeacherBean.class, name=com\itranswarp\scan\primary\TeacherBean.class]
13:29:35.651 [main] DEBUG com.gaoda.io.ResourceResolver -- found resource: Resource[path=file:D:\Codes\Projects\summer\summer_framework\Summer_Framework\target\test-classes\com\itranswarp\scan\proxy\FirstProxyBean.class, name=com\itranswarp\scan\proxy\FirstProxyBean.class]
13:29:35.651 [main] DEBUG com.gaoda.io.ResourceResolver -- found resource: Resource[path=file:D:\Codes\Projects\summer\summer_framework\Summer_Framework\target\test-classes\com\itranswarp\scan\proxy\FirstProxyBeanPostProcessor.class, name=com\itranswarp\scan\proxy\FirstProxyBeanPostProcessor.class]
13:29:35.651 [main] DEBUG com.gaoda.io.ResourceResolver -- found resource: Resource[path=file:D:\Codes\Projects\summer\summer_framework\Summer_Framework\target\test-classes\com\itranswarp\scan\proxy\InjectProxyOnConstructorBean.class, name=com\itranswarp\scan\proxy\InjectProxyOnConstructorBean.class]
13:29:35.651 [main] DEBUG com.gaoda.io.ResourceResolver -- found resource: Resource[path=file:D:\Codes\Projects\summer\summer_framework\Summer_Framework\target\test-classes\com\itranswarp\scan\proxy\InjectProxyOnPropertyBean.class, name=com\itranswarp\scan\proxy\InjectProxyOnPropertyBean.class]
13:29:35.652 [main] DEBUG com.gaoda.io.ResourceResolver -- found resource: Resource[path=file:D:\Codes\Projects\summer\summer_framework\Summer_Framework\target\test-classes\com\itranswarp\scan\proxy\OriginBean.class, name=com\itranswarp\scan\proxy\OriginBean.class]
13:29:35.652 [main] DEBUG com.gaoda.io.ResourceResolver -- found resource: Resource[path=file:D:\Codes\Projects\summer\summer_framework\Summer_Framework\target\test-classes\com\itranswarp\scan\proxy\SecondProxyBean.class, name=com\itranswarp\scan\proxy\SecondProxyBean.class]
13:29:35.652 [main] DEBUG com.gaoda.io.ResourceResolver -- found resource: Resource[path=file:D:\Codes\Projects\summer\summer_framework\Summer_Framework\target\test-classes\com\itranswarp\scan\proxy\SecondProxyBeanPostProcessor.class, name=com\itranswarp\scan\proxy\SecondProxyBeanPostProcessor.class]
13:29:35.652 [main] DEBUG com.gaoda.io.ResourceResolver -- found resource: Resource[path=file:D:\Codes\Projects\summer\summer_framework\Summer_Framework\target\test-classes\com\itranswarp\scan\ScanApplication.class, name=com\itranswarp\scan\ScanApplication.class]
13:29:35.653 [main] DEBUG com.gaoda.io.ResourceResolver -- found resource: Resource[path=file:D:\Codes\Projects\summer\summer_framework\Summer_Framework\target\test-classes\com\itranswarp\scan\sub1\sub1.txt, name=com\itranswarp\scan\sub1\sub1.txt]
13:29:35.653 [main] DEBUG com.gaoda.io.ResourceResolver -- found resource: Resource[path=file:D:\Codes\Projects\summer\summer_framework\Summer_Framework\target\test-classes\com\itranswarp\scan\sub1\Sub1Bean.class, name=com\itranswarp\scan\sub1\Sub1Bean.class]
13:29:35.654 [main] DEBUG com.gaoda.io.ResourceResolver -- found resource: Resource[path=file:D:\Codes\Projects\summer\summer_framework\Summer_Framework\target\test-classes\com\itranswarp\scan\sub1\sub2\sub2.txt, name=com\itranswarp\scan\sub1\sub2\sub2.txt]
13:29:35.655 [main] DEBUG com.gaoda.io.ResourceResolver -- found resource: Resource[path=file:D:\Codes\Projects\summer\summer_framework\Summer_Framework\target\test-classes\com\itranswarp\scan\sub1\sub2\Sub2Bean.class, name=com\itranswarp\scan\sub1\sub2\Sub2Bean.class]
13:29:35.656 [main] DEBUG com.gaoda.io.ResourceResolver -- found resource: Resource[path=file:D:\Codes\Projects\summer\summer_framework\Summer_Framework\target\test-classes\com\itranswarp\scan\sub1\sub2\sub3\sub3.txt, name=com\itranswarp\scan\sub1\sub2\sub3\sub3.txt]
13:29:35.656 [main] DEBUG com.gaoda.io.ResourceResolver -- found resource: Resource[path=file:D:\Codes\Projects\summer\summer_framework\Summer_Framework\target\test-classes\com\itranswarp\scan\sub1\sub2\sub3\Sub3Bean.class, name=com\itranswarp\scan\sub1\sub2\sub3\Sub3Bean.class]
13:29:35.656 [main] DEBUG c.g.c.AnnotationConfigApplicationContext -- class found by component scan: com.itranswarp.scan.convert.ValueConverterBean
13:29:35.656 [main] DEBUG c.g.c.AnnotationConfigApplicationContext -- class found by component scan: com.itranswarp.scan.custom.annotation.CustomAnnotation
13:29:35.656 [main] DEBUG c.g.c.AnnotationConfigApplicationContext -- class found by component scan: com.itranswarp.scan.custom.annotation.CustomAnnotationBean
13:29:35.656 [main] DEBUG c.g.c.AnnotationConfigApplicationContext -- class found by component scan: com.itranswarp.scan.destroy.AnnotationDestroyBean
13:29:35.656 [main] DEBUG c.g.c.AnnotationConfigApplicationContext -- class found by component scan: com.itranswarp.scan.destroy.SpecifyDestroyBean
13:29:35.656 [main] DEBUG c.g.c.AnnotationConfigApplicationContext -- class found by component scan: com.itranswarp.scan.destroy.SpecifyDestroyConfiguration
13:29:35.656 [main] DEBUG c.g.c.AnnotationConfigApplicationContext -- class found by component scan: com.itranswarp.scan.init.AnnotationInitBean
13:29:35.656 [main] DEBUG c.g.c.AnnotationConfigApplicationContext -- class found by component scan: com.itranswarp.scan.init.SpecifyInitBean
13:29:35.656 [main] DEBUG c.g.c.AnnotationConfigApplicationContext -- class found by component scan: com.itranswarp.scan.init.SpecifyInitConfiguration
13:29:35.656 [main] DEBUG c.g.c.AnnotationConfigApplicationContext -- class found by component scan: com.itranswarp.scan.nested.OuterBean$NestedBean
13:29:35.656 [main] DEBUG c.g.c.AnnotationConfigApplicationContext -- class found by component scan: com.itranswarp.scan.nested.OuterBean
13:29:35.656 [main] DEBUG c.g.c.AnnotationConfigApplicationContext -- class found by component scan: com.itranswarp.scan.primary.DogBean
13:29:35.656 [main] DEBUG c.g.c.AnnotationConfigApplicationContext -- class found by component scan: com.itranswarp.scan.primary.PersonBean
13:29:35.656 [main] DEBUG c.g.c.AnnotationConfigApplicationContext -- class found by component scan: com.itranswarp.scan.primary.PrimaryConfiguration
13:29:35.656 [main] DEBUG c.g.c.AnnotationConfigApplicationContext -- class found by component scan: com.itranswarp.scan.primary.StudentBean
13:29:35.656 [main] DEBUG c.g.c.AnnotationConfigApplicationContext -- class found by component scan: com.itranswarp.scan.primary.TeacherBean
13:29:35.656 [main] DEBUG c.g.c.AnnotationConfigApplicationContext -- class found by component scan: com.itranswarp.scan.proxy.FirstProxyBean
13:29:35.656 [main] DEBUG c.g.c.AnnotationConfigApplicationContext -- class found by component scan: com.itranswarp.scan.proxy.FirstProxyBeanPostProcessor
13:29:35.656 [main] DEBUG c.g.c.AnnotationConfigApplicationContext -- class found by component scan: com.itranswarp.scan.proxy.InjectProxyOnConstructorBean
13:29:35.656 [main] DEBUG c.g.c.AnnotationConfigApplicationContext -- class found by component scan: com.itranswarp.scan.proxy.InjectProxyOnPropertyBean
13:29:35.656 [main] DEBUG c.g.c.AnnotationConfigApplicationContext -- class found by component scan: com.itranswarp.scan.proxy.OriginBean
13:29:35.656 [main] DEBUG c.g.c.AnnotationConfigApplicationContext -- class found by component scan: com.itranswarp.scan.proxy.SecondProxyBean
13:29:35.656 [main] DEBUG c.g.c.AnnotationConfigApplicationContext -- class found by component scan: com.itranswarp.scan.proxy.SecondProxyBeanPostProcessor
13:29:35.656 [main] DEBUG c.g.c.AnnotationConfigApplicationContext -- class found by component scan: com.itranswarp.scan.ScanApplication
13:29:35.656 [main] DEBUG c.g.c.AnnotationConfigApplicationContext -- class found by component scan: com.itranswarp.scan.sub1.Sub1Bean
13:29:35.656 [main] DEBUG c.g.c.AnnotationConfigApplicationContext -- class found by component scan: com.itranswarp.scan.sub1.sub2.Sub2Bean
13:29:35.656 [main] DEBUG c.g.c.AnnotationConfigApplicationContext -- class found by component scan: com.itranswarp.scan.sub1.sub2.sub3.Sub3Bean
13:29:35.656 [main] DEBUG c.g.c.AnnotationConfigApplicationContext -- class found by import: com.itranswarp.imported.LocalDateConfiguration
13:29:35.656 [main] DEBUG c.g.c.AnnotationConfigApplicationContext -- class found by import: com.itranswarp.imported.ZonedDateConfiguration
13:29:35.656 [main] DEBUG c.g.c.AnnotationConfigApplicationContext -- found component: com.itranswarp.scan.proxy.SecondProxyBeanPostProcessor
13:29:35.656 [main] DEBUG c.g.c.AnnotationConfigApplicationContext -- define bean: BeanDefinition [name=secondProxyBeanPostProcessor, beanClass=com.itranswarp.scan.proxy.SecondProxyBeanPostProcessor, factory=null, init-method=null, destroy-method=null, primary=false, instance=null]
13:29:35.657 [main] DEBUG c.g.c.AnnotationConfigApplicationContext -- found component: com.itranswarp.scan.destroy.AnnotationDestroyBean
13:29:35.657 [main] DEBUG c.g.c.AnnotationConfigApplicationContext -- define bean: BeanDefinition [name=annotationDestroyBean, beanClass=com.itranswarp.scan.destroy.AnnotationDestroyBean, factory=null, init-method=null, destroy-method=destroy, primary=false, instance=null]
13:29:35.657 [main] DEBUG c.g.c.AnnotationConfigApplicationContext -- found component: com.itranswarp.scan.primary.StudentBean
13:29:35.657 [main] DEBUG c.g.c.AnnotationConfigApplicationContext -- define bean: BeanDefinition [name=studentBean, beanClass=com.itranswarp.scan.primary.StudentBean, factory=null, init-method=null, destroy-method=null, primary=false, instance=null]
13:29:35.657 [main] DEBUG c.g.c.AnnotationConfigApplicationContext -- found component: com.itranswarp.scan.sub1.sub2.Sub2Bean
13:29:35.657 [main] DEBUG c.g.c.AnnotationConfigApplicationContext -- define bean: BeanDefinition [name=sub2Bean, beanClass=com.itranswarp.scan.sub1.sub2.Sub2Bean, factory=null, init-method=null, destroy-method=null, primary=false, instance=null]
13:29:35.657 [main] DEBUG c.g.c.AnnotationConfigApplicationContext -- found component: com.itranswarp.scan.primary.TeacherBean
13:29:35.657 [main] DEBUG c.g.c.AnnotationConfigApplicationContext -- define bean: BeanDefinition [name=teacherBean, beanClass=com.itranswarp.scan.primary.TeacherBean, factory=null, init-method=null, destroy-method=null, primary=true, instance=null]
13:29:35.657 [main] DEBUG c.g.c.AnnotationConfigApplicationContext -- found component: com.itranswarp.scan.proxy.FirstProxyBeanPostProcessor
13:29:35.657 [main] DEBUG c.g.c.AnnotationConfigApplicationContext -- define bean: BeanDefinition [name=firstProxyBeanPostProcessor, beanClass=com.itranswarp.scan.proxy.FirstProxyBeanPostProcessor, factory=null, init-method=null, destroy-method=null, primary=false, instance=null]
13:29:35.657 [main] DEBUG c.g.c.AnnotationConfigApplicationContext -- found component: com.itranswarp.scan.primary.PrimaryConfiguration
13:29:35.657 [main] DEBUG c.g.c.AnnotationConfigApplicationContext -- define bean: BeanDefinition [name=primaryConfiguration, beanClass=com.itranswarp.scan.primary.PrimaryConfiguration, factory=null, init-method=null, destroy-method=null, primary=false, instance=null]
13:29:35.657 [main] DEBUG c.g.c.AnnotationConfigApplicationContext -- define bean: BeanDefinition [name=teddy, beanClass=com.itranswarp.scan.primary.DogBean, factory=PrimaryConfiguration.teddy(), init-method=null, destroy-method=null, primary=false, instance=null]
13:29:35.657 [main] DEBUG c.g.c.AnnotationConfigApplicationContext -- define bean: BeanDefinition [name=husky, beanClass=com.itranswarp.scan.primary.DogBean, factory=PrimaryConfiguration.husky(), init-method=null, destroy-method=null, primary=true, instance=null]
13:29:35.657 [main] DEBUG c.g.c.AnnotationConfigApplicationContext -- found component: com.itranswarp.imported.ZonedDateConfiguration
13:29:35.657 [main] DEBUG c.g.c.AnnotationConfigApplicationContext -- define bean: BeanDefinition [name=zonedDateConfiguration, beanClass=com.itranswarp.imported.ZonedDateConfiguration, factory=null, init-method=null, destroy-method=null, primary=false, instance=null]
13:29:35.657 [main] DEBUG c.g.c.AnnotationConfigApplicationContext -- define bean: BeanDefinition [name=startZonedDateTime, beanClass=java.time.ZonedDateTime, factory=ZonedDateConfiguration.startZonedDateTime(), init-method=null, destroy-method=null, primary=false, instance=null]
[...]
13:29:35.841 [main] DEBUG c.g.c.AnnotationConfigApplicationContext -- Try create bean 'specifyInitConfiguration' as early singleton: com.itranswarp.scan.init.SpecifyInitConfiguration
13:29:35.841 [main] DEBUG c.g.c.AnnotationConfigApplicationContext -- Try create bean 'zonedDateConfiguration' as early singleton: com.itranswarp.imported.ZonedDateConfiguration
13:29:35.841 [main] DEBUG c.g.c.AnnotationConfigApplicationContext -- Try create bean 'firstProxyBeanPostProcessor' as early singleton: com.itranswarp.scan.proxy.FirstProxyBeanPostProcessor
13:29:35.841 [main] DEBUG c.g.c.AnnotationConfigApplicationContext -- Try create bean 'secondProxyBeanPostProcessor' as early singleton: com.itranswarp.scan.proxy.SecondProxyBeanPostProcessor
13:29:35.841 [main] DEBUG c.g.c.AnnotationConfigApplicationContext -- Try create bean 'annotationDestroyBean' as early singleton: com.itranswarp.scan.destroy.AnnotationDestroyBean
13:29:35.841 [main] DEBUG c.g.c.AnnotationConfigApplicationContext -- Try create bean 'annotationInitBean' as early singleton: com.itranswarp.scan.init.AnnotationInitBean
13:29:35.841 [main] DEBUG c.g.c.AnnotationConfigApplicationContext -- Try create bean 'createSpecifyDestroyBean' as early singleton: com.itranswarp.scan.destroy.SpecifyDestroyBean
13:29:35.841 [main] DEBUG c.g.c.AnnotationConfigApplicationContext -- Try create bean 'createSpecifyInitBean' as early singleton: com.itranswarp.scan.init.SpecifyInitBean
13:29:35.841 [main] DEBUG c.g.c.AnnotationConfigApplicationContext -- Try create bean 'customAnnotation' as early singleton: com.itranswarp.scan.custom.annotation.CustomAnnotationBean
13:29:35.841 [main] DEBUG c.g.c.AnnotationConfigApplicationContext -- Try create bean 'husky' as early singleton: com.itranswarp.scan.primary.DogBean
13:29:35.841 [main] DEBUG c.g.c.AnnotationConfigApplicationContext -- Try create bean 'injectProxyOnConstructorBean' as early singleton: com.itranswarp.scan.proxy.InjectProxyOnConstructorBean
13:29:35.841 [main] DEBUG c.g.c.AnnotationConfigApplicationContext -- Try create bean 'originBean' as early singleton: com.itranswarp.scan.proxy.OriginBean
13:29:35.841 [main] DEBUG c.i.s.p.FirstProxyBeanPostProcessor -- create first proxy for bean 'originBean': com.itranswarp.scan.proxy.OriginBean@70d2e40b
13:29:35.841 [main] DEBUG c.g.c.AnnotationConfigApplicationContext -- Bean 'originBean' was replaced by post processor com.itranswarp.scan.proxy.FirstProxyBeanPostProcessor.
13:29:35.841 [main] DEBUG c.i.s.p.SecondProxyBeanPostProcessor -- create second proxy for bean 'originBean': com.itranswarp.scan.proxy.FirstProxyBean@120f38e6
13:29:35.841 [main] DEBUG c.g.c.AnnotationConfigApplicationContext -- Bean 'originBean' was replaced by post processor com.itranswarp.scan.proxy.SecondProxyBeanPostProcessor.
13:29:35.841 [main] DEBUG c.g.c.AnnotationConfigApplicationContext -- Try create bean 'injectProxyOnPropertyBean' as early singleton: com.itranswarp.scan.proxy.InjectProxyOnPropertyBean
13:29:35.841 [main] DEBUG c.g.c.AnnotationConfigApplicationContext -- Try create bean 'nestedBean' as early singleton: com.itranswarp.scan.nested.OuterBean$NestedBean
13:29:35.841 [main] DEBUG c.g.c.AnnotationConfigApplicationContext -- Try create bean 'outerBean' as early singleton: com.itranswarp.scan.nested.OuterBean
13:29:35.841 [main] DEBUG c.g.c.AnnotationConfigApplicationContext -- Try create bean 'startLocalDate' as early singleton: java.time.LocalDate
13:29:35.841 [main] DEBUG c.g.c.AnnotationConfigApplicationContext -- Try create bean 'startLocalDateTime' as early singleton: java.time.LocalDateTime
13:29:35.841 [main] DEBUG c.g.c.AnnotationConfigApplicationContext -- Try create bean 'startZonedDateTime' as early singleton: java.time.ZonedDateTime
13:29:35.841 [main] DEBUG c.g.c.AnnotationConfigApplicationContext -- Try create bean 'studentBean' as early singleton: com.itranswarp.scan.primary.StudentBean
13:29:35.841 [main] DEBUG c.g.c.AnnotationConfigApplicationContext -- Try create bean 'sub1Bean' as early singleton: com.itranswarp.scan.sub1.Sub1Bean
13:29:35.841 [main] DEBUG c.g.c.AnnotationConfigApplicationContext -- Try create bean 'sub2Bean' as early singleton: com.itranswarp.scan.sub1.sub2.Sub2Bean
13:29:35.841 [main] DEBUG c.g.c.AnnotationConfigApplicationContext -- Try create bean 'sub3Bean' as early singleton: com.itranswarp.scan.sub1.sub2.sub3.Sub3Bean
13:29:35.841 [main] DEBUG c.g.c.AnnotationConfigApplicationContext -- Try create bean 'teacherBean' as early singleton: com.itranswarp.scan.primary.TeacherBean
13:29:35.842 [main] DEBUG c.g.c.AnnotationConfigApplicationContext -- Try create bean 'teddy' as early singleton: com.itranswarp.scan.primary.DogBean
13:29:35.842 [main] DEBUG c.g.c.AnnotationConfigApplicationContext -- Try create bean 'valueConverterBean' as early singleton: com.itranswarp.scan.convert.ValueConverterBean
13:29:35.842 [main] DEBUG c.g.c.AnnotationConfigApplicationContext -- Field injection: com.itranswarp.scan.convert.ValueConverterBean.injectedBooleanPrimitive = true
13:29:35.842 [main] DEBUG c.g.c.AnnotationConfigApplicationContext -- Field injection: com.itranswarp.scan.convert.ValueConverterBean.injectedBoolean = true
13:29:35.842 [main] DEBUG c.g.c.AnnotationConfigApplicationContext -- Field injection: com.itranswarp.scan.convert.ValueConverterBean.injectedBytePrimitive = 123
13:29:35.842 [main] DEBUG c.g.c.AnnotationConfigApplicationContext -- Field injection: com.itranswarp.scan.convert.ValueConverterBean.injectedByte = 123
13:29:35.842 [main] DEBUG c.g.c.AnnotationConfigApplicationContext -- Field injection: com.itranswarp.scan.convert.ValueConverterBean.injectedShortPrimitive = 12345
13:29:35.842 [main] DEBUG c.g.c.AnnotationConfigApplicationContext -- Field injection: com.itranswarp.scan.convert.ValueConverterBean.injectedShort = 12345
13:29:35.842 [main] DEBUG c.g.c.AnnotationConfigApplicationContext -- Field injection: com.itranswarp.scan.convert.ValueConverterBean.injectedIntPrimitive = 1234567
13:29:35.842 [main] DEBUG c.g.c.AnnotationConfigApplicationContext -- Field injection: com.itranswarp.scan.convert.ValueConverterBean.injectedInteger = 1234567
13:29:35.842 [main] DEBUG c.g.c.AnnotationConfigApplicationContext -- Field injection: com.itranswarp.scan.convert.ValueConverterBean.injectedLongPrimitive = 123456789000
13:29:35.842 [main] DEBUG c.g.c.AnnotationConfigApplicationContext -- Field injection: com.itranswarp.scan.convert.ValueConverterBean.injectedLong = 123456789000
13:29:35.842 [main] DEBUG c.g.c.AnnotationConfigApplicationContext -- Field injection: com.itranswarp.scan.convert.ValueConverterBean.injectedFloatPrimitive = 12345.679
13:29:35.842 [main] DEBUG c.g.c.AnnotationConfigApplicationContext -- Field injection: com.itranswarp.scan.convert.ValueConverterBean.injectedFloat = 12345.679
13:29:35.842 [main] DEBUG c.g.c.AnnotationConfigApplicationContext -- Field injection: com.itranswarp.scan.convert.ValueConverterBean.injectedDoublePrimitive = 1.2345678987654321E8
13:29:35.842 [main] DEBUG c.g.c.AnnotationConfigApplicationContext -- Field injection: com.itranswarp.scan.convert.ValueConverterBean.injectedDouble = 1.2345678987654321E8
13:29:35.842 [main] DEBUG c.g.c.AnnotationConfigApplicationContext -- Field injection: com.itranswarp.scan.convert.ValueConverterBean.injectedLocalDate = 2023-03-29
13:29:35.842 [main] DEBUG c.g.c.AnnotationConfigApplicationContext -- Field injection: com.itranswarp.scan.convert.ValueConverterBean.injectedLocalTime = 20:45:01
13:29:35.842 [main] DEBUG c.g.c.AnnotationConfigApplicationContext -- Field injection: com.itranswarp.scan.convert.ValueConverterBean.injectedLocalDateTime = 2023-03-29T20:45:01
13:29:35.842 [main] DEBUG c.g.c.AnnotationConfigApplicationContext -- Field injection: com.itranswarp.scan.convert.ValueConverterBean.injectedZonedDateTime = 2023-03-29T20:45:01+08:00[Asia/Shanghai]
13:29:35.842 [main] DEBUG c.g.c.AnnotationConfigApplicationContext -- Field injection: com.itranswarp.scan.convert.ValueConverterBean.injectedDuration = PT51H4M
13:29:35.843 [main] DEBUG c.g.c.AnnotationConfigApplicationContext -- Field injection: com.itranswarp.scan.convert.ValueConverterBean.injectedZoneId = Asia/Shanghai
13:29:35.843 [main] DEBUG c.g.c.AnnotationConfigApplicationContext -- Field injection: com.itranswarp.scan.proxy.InjectProxyOnPropertyBean.injected = com.itranswarp.scan.proxy.SecondProxyBean@7a0e1b5e
13:29:35.843 [main] DEBUG c.i.s.p.SecondProxyBeanPostProcessor -- auto set property for originBean from second proxy com.itranswarp.scan.proxy.SecondProxyBean@7a0e1b5e to origin bean: com.itranswarp.scan.proxy.FirstProxyBean@120f38e6
13:29:35.843 [main] DEBUG c.g.c.AnnotationConfigApplicationContext -- BeanPostProcessor SecondProxyBeanPostProcessor specified injection from SecondProxyBean to FirstProxyBean.
13:29:35.843 [main] DEBUG c.i.s.p.FirstProxyBeanPostProcessor -- auto set property for originBean from first proxy com.itranswarp.scan.proxy.FirstProxyBean@120f38e6 to origin bean: com.itranswarp.scan.proxy.OriginBean@70d2e40b
13:29:35.843 [main] DEBUG c.g.c.AnnotationConfigApplicationContext -- BeanPostProcessor FirstProxyBeanPostProcessor specified injection from FirstProxyBean to OriginBean.
13:29:35.843 [main] DEBUG c.g.c.AnnotationConfigApplicationContext -- Field injection: com.itranswarp.scan.proxy.OriginBean.name = Scan App
13:29:35.843 [main] DEBUG c.g.c.AnnotationConfigApplicationContext -- Method injection: com.itranswarp.scan.proxy.OriginBean.setVersion (v1.0)
13:29:35.843 [main] DEBUG c.g.c.AnnotationConfigApplicationContext -- Field injection: com.itranswarp.scan.destroy.AnnotationDestroyBean.appTitle = Scan App
13:29:35.843 [main] DEBUG c.g.c.AnnotationConfigApplicationContext -- Field injection: com.itranswarp.scan.init.AnnotationInitBean.appTitle = Scan App
13:29:35.843 [main] DEBUG c.g.c.AnnotationConfigApplicationContext -- Field injection: com.itranswarp.scan.init.AnnotationInitBean.appVersion = v1.0
13:29:35.843 [main] DEBUG c.i.s.p.SecondProxyBeanPostProcessor -- auto set property for originBean from second proxy com.itranswarp.scan.proxy.SecondProxyBean@7a0e1b5e to origin bean: com.itranswarp.scan.proxy.FirstProxyBean@120f38e6
13:29:35.843 [main] DEBUG c.g.c.AnnotationConfigApplicationContext -- BeanPostProcessor SecondProxyBeanPostProcessor specified injection from SecondProxyBean to FirstProxyBean.
13:29:35.843 [main] DEBUG c.i.s.p.FirstProxyBeanPostProcessor -- auto set property for originBean from first proxy com.itranswarp.scan.proxy.FirstProxyBean@120f38e6 to origin bean: com.itranswarp.scan.proxy.OriginBean@70d2e40b
13:29:35.843 [main] DEBUG c.g.c.AnnotationConfigApplicationContext -- BeanPostProcessor FirstProxyBeanPostProcessor specified injection from FirstProxyBean to OriginBean.
13:29:35.843 [main] DEBUG c.g.c.AnnotationConfigApplicationContext -- bean initialized: BeanDefinition [name=firstProxyBeanPostProcessor, beanClass=com.itranswarp.scan.proxy.FirstProxyBeanPostProcessor, factory=null, init-method=null, destroy-method=null, primary=false, instance=com.itranswarp.scan.proxy.FirstProxyBeanPostProcessor@702ed190]
13:29:35.843 [main] DEBUG c.g.c.AnnotationConfigApplicationContext -- bean initialized: BeanDefinition [name=secondProxyBeanPostProcessor, beanClass=com.itranswarp.scan.proxy.SecondProxyBeanPostProcessor, factory=null, init-method=null, destroy-method=null, primary=false, instance=com.itranswarp.scan.proxy.SecondProxyBeanPostProcessor@173b9122]
13:29:35.843 [main] DEBUG c.g.c.AnnotationConfigApplicationContext -- bean initialized: BeanDefinition [name=annotationDestroyBean, beanClass=com.itranswarp.scan.destroy.AnnotationDestroyBean, factory=null, init-method=null, destroy-method=destroy, primary=false, instance=com.itranswarp.scan.destroy.AnnotationDestroyBean@7c18432b]
13:29:35.843 [main] DEBUG c.g.c.AnnotationConfigApplicationContext -- bean initialized: BeanDefinition [name=annotationInitBean, beanClass=com.itranswarp.scan.init.AnnotationInitBean, factory=null, init-method=init, destroy-method=null, primary=false, instance=com.itranswarp.scan.init.AnnotationInitBean@7646731d]
13:29:35.843 [main] DEBUG c.g.c.AnnotationConfigApplicationContext -- bean initialized: BeanDefinition [name=createSpecifyDestroyBean, beanClass=com.itranswarp.scan.destroy.SpecifyDestroyBean, factory=SpecifyDestroyConfiguration.createSpecifyDestroyBean(String), init-method=null, destroy-method=null, primary=false, instance=com.itranswarp.scan.destroy.SpecifyDestroyBean@70e29e14]
13:29:35.843 [main] DEBUG c.g.c.AnnotationConfigApplicationContext -- bean initialized: BeanDefinition [name=createSpecifyInitBean, beanClass=com.itranswarp.scan.init.SpecifyInitBean, factory=SpecifyInitConfiguration.createSpecifyInitBean(String, String), init-method=null, destroy-method=null, primary=false, instance=com.itranswarp.scan.init.SpecifyInitBean@3b1bb3ab]
13:29:35.843 [main] DEBUG c.g.c.AnnotationConfigApplicationContext -- bean initialized: BeanDefinition [name=customAnnotation, beanClass=com.itranswarp.scan.custom.annotation.CustomAnnotationBean, factory=null, init-method=null, destroy-method=null, primary=false, instance=com.itranswarp.scan.custom.annotation.CustomAnnotationBean@5a4bef8]
13:29:35.843 [main] DEBUG c.g.c.AnnotationConfigApplicationContext -- bean initialized: BeanDefinition [name=husky, beanClass=com.itranswarp.scan.primary.DogBean, factory=PrimaryConfiguration.husky(), init-method=null, destroy-method=null, primary=true, instance=com.itranswarp.scan.primary.DogBean@40bffbca]
13:29:35.843 [main] DEBUG c.g.c.AnnotationConfigApplicationContext -- bean initialized: BeanDefinition [name=injectProxyOnConstructorBean, beanClass=com.itranswarp.scan.proxy.InjectProxyOnConstructorBean, factory=null, init-method=null, destroy-method=null, primary=false, instance=com.itranswarp.scan.proxy.InjectProxyOnConstructorBean@2449cff7]
13:29:35.843 [main] DEBUG c.g.c.AnnotationConfigApplicationContext -- bean initialized: BeanDefinition [name=injectProxyOnPropertyBean, beanClass=com.itranswarp.scan.proxy.InjectProxyOnPropertyBean, factory=null, init-method=null, destroy-method=null, primary=false, instance=com.itranswarp.scan.proxy.InjectProxyOnPropertyBean@42a9a63e]
13:29:35.843 [main] DEBUG c.g.c.AnnotationConfigApplicationContext -- bean initialized: BeanDefinition [name=localDateConfiguration, beanClass=com.itranswarp.imported.LocalDateConfiguration, factory=null, init-method=null, destroy-method=null, primary=false, instance=com.itranswarp.imported.LocalDateConfiguration@62da83ed]
13:29:35.843 [main] DEBUG c.g.c.AnnotationConfigApplicationContext -- bean initialized: BeanDefinition [name=nestedBean, beanClass=com.itranswarp.scan.nested.OuterBean$NestedBean, factory=null, init-method=null, destroy-method=null, primary=false, instance=com.itranswarp.scan.nested.OuterBean$NestedBean@5d8445d7]
13:29:35.843 [main] DEBUG c.g.c.AnnotationConfigApplicationContext -- bean initialized: BeanDefinition [name=originBean, beanClass=com.itranswarp.scan.proxy.OriginBean, factory=null, init-method=null, destroy-method=null, primary=false, instance=com.itranswarp.scan.proxy.SecondProxyBean@7a0e1b5e]
13:29:35.843 [main] DEBUG c.g.c.AnnotationConfigApplicationContext -- bean initialized: BeanDefinition [name=outerBean, beanClass=com.itranswarp.scan.nested.OuterBean, factory=null, init-method=null, destroy-method=null, primary=false, instance=com.itranswarp.scan.nested.OuterBean@37d80fe7]
13:29:35.843 [main] DEBUG c.g.c.AnnotationConfigApplicationContext -- bean initialized: BeanDefinition [name=primaryConfiguration, beanClass=com.itranswarp.scan.primary.PrimaryConfiguration, factory=null, init-method=null, destroy-method=null, primary=false, instance=com.itranswarp.scan.primary.PrimaryConfiguration@384fc774]
13:29:35.843 [main] DEBUG c.g.c.AnnotationConfigApplicationContext -- bean initialized: BeanDefinition [name=specifyDestroyConfiguration, beanClass=com.itranswarp.scan.destroy.SpecifyDestroyConfiguration, factory=null, init-method=null, destroy-method=null, primary=false, instance=com.itranswarp.scan.destroy.SpecifyDestroyConfiguration@e3cee7b]
13:29:35.843 [main] DEBUG c.g.c.AnnotationConfigApplicationContext -- bean initialized: BeanDefinition [name=specifyInitConfiguration, beanClass=com.itranswarp.scan.init.SpecifyInitConfiguration, factory=null, init-method=null, destroy-method=null, primary=false, instance=com.itranswarp.scan.init.SpecifyInitConfiguration@71e9a896]
13:29:35.843 [main] DEBUG c.g.c.AnnotationConfigApplicationContext -- bean initialized: BeanDefinition [name=startLocalDate, beanClass=java.time.LocalDate, factory=LocalDateConfiguration.startLocalDate(), init-method=null, destroy-method=null, primary=false, instance=2023-08-17]
13:29:35.843 [main] DEBUG c.g.c.AnnotationConfigApplicationContext -- bean initialized: BeanDefinition [name=startLocalDateTime, beanClass=java.time.LocalDateTime, factory=LocalDateConfiguration.startLocalDateTime(), init-method=null, destroy-method=null, primary=false, instance=2023-08-17T13:29:35.841661200]
13:29:35.843 [main] DEBUG c.g.c.AnnotationConfigApplicationContext -- bean initialized: BeanDefinition [name=startZonedDateTime, beanClass=java.time.ZonedDateTime, factory=ZonedDateConfiguration.startZonedDateTime(), init-method=null, destroy-method=null, primary=false, instance=2023-08-17T13:29:35.841661200+08:00[Asia/Shanghai]]
13:29:35.844 [main] DEBUG c.g.c.AnnotationConfigApplicationContext -- bean initialized: BeanDefinition [name=studentBean, beanClass=com.itranswarp.scan.primary.StudentBean, factory=null, init-method=null, destroy-method=null, primary=false, instance=com.itranswarp.scan.primary.StudentBean@6b9267b]
13:29:35.844 [main] DEBUG c.g.c.AnnotationConfigApplicationContext -- bean initialized: BeanDefinition [name=sub1Bean, beanClass=com.itranswarp.scan.sub1.Sub1Bean, factory=null, init-method=null, destroy-method=null, primary=false, instance=com.itranswarp.scan.sub1.Sub1Bean@408b35bf]
13:29:35.844 [main] DEBUG c.g.c.AnnotationConfigApplicationContext -- bean initialized: BeanDefinition [name=sub2Bean, beanClass=com.itranswarp.scan.sub1.sub2.Sub2Bean, factory=null, init-method=null, destroy-method=null, primary=false, instance=com.itranswarp.scan.sub1.sub2.Sub2Bean@29ad44e3]
13:29:35.844 [main] DEBUG c.g.c.AnnotationConfigApplicationContext -- bean initialized: BeanDefinition [name=sub3Bean, beanClass=com.itranswarp.scan.sub1.sub2.sub3.Sub3Bean, factory=null, init-method=null, destroy-method=null, primary=false, instance=com.itranswarp.scan.sub1.sub2.sub3.Sub3Bean@15bcf458]
13:29:35.844 [main] DEBUG c.g.c.AnnotationConfigApplicationContext -- bean initialized: BeanDefinition [name=teacherBean, beanClass=com.itranswarp.scan.primary.TeacherBean, factory=null, init-method=null, destroy-method=null, primary=true, instance=com.itranswarp.scan.primary.TeacherBean@5af9926a]
13:29:35.844 [main] DEBUG c.g.c.AnnotationConfigApplicationContext -- bean initialized: BeanDefinition [name=teddy, beanClass=com.itranswarp.scan.primary.DogBean, factory=PrimaryConfiguration.teddy(), init-method=null, destroy-method=null, primary=false, instance=com.itranswarp.scan.primary.DogBean@43c67247]
13:29:35.844 [main] DEBUG c.g.c.AnnotationConfigApplicationContext -- bean initialized: BeanDefinition [name=valueConverterBean, beanClass=com.itranswarp.scan.convert.ValueConverterBean, factory=null, init-method=null, destroy-method=null, primary=false, instance=com.itranswarp.scan.convert.ValueConverterBean@fac80]
13:29:35.844 [main] DEBUG c.g.c.AnnotationConfigApplicationContext -- bean initialized: BeanDefinition [name=zonedDateConfiguration, beanClass=com.itranswarp.imported.ZonedDateConfiguration, factory=null, init-method=null, destroy-method=null, primary=false, instance=com.itranswarp.imported.ZonedDateConfiguration@726386ed]
]]></system-out>
  </testcase>
</testsuite>