<?xml version="1.0" encoding="UTF-8"?>
<testsuite xmlns:xsi="http://www.w3.org/2001/XMLSchema-instance" xsi:noNamespaceSchemaLocation="https://maven.apache.org/surefire/maven-surefire-plugin/xsd/surefire-test-report-3.0.xsd" version="3.0" name="com.itranswarp.summer.aop.before.BeforeProxyTest" time="0.032" tests="1" errors="0" skipped="0" failures="0">
  <properties>
[...]
</properties>
  <testcase name="testBeforeProxy" classname="com.itranswarp.summer.aop.before.BeforeProxyTest" time="0.03">
    <system-out><![CDATA[13:29:35.417 [main] DEBUG com.gaoda.io.PropertyResolver -- PropertyResolver: =:: = ::\
13:29:35.418 [main] DEBUG com.gaoda.io.PropertyResolver -- PropertyResolver: =D: = D:\Codes\Projects\summer\summer_framework\Summer_Framework
13:29:35.418 [main] DEBUG com.gaoda.io.PropertyResolver -- PropertyResolver: ALLUSERSPROFILE = C:\ProgramData
13:29:35.418 [main] DEBUG com.gaoda.io.PropertyResolver -- PropertyResolver: APPDATA = C:\Users\Gundam\AppData\Roaming
13:29:35.418 [main] DEBUG com.gaoda.io.PropertyResolver -- PropertyResolver: CLASSPATH = .;D:\Code\jdk-18\lib;D:\Code\jdk-18\lib\tools.jar
13:29:35.418 [main] DEBUG com.gaoda.io.PropertyResolver -- PropertyResolver: COMMONPROGRAMFILES = C:\Program Files\Common Files
13:29:35.418 [main] DEBUG com.gaoda.io.PropertyResolver -- PropertyResolver: COMMONPROGRAMFILES(X86) = C:\Program Files (x86)\Common Files
13:29:35.418 [main] DEBUG com.gaoda.io.PropertyResolver -- PropertyResolver: COMMONPROGRAMW6432 = C:\Program Files\Common Files
13:29:35.418 [main] DEBUG com.gaoda.io.PropertyResolver -- PropertyResolver: COMPUTERNAME = DESKTOP-HR12F04
13:29:35.418 [main] DEBUG com.gaoda.io.PropertyResolver -- PropertyResolver: COMSPEC = C:\Windows\system32\cmd.exe
13:29:35.418 [main] DEBUG com.gaoda.io.PropertyResolver -- PropertyResolver: DRIVERDATA = C:\Windows\System32\Drivers\DriverData
13:29:35.418 [main] DEBUG com.gaoda.io.PropertyResolver -- PropertyResolver: FPS_BROWSER_APP_PROFILE_STRING = Internet Explorer
13:29:35.418 [main] DEBUG com.gaoda.io.PropertyResolver -- PropertyResolver: FPS_BROWSER_USER_PROFILE_STRING = Default
13:29:35.418 [main] DEBUG com.gaoda.io.PropertyResolver -- PropertyResolver: HOMEDRIVE = C:
13:29:35.418 [main] DEBUG com.gaoda.io.PropertyResolver -- PropertyResolver: HOMEPATH = \Users\Gundam
13:29:35.418 [main] DEBUG com.gaoda.io.PropertyResolver -- PropertyResolver: IDEA_INITIAL_DIRECTORY = D:\Applications1\code\idea\IntelliJ IDEA 2022.2.1\bin
13:29:35.418 [main] DEBUG com.gaoda.io.PropertyResolver -- PropertyResolver: INTELLIJ IDEA = D:\Applications1\code\idea\IntelliJ IDEA 2022.2.1\bin;
13:29:35.418 [main] DEBUG com.gaoda.io.PropertyResolver -- PropertyResolver: JAVA18_HOME = D:\Code\jdk-18
13:29:35.418 [main] DEBUG com.gaoda.io.PropertyResolver -- PropertyResolver: JAVA8_HOME = D:\Code\jdk-8
13:29:35.418 [main] DEBUG com.gaoda.io.PropertyResolver -- PropertyResolver: JAVA_HOME = D:\Code\jdk-18
13:29:35.418 [main] DEBUG com.gaoda.io.PropertyResolver -- PropertyResolver: LOCALAPPDATA = C:\Users\Gundam\AppData\Local
13:29:35.418 [main] DEBUG com.gaoda.io.PropertyResolver -- PropertyResolver: LOGONSERVER = \\DESKTOP-HR12F04
13:29:35.418 [main] DEBUG com.gaoda.io.PropertyResolver -- PropertyResolver: MAVEN_HOME = D:\Code\Maven\apache-maven-3.8.6
13:29:35.418 [main] DEBUG com.gaoda.io.PropertyResolver -- PropertyResolver: NLS_LANG = SIMPLIFIED CHINESE_CHINA.ZHS16GBK
13:29:35.418 [main] DEBUG com.gaoda.io.PropertyResolver -- PropertyResolver: NUMBER_OF_PROCESSORS = 16
13:29:35.419 [main] DEBUG com.gaoda.io.PropertyResolver -- PropertyResolver: ONEDRIVE = C:\Users\Gundam\OneDrive
13:29:35.419 [main] DEBUG com.gaoda.io.PropertyResolver -- PropertyResolver: OPENSSL_IA32CAP = ~0x200000200000000
13:29:35.419 [main] DEBUG com.gaoda.io.PropertyResolver -- PropertyResolver: ORACLE_HOME = D:\Code\oracle\Ora10InstantClient
13:29:35.419 [main] DEBUG com.gaoda.io.PropertyResolver -- PropertyResolver: OS = Windows_NT
13:29:35.419 [main] DEBUG com.gaoda.io.PropertyResolver -- PropertyResolver: PATH = C:\Windows;D:\Code\jdk-18\bin;D:\Code\jdk-18\jre\bin;C:\Program Files\Common Files\Oracle\Java\javapath;C:\Windows\system32;C:\Windows\System32\Wbem;C:\Windows\System32\WindowsPowerShell\v1.0\;C:\Windows\System32\OpenSSH\;D:\Applications1\computer\Bandizip\;C:\Program Files\NVIDIA Corporation\NVIDIA NvDLISR;C:\Program Files (x86)\NVIDIA Corporation\PhysX\Common;D:\Code\jdk-18;D:\Code\oracle\Ora10InstantClient;D:\Applications1\code\MySQL\bin;D:\Code\Maven\apache-maven-3.8.6\bin;D:\Code\Node.js\;D:\Applications1\code\Git\cmd;D:\Applications1\code\微信web开发者工具\dll;C:\Program Files\TortoiseGit\bin;C:\Program Files\Asiainfo Security\AisEsmAgent\atom_plugins\base_plugin;C:\Users\Gundam\AppData\Local\Programs\Python\Python311\Scripts\;C:\Users\Gundam\AppData\Local\Programs\Python\Python311\;C:\Users\Gundam\AppData\Local\Microsoft\WindowsApps;D:\Applications1\code\idea\IntelliJ IDEA 2022.2.1\bin;;D:\Applications1\code\vscode\Microsoft VS Code\bin;C:\Users\Gundam\AppData\Roaming\npm;D:\Applications1\code\webstorm\WebStorm 2022.3.2\bin;;D:\Applications1\play\QQgame\Hall.57975\
13:29:35.419 [main] DEBUG com.gaoda.io.PropertyResolver -- PropertyResolver: PATHEXT = .COM;.EXE;.BAT;.CMD;.VBS;.VBE;.JS;.JSE;.WSF;.WSH;.MSC
13:29:35.419 [main] DEBUG com.gaoda.io.PropertyResolver -- PropertyResolver: PROCESSOR_ARCHITECTURE = AMD64
13:29:35.419 [main] DEBUG com.gaoda.io.PropertyResolver -- PropertyResolver: PROCESSOR_IDENTIFIER = AMD64 Family 23 Model 96 Stepping 1, AuthenticAMD
13:29:35.419 [main] DEBUG com.gaoda.io.PropertyResolver -- PropertyResolver: PROCESSOR_LEVEL = 23
13:29:35.419 [main] DEBUG com.gaoda.io.PropertyResolver -- PropertyResolver: PROCESSOR_REVISION = 6001
13:29:35.419 [main] DEBUG com.gaoda.io.PropertyResolver -- PropertyResolver: PROGRAMDATA = C:\ProgramData
13:29:35.419 [main] DEBUG com.gaoda.io.PropertyResolver -- PropertyResolver: PROGRAMFILES = C:\Program Files
13:29:35.419 [main] DEBUG com.gaoda.io.PropertyResolver -- PropertyResolver: PROGRAMFILES(X86) = C:\Program Files (x86)
13:29:35.419 [main] DEBUG com.gaoda.io.PropertyResolver -- PropertyResolver: PROGRAMW6432 = C:\Program Files
13:29:35.419 [main] DEBUG com.gaoda.io.PropertyResolver -- PropertyResolver: PROMPT = $P$G
13:29:35.419 [main] DEBUG com.gaoda.io.PropertyResolver -- PropertyResolver: PSMODULEPATH = C:\Program Files\WindowsPowerShell\Modules;C:\Windows\system32\WindowsPowerShell\v1.0\Modules
13:29:35.419 [main] DEBUG com.gaoda.io.PropertyResolver -- PropertyResolver: PUBLIC = C:\Users\Public
13:29:35.419 [main] DEBUG com.gaoda.io.PropertyResolver -- PropertyResolver: SESSIONNAME = Console
13:29:35.419 [main] DEBUG com.gaoda.io.PropertyResolver -- PropertyResolver: SYSTEMDRIVE = C:
13:29:35.419 [main] DEBUG com.gaoda.io.PropertyResolver -- PropertyResolver: SYSTEMROOT = C:\Windows
13:29:35.420 [main] DEBUG com.gaoda.io.PropertyResolver -- PropertyResolver: TEMP = C:\Users\Gundam\AppData\Local\Temp
13:29:35.420 [main] DEBUG com.gaoda.io.PropertyResolver -- PropertyResolver: TMP = C:\Users\Gundam\AppData\Local\Temp
13:29:35.420 [main] DEBUG com.gaoda.io.PropertyResolver -- PropertyResolver: TNS_ADMIN = D:\Code\oracle\Ora10InstantClient
13:29:35.420 [main] DEBUG com.gaoda.io.PropertyResolver -- PropertyResolver: USERDOMAIN = DESKTOP-HR12F04
13:29:35.420 [main] DEBUG com.gaoda.io.PropertyResolver -- PropertyResolver: USERDOMAIN_ROAMINGPROFILE = DESKTOP-HR12F04
13:29:35.420 [main] DEBUG com.gaoda.io.PropertyResolver -- PropertyResolver: USERNAME = Gundam
13:29:35.420 [main] DEBUG com.gaoda.io.PropertyResolver -- PropertyResolver: USERPROFILE = C:\Users\Gundam
13:29:35.420 [main] DEBUG com.gaoda.io.PropertyResolver -- PropertyResolver: WEBSTORM = D:\Applications1\code\webstorm\WebStorm 2022.3.2\bin;
13:29:35.420 [main] DEBUG com.gaoda.io.PropertyResolver -- PropertyResolver: WINDIR = C:\Windows
13:29:35.420 [main] INFO  c.g.c.AnnotationConfigApplicationContext -- component scan in packages: [com.itranswarp.summer.aop.before]
13:29:35.420 [main] DEBUG c.g.c.AnnotationConfigApplicationContext -- scan package: com.itranswarp.summer.aop.before
13:29:35.420 [main] DEBUG com.gaoda.io.ResourceResolver -- scan path: com/itranswarp/summer/aop/before
13:29:35.422 [main] DEBUG com.gaoda.io.ResourceResolver -- found resource: Resource[path=file:D:\Codes\Projects\summer\summer_framework\Summer_Framework\target\test-classes\com\itranswarp\summer\aop\before\BeforeApplication.class, name=com\itranswarp\summer\aop\before\BeforeApplication.class]
13:29:35.423 [main] DEBUG com.gaoda.io.ResourceResolver -- found resource: Resource[path=file:D:\Codes\Projects\summer\summer_framework\Summer_Framework\target\test-classes\com\itranswarp\summer\aop\before\BeforeProxyTest.class, name=com\itranswarp\summer\aop\before\BeforeProxyTest.class]
13:29:35.424 [main] DEBUG com.gaoda.io.ResourceResolver -- found resource: Resource[path=file:D:\Codes\Projects\summer\summer_framework\Summer_Framework\target\test-classes\com\itranswarp\summer\aop\before\BusinessBean.class, name=com\itranswarp\summer\aop\before\BusinessBean.class]
13:29:35.425 [main] DEBUG com.gaoda.io.ResourceResolver -- found resource: Resource[path=file:D:\Codes\Projects\summer\summer_framework\Summer_Framework\target\test-classes\com\itranswarp\summer\aop\before\LogInvocationHandler.class, name=com\itranswarp\summer\aop\before\LogInvocationHandler.class]
13:29:35.425 [main] DEBUG c.g.c.AnnotationConfigApplicationContext -- class found by component scan: com.itranswarp.summer.aop.before.BeforeApplication
13:29:35.425 [main] DEBUG c.g.c.AnnotationConfigApplicationContext -- class found by component scan: com.itranswarp.summer.aop.before.BeforeProxyTest
13:29:35.425 [main] DEBUG c.g.c.AnnotationConfigApplicationContext -- class found by component scan: com.itranswarp.summer.aop.before.BusinessBean
13:29:35.425 [main] DEBUG c.g.c.AnnotationConfigApplicationContext -- class found by component scan: com.itranswarp.summer.aop.before.LogInvocationHandler
13:29:35.427 [main] DEBUG c.g.c.AnnotationConfigApplicationContext -- found component: com.itranswarp.summer.aop.before.BusinessBean
13:29:35.428 [main] DEBUG c.g.c.AnnotationConfigApplicationContext -- define bean: BeanDefinition [name=businessBean, beanClass=com.itranswarp.summer.aop.before.BusinessBean, factory=null, init-method=null, destroy-method=null, primary=false, instance=null]
13:29:35.428 [main] DEBUG c.g.c.AnnotationConfigApplicationContext -- found component: com.itranswarp.summer.aop.before.BeforeApplication
13:29:35.428 [main] DEBUG c.g.c.AnnotationConfigApplicationContext -- define bean: BeanDefinition [name=beforeApplication, beanClass=com.itranswarp.summer.aop.before.BeforeApplication, factory=null, init-method=null, destroy-method=null, primary=false, instance=null]
13:29:35.428 [main] DEBUG c.g.c.AnnotationConfigApplicationContext -- define bean: BeanDefinition [name=createAroundProxyBeanPostProcessor, beanClass=com.gaoda.aop.AroundProxyBeanPostProcessor, factory=BeforeApplication.createAroundProxyBeanPostProcessor(), init-method=null, destroy-method=null, primary=false, instance=null]
13:29:35.432 [main] DEBUG c.g.c.AnnotationConfigApplicationContext -- found component: com.itranswarp.summer.aop.before.LogInvocationHandler
13:29:35.433 [main] DEBUG c.g.c.AnnotationConfigApplicationContext -- define bean: BeanDefinition [name=logInvocationHandler, beanClass=com.itranswarp.summer.aop.before.LogInvocationHandler, factory=null, init-method=null, destroy-method=null, primary=false, instance=null]
13:29:35.433 [main] DEBUG c.g.c.AnnotationConfigApplicationContext -- Try create bean 'beforeApplication' as early singleton: com.itranswarp.summer.aop.before.BeforeApplication
13:29:35.434 [main] DEBUG c.g.c.AnnotationConfigApplicationContext -- Try create bean 'createAroundProxyBeanPostProcessor' as early singleton: com.gaoda.aop.AroundProxyBeanPostProcessor
13:29:35.434 [main] DEBUG c.g.c.AnnotationConfigApplicationContext -- Try create bean 'businessBean' as early singleton: com.itranswarp.summer.aop.before.BusinessBean
13:29:35.434 [main] DEBUG c.g.c.AnnotationConfigApplicationContext -- Try create bean 'logInvocationHandler' as early singleton: com.itranswarp.summer.aop.before.LogInvocationHandler
13:29:35.434 [main] DEBUG com.gaoda.aop.ProxyResolver -- create proxy for bean com.itranswarp.summer.aop.before.BusinessBean @62dae245
13:29:35.441 [main] DEBUG c.g.c.AnnotationConfigApplicationContext -- Bean 'businessBean' was replaced by post processor com.gaoda.aop.AroundProxyBeanPostProcessor.
13:29:35.442 [main] DEBUG c.g.c.AnnotationConfigApplicationContext -- BeanPostProcessor AroundProxyBeanPostProcessor specified injection from BusinessBean$ByteBuddy$oUUccqGD to BusinessBean.
13:29:35.442 [main] DEBUG c.g.c.AnnotationConfigApplicationContext -- BeanPostProcessor AroundProxyBeanPostProcessor specified injection from BusinessBean$ByteBuddy$oUUccqGD to BusinessBean.
13:29:35.442 [main] DEBUG c.g.c.AnnotationConfigApplicationContext -- bean initialized: BeanDefinition [name=beforeApplication, beanClass=com.itranswarp.summer.aop.before.BeforeApplication, factory=null, init-method=null, destroy-method=null, primary=false, instance=com.itranswarp.summer.aop.before.BeforeApplication@591e58fa]
13:29:35.442 [main] DEBUG c.g.c.AnnotationConfigApplicationContext -- bean initialized: BeanDefinition [name=businessBean, beanClass=com.itranswarp.summer.aop.before.BusinessBean, factory=null, init-method=null, destroy-method=null, primary=false, instance=com.itranswarp.summer.aop.before.BusinessBean@62dae245]
13:29:35.442 [main] DEBUG c.g.c.AnnotationConfigApplicationContext -- bean initialized: BeanDefinition [name=createAroundProxyBeanPostProcessor, beanClass=com.gaoda.aop.AroundProxyBeanPostProcessor, factory=BeforeApplication.createAroundProxyBeanPostProcessor(), init-method=null, destroy-method=null, primary=false, instance=com.gaoda.aop.AroundProxyBeanPostProcessor@3954d008]
13:29:35.442 [main] DEBUG c.g.c.AnnotationConfigApplicationContext -- bean initialized: BeanDefinition [name=logInvocationHandler, beanClass=com.itranswarp.summer.aop.before.LogInvocationHandler, factory=null, init-method=null, destroy-method=null, primary=false, instance=com.itranswarp.summer.aop.before.LogInvocationHandler@2f94c4db]
13:29:35.442 [main] INFO  c.i.s.a.before.LogInvocationHandler -- [Before] hello()
13:29:35.443 [main] INFO  c.i.summer.aop.before.BusinessBean -- Hello, Bob.
13:29:35.443 [main] INFO  c.i.s.a.before.LogInvocationHandler -- [Before] morning()
13:29:35.443 [main] INFO  c.i.summer.aop.before.BusinessBean -- Morning, Alice.
13:29:35.443 [main] INFO  c.g.c.AnnotationConfigApplicationContext -- Closing com.gaoda.context.AnnotationConfigApplicationContext...
13:29:35.444 [main] DEBUG c.g.c.AnnotationConfigApplicationContext -- BeanPostProcessor AroundProxyBeanPostProcessor specified injection from BusinessBean$ByteBuddy$oUUccqGD to BusinessBean.
13:29:35.444 [main] INFO  c.g.c.AnnotationConfigApplicationContext -- com.gaoda.context.AnnotationConfigApplicationContext closed.
]]></system-out>
  </testcase>
</testsuite>